{"meta": {"format": 3, "version": "7.13.3", "timestamp": "2026-02-06T09:02:48.624137", "branch_coverage": false, "show_contexts": false}, "files": {"apps/meeseeks_api/src/meeseeks_api/__init__.py": {"executed_lines": [], "summary": {"covered_lines": 0, "num_statements": 0, "percent_covered": 100.0, "percent_covered_display": "100", "missing_lines": 0, "excluded_lines": 0, "percent_statements_covered": 100.0, "percent_statements_covered_display": "100"}, "missing_lines": [], "excluded_lines": [], "functions": {"": {"executed_lines": [], "summary": {"covered_lines": 0, "num_statements": 0, "percent_covered": 100.0, "percent_covered_display": "100", "missing_lines": 0, "excluded_lines": 0, "percent_statements_covered": 100.0, "percent_statements_covered_display": "100"}, "missing_lines": [], "excluded_lines": [], "start_line": 1}}, "classes": {"": {"executed_lines": [], "summary": {"covered_lines": 0, "num_statements": 0, "percent_covered": 100.0, "percent_covered_display": "100", "missing_lines": 0, "excluded_lines": 0, "percent_statements_covered": 100.0, "percent_statements_covered_display": "100"}, "missing_lines": [], "excluded_lines": [], "start_line": 1}}}, "apps/meeseeks_api/src/meeseeks_api/backend.py": {"executed_lines": [11, 14, 15, 16, 17, 18, 19, 20, 21, 24, 27, 29, 30, 32, 33, 38, 39, 41, 42, 44, 55, 58, 93, 94, 96, 97, 98, 101, 102, 105, 106, 117, 118, 119, 120, 127, 130, 131, 132, 137, 138, 139, 140, 141, 142, 143, 145, 146, 147, 148, 149, 150, 151, 152, 153, 154, 156, 159, 166, 167, 168, 170, 171, 172, 175, 180], "summary": {"covered_lines": 66, "num_statements": 71, "percent_covered": 92.95774647887323, "percent_covered_display": "93", "missing_lines": 5, "excluded_lines": 0, "percent_statements_covered": 92.95774647887323, "percent_statements_covered_display": "93"}, "missing_lines": [34, 133, 134, 177, 181], "excluded_lines": [], "functions": {"log_request_info": {"executed_lines": [96, 97, 98], "summary": {"covered_lines": 3, "num_statements": 3, "percent_covered": 100.0, "percent_covered_display": "100", "missing_lines": 0, "excluded_lines": 0, "percent_statements_covered": 100.0, "percent_statements_covered_display": "100"}, "missing_lines": [], "excluded_lines": [], "start_line": 94}, "MeeseeksQuery.post": {"executed_lines": [127, 130, 131, 132, 137, 138, 139, 140, 141, 142, 143, 145, 146, 147, 148, 149, 150, 151, 152, 153, 154, 156, 159, 166, 167, 168, 170, 171, 172], "summary": {"covered_lines": 29, "num_statements": 31, "percent_covered": 93.54838709677419, "percent_covered_display": "94", "missing_lines": 2, "excluded_lines": 0, "percent_statements_covered": 93.54838709677419, "percent_statements_covered_display": "94"}, "missing_lines": [133, 134], "excluded_lines": [], "start_line": 120}, "main": {"executed_lines": [], "summary": {"covered_lines": 0, "num_statements": 1, "percent_covered": 0.0, "percent_covered_display": "0", "missing_lines": 1, "excluded_lines": 0, "percent_statements_covered": 0.0, "percent_statements_covered_display": "0"}, "missing_lines": [177], "excluded_lines": [], "start_line": 175}, "": {"executed_lines": [11, 14, 15, 16, 17, 18, 19, 20, 21, 24, 27, 29, 30, 32, 33, 38, 39, 41, 42, 44, 55, 58, 93, 94, 101, 102, 105, 106, 117, 118, 119, 120, 175, 180], "summary": {"covered_lines": 34, "num_statements": 36, "percent_covered": 94.44444444444444, "percent_covered_display": "94", "missing_lines": 2, "excluded_lines": 0, "percent_statements_covered": 94.44444444444444, "percent_statements_covered_display": "94"}, "missing_lines": [34, 181], "excluded_lines": [], "start_line": 1}}, "classes": {"MeeseeksQuery": {"executed_lines": [127, 130, 131, 132, 137, 138, 139, 140, 141, 142, 143, 145, 146, 147, 148, 149, 150, 151, 152, 153, 154, 156, 159, 166, 167, 168, 170, 171, 172], "summary": {"covered_lines": 29, "num_statements": 31, "percent_covered": 93.54838709677419, "percent_covered_display": "94", "missing_lines": 2, "excluded_lines": 0, "percent_statements_covered": 93.54838709677419, "percent_statements_covered_display": "94"}, "missing_lines": [133, 134], "excluded_lines": [], "start_line": 102}, "": {"executed_lines": [11, 14, 15, 16, 17, 18, 19, 20, 21, 24, 27, 29, 30, 32, 33, 38, 39, 41, 42, 44, 55, 58, 93, 94, 96, 97, 98, 101, 102, 105, 106, 117, 118, 119, 120, 175, 180], "summary": {"covered_lines": 37, "num_statements": 40, "percent_covered": 92.5, "percent_covered_display": "92", "missing_lines": 3, "excluded_lines": 0, "percent_statements_covered": 92.5, "percent_statements_covered_display": "92"}, "missing_lines": [34, 177, 181], "excluded_lines": [], "start_line": 1}}}, "apps/meeseeks_api/tests/test_backend.py": {"executed_lines": [4, 6, 9, 12, 14, 15, 24, 26, 32, 33, 36, 38, 39, 40, 43, 45, 46, 52, 55, 57, 59, 60, 62, 63, 68, 69, 70, 71, 72, 75, 77, 78, 79, 81, 82, 83, 85, 86, 91, 92, 93, 94, 97, 99, 100, 101, 102, 104, 105, 106, 108, 109, 114, 115, 116, 117], "summary": {"covered_lines": 56, "num_statements": 56, "percent_covered": 100.0, "percent_covered_display": "100", "missing_lines": 0, "excluded_lines": 0, "percent_statements_covered": 100.0, "percent_statements_covered_display": "100"}, "missing_lines": [], "excluded_lines": [], "functions": {"DummyQueue.__init__": {"executed_lines": [14, 15], "summary": {"covered_lines": 2, "num_statements": 2, "percent_covered": 100.0, "percent_covered_display": "100", "missing_lines": 0, "excluded_lines": 0, "percent_statements_covered": 100.0, "percent_statements_covered_display": "100"}, "missing_lines": [], "excluded_lines": [], "start_line": 12}, "DummyQueue.dict": {"executed_lines": [26], "summary": {"covered_lines": 1, "num_statements": 1, "percent_covered": 100.0, "percent_covered_display": "100", "missing_lines": 0, "excluded_lines": 0, "percent_statements_covered": 100.0, "percent_statements_covered_display": "100"}, "missing_lines": [], "excluded_lines": [], "start_line": 24}, "_make_task_queue": {"executed_lines": [33], "summary": {"covered_lines": 1, "num_statements": 1, "percent_covered": 100.0, "percent_covered_display": "100", "missing_lines": 0, "excluded_lines": 0, "percent_statements_covered": 100.0, "percent_statements_covered_display": "100"}, "missing_lines": [], "excluded_lines": [], "start_line": 32}, "test_query_requires_api_key": {"executed_lines": [38, 39, 40], "summary": {"covered_lines": 3, "num_statements": 3, "percent_covered": 100.0, "percent_covered_display": "100", "missing_lines": 0, "excluded_lines": 0, "percent_statements_covered": 100.0, "percent_statements_covered_display": "100"}, "missing_lines": [], "excluded_lines": [], "start_line": 36}, "test_query_invalid_input": {"executed_lines": [45, 46, 52], "summary": {"covered_lines": 3, "num_statements": 3, "percent_covered": 100.0, "percent_covered_display": "100", "missing_lines": 0, "excluded_lines": 0, "percent_statements_covered": 100.0, "percent_statements_covered_display": "100"}, "missing_lines": [], "excluded_lines": [], "start_line": 43}, "test_query_success": {"executed_lines": [57, 59, 62, 63, 68, 69, 70, 71, 72], "summary": {"covered_lines": 9, "num_statements": 9, "percent_covered": 100.0, "percent_covered_display": "100", "missing_lines": 0, "excluded_lines": 0, "percent_statements_covered": 100.0, "percent_statements_covered_display": "100"}, "missing_lines": [], "excluded_lines": [], "start_line": 55}, "test_query_success.fake_orchestrate": {"executed_lines": [60], "summary": {"covered_lines": 1, "num_statements": 1, "percent_covered": 100.0, "percent_covered_display": "100", "missing_lines": 0, "excluded_lines": 0, "percent_statements_covered": 100.0, "percent_statements_covered_display": "100"}, "missing_lines": [], "excluded_lines": [], "start_line": 59}, "test_query_with_session_tag": {"executed_lines": [77, 78, 79, 81, 85, 86, 91, 92, 93, 94], "summary": {"covered_lines": 10, "num_statements": 10, "percent_covered": 100.0, "percent_covered_display": "100", "missing_lines": 0, "excluded_lines": 0, "percent_statements_covered": 100.0, "percent_statements_covered_display": "100"}, "missing_lines": [], "excluded_lines": [], "start_line": 75}, "test_query_with_session_tag.fake_orchestrate": {"executed_lines": [82, 83], "summary": {"covered_lines": 2, "num_statements": 2, "percent_covered": 100.0, "percent_covered_display": "100", "missing_lines": 0, "excluded_lines": 0, "percent_statements_covered": 100.0, "percent_statements_covered_display": "100"}, "missing_lines": [], "excluded_lines": [], "start_line": 81}, "test_query_fork_from": {"executed_lines": [99, 100, 101, 102, 104, 108, 109, 114, 115, 116, 117], "summary": {"covered_lines": 11, "num_statements": 11, "percent_covered": 100.0, "percent_covered_display": "100", "missing_lines": 0, "excluded_lines": 0, "percent_statements_covered": 100.0, "percent_statements_covered_display": "100"}, "missing_lines": [], "excluded_lines": [], "start_line": 97}, "test_query_fork_from.fake_orchestrate": {"executed_lines": [105, 106], "summary": {"covered_lines": 2, "num_statements": 2, "percent_covered": 100.0, "percent_covered_display": "100", "missing_lines": 0, "excluded_lines": 0, "percent_statements_covered": 100.0, "percent_statements_covered_display": "100"}, "missing_lines": [], "excluded_lines": [], "start_line": 104}, "": {"executed_lines": [4, 6, 9, 12, 24, 32, 36, 43, 55, 75, 97], "summary": {"covered_lines": 11, "num_statements": 11, "percent_covered": 100.0, "percent_covered_display": "100", "missing_lines": 0, "excluded_lines": 0, "percent_statements_covered": 100.0, "percent_statements_covered_display": "100"}, "missing_lines": [], "excluded_lines": [], "start_line": 1}}, "classes": {"DummyQueue": {"executed_lines": [14, 15, 26], "summary": {"covered_lines": 3, "num_statements": 3, "percent_covered": 100.0, "percent_covered_display": "100", "missing_lines": 0, "excluded_lines": 0, "percent_statements_covered": 100.0, "percent_statements_covered_display": "100"}, "missing_lines": [], "excluded_lines": [], "start_line": 9}, "": {"executed_lines": [4, 6, 9, 12, 24, 32, 33, 36, 38, 39, 40, 43, 45, 46, 52, 55, 57, 59, 60, 62, 63, 68, 69, 70, 71, 72, 75, 77, 78, 79, 81, 82, 83, 85, 86, 91, 92, 93, 94, 97, 99, 100, 101, 102, 104, 105, 106, 108, 109, 114, 115, 116, 117], "summary": {"covered_lines": 53, "num_statements": 53, "percent_covered": 100.0, "percent_covered_display": "100", "missing_lines": 0, "excluded_lines": 0, "percent_statements_covered": 100.0, "percent_statements_covered_display": "100"}, "missing_lines": [], "excluded_lines": [], "start_line": 1}}}, "apps/meeseeks_chat/src/meeseeks_chat/__init__.py": {"executed_lines": [], "summary": {"covered_lines": 0, "num_statements": 0, "percent_covered": 100.0, "percent_covered_display": "100", "missing_lines": 0, "excluded_lines": 0, "percent_statements_covered": 100.0, "percent_statements_covered_display": "100"}, "missing_lines": [], "excluded_lines": [], "functions": {"": {"executed_lines": [], "summary": {"covered_lines": 0, "num_statements": 0, "percent_covered": 100.0, "percent_covered_display": "100", "missing_lines": 0, "excluded_lines": 0, "percent_statements_covered": 100.0, "percent_statements_covered_display": "100"}, "missing_lines": [], "excluded_lines": [], "start_line": 1}}, "classes": {"": {"executed_lines": [], "summary": {"covered_lines": 0, "num_statements": 0, "percent_covered": 100.0, "percent_covered_display": "100", "missing_lines": 0, "excluded_lines": 0, "percent_statements_covered": 100.0, "percent_statements_covered_display": "100"}, "missing_lines": [], "excluded_lines": [], "start_line": 1}}}, "apps/meeseeks_chat/src/meeseeks_chat/chat_master.py": {"executed_lines": [13, 14, 17, 18, 19, 20, 21, 22, 25, 28, 33, 40, 43, 52, 53, 54, 56, 60, 63, 72, 73, 81, 82, 84, 87, 89, 93, 96, 102, 103, 106, 107, 108, 109, 111, 112, 113, 114, 115, 116, 117, 119, 120, 124, 125, 129, 130, 131, 133, 138, 139, 140, 141, 142, 143, 145, 146, 147, 149, 150, 151, 152, 153, 156, 157, 159, 160, 161, 162, 163, 164, 165, 167, 170], "summary": {"covered_lines": 74, "num_statements": 85, "percent_covered": 87.05882352941177, "percent_covered_display": "87", "missing_lines": 11, "excluded_lines": 0, "percent_statements_covered": 87.05882352941177, "percent_statements_covered_display": "87"}, "missing_lines": [30, 31, 35, 36, 37, 126, 127, 134, 135, 136, 171], "excluded_lines": [], "functions": {"ConversationBufferWindowMemory.__init__": {"executed_lines": [], "summary": {"covered_lines": 0, "num_statements": 2, "percent_covered": 0.0, "percent_covered_display": "0", "missing_lines": 2, "excluded_lines": 0, "percent_statements_covered": 0.0, "percent_statements_covered_display": "0"}, "missing_lines": [30, 31], "excluded_lines": [], "start_line": 28}, "ConversationBufferWindowMemory.save_context": {"executed_lines": [], "summary": {"covered_lines": 0, "num_statements": 3, "percent_covered": 0.0, "percent_covered_display": "0", "missing_lines": 3, "excluded_lines": 0, "percent_statements_covered": 0.0, "percent_statements_covered_display": "0"}, "missing_lines": [35, 36, 37], "excluded_lines": [], "start_line": 33}, "generate_action_plan_helper": {"executed_lines": [52, 53, 54, 56, 60], "summary": {"covered_lines": 5, "num_statements": 5, "percent_covered": 100.0, "percent_covered_display": "100", "missing_lines": 0, "excluded_lines": 0, "percent_statements_covered": 100.0, "percent_statements_covered_display": "100"}, "missing_lines": [], "excluded_lines": [], "start_line": 43}, "run_action_plan_helper": {"executed_lines": [72, 73, 81, 82, 84], "summary": {"covered_lines": 5, "num_statements": 5, "percent_covered": 100.0, "percent_covered_display": "100", "missing_lines": 0, "excluded_lines": 0, "percent_statements_covered": 100.0, "percent_statements_covered_display": "100"}, "missing_lines": [], "excluded_lines": [], "start_line": 63}, "main": {"executed_lines": [89, 93, 96, 102, 103, 106, 107, 108, 109, 111, 112, 113, 114, 115, 116, 117, 119, 120, 124, 125, 129, 130, 131, 133, 138, 139, 140, 141, 142, 143, 145, 146, 147, 149, 150, 151, 152, 153, 156, 157, 159, 160, 161, 162, 163, 164, 165, 167], "summary": {"covered_lines": 48, "num_statements": 53, "percent_covered": 90.56603773584905, "percent_covered_display": "91", "missing_lines": 5, "excluded_lines": 0, "percent_statements_covered": 90.56603773584905, "percent_statements_covered_display": "91"}, "missing_lines": [126, 127, 134, 135, 136], "excluded_lines": [], "start_line": 87}, "": {"executed_lines": [13, 14, 17, 18, 19, 20, 21, 22, 25, 28, 33, 40, 43, 63, 87, 170], "summary": {"covered_lines": 16, "num_statements": 17, "percent_covered": 94.11764705882354, "percent_covered_display": "94", "missing_lines": 1, "excluded_lines": 0, "percent_statements_covered": 94.11764705882354, "percent_statements_covered_display": "94"}, "missing_lines": [171], "excluded_lines": [], "start_line": 1}}, "classes": {"ConversationBufferWindowMemory": {"executed_lines": [], "summary": {"covered_lines": 0, "num_statements": 5, "percent_covered": 0.0, "percent_covered_display": "0", "missing_lines": 5, "excluded_lines": 0, "percent_statements_covered": 0.0, "percent_statements_covered_display": "0"}, "missing_lines": [30, 31, 35, 36, 37], "excluded_lines": [], "start_line": 25}, "": {"executed_lines": [13, 14, 17, 18, 19, 20, 21, 22, 25, 28, 33, 40, 43, 52, 53, 54, 56, 60, 63, 72, 73, 81, 82, 84, 87, 89, 93, 96, 102, 103, 106, 107, 108, 109, 111, 112, 113, 114, 115, 116, 117, 119, 120, 124, 125, 129, 130, 131, 133, 138, 139, 140, 141, 142, 143, 145, 146, 147, 149, 150, 151, 152, 153, 156, 157, 159, 160, 161, 162, 163, 164, 165, 167, 170], "summary": {"covered_lines": 74, "num_statements": 80, "percent_covered": 92.5, "percent_covered_display": "92", "missing_lines": 6, "excluded_lines": 0, "percent_statements_covered": 92.5, "percent_statements_covered_display": "92"}, "missing_lines": [126, 127, 134, 135, 136, 171], "excluded_lines": [], "start_line": 1}}}, "apps/meeseeks_chat/tests/test_chat_master.py": {"executed_lines": [5, 6, 8, 9, 10, 13, 14, 15, 16, 19, 21, 28, 30, 31, 33, 34, 35, 36, 41, 43, 44, 45, 49, 51, 58, 60, 62, 63, 64, 65, 66, 67, 68, 70, 71, 72, 73, 74, 77, 80, 81, 82, 84, 85, 87, 88, 89, 91, 92, 94, 95, 96, 98, 99, 101, 102, 104, 105, 107, 108, 110, 111, 113, 114, 116, 117, 119, 120, 122, 123, 124, 126, 127, 129, 130, 131, 132, 133, 134, 136, 137, 144, 146, 147, 148, 150, 152, 153], "summary": {"covered_lines": 88, "num_statements": 88, "percent_covered": 100.0, "percent_covered_display": "100", "missing_lines": 0, "excluded_lines": 0, "percent_statements_covered": 100.0, "percent_statements_covered_display": "100"}, "missing_lines": [], "excluded_lines": [], "functions": {"_make_task_queue": {"executed_lines": [14, 15, 16], "summary": {"covered_lines": 3, "num_statements": 3, "percent_covered": 100.0, "percent_covered_display": "100", "missing_lines": 0, "excluded_lines": 0, "percent_statements_covered": 100.0, "percent_statements_covered_display": "100"}, "missing_lines": [], "excluded_lines": [], "start_line": 13}, "test_generate_action_plan_helper": {"executed_lines": [21, 28, 30, 33, 34, 35, 36], "summary": {"covered_lines": 7, "num_statements": 7, "percent_covered": 100.0, "percent_covered_display": "100", "missing_lines": 0, "excluded_lines": 0, "percent_statements_covered": 100.0, "percent_statements_covered_display": "100"}, "missing_lines": [], "excluded_lines": [], "start_line": 19}, "test_generate_action_plan_helper.fake_generate": {"executed_lines": [31], "summary": {"covered_lines": 1, "num_statements": 1, "percent_covered": 100.0, "percent_covered_display": "100", "missing_lines": 0, "excluded_lines": 0, "percent_statements_covered": 100.0, "percent_statements_covered_display": "100"}, "missing_lines": [], "excluded_lines": [], "start_line": 30}, "test_run_action_plan_helper": {"executed_lines": [43, 44, 45, 49, 51, 58, 60, 62, 70, 71, 72, 73, 74], "summary": {"covered_lines": 13, "num_statements": 13, "percent_covered": 100.0, "percent_covered_display": "100", "missing_lines": 0, "excluded_lines": 0, "percent_statements_covered": 100.0, "percent_statements_covered_display": "100"}, "missing_lines": [], "excluded_lines": [], "start_line": 41}, "test_run_action_plan_helper.fake_orchestrate": {"executed_lines": [63, 64, 65, 66, 67, 68], "summary": {"covered_lines": 6, "num_statements": 6, "percent_covered": 100.0, "percent_covered_display": "100", "missing_lines": 0, "excluded_lines": 0, "percent_statements_covered": 100.0, "percent_statements_covered_display": "100"}, "missing_lines": [], "excluded_lines": [], "start_line": 62}, "test_main_flow": {"executed_lines": [80, 81, 84, 87, 88, 91, 94, 95, 98, 101, 104, 107, 110, 113, 116, 119, 122, 123, 126, 129, 130, 131, 132, 133, 134, 136, 146, 147, 148, 150, 152, 153], "summary": {"covered_lines": 32, "num_statements": 32, "percent_covered": 100.0, "percent_covered_display": "100", "missing_lines": 0, "excluded_lines": 0, "percent_statements_covered": 100.0, "percent_statements_covered_display": "100"}, "missing_lines": [], "excluded_lines": [], "start_line": 77}, "test_main_flow.DummyContext.__enter__": {"executed_lines": [82], "summary": {"covered_lines": 1, "num_statements": 1, "percent_covered": 100.0, "percent_covered_display": "100", "missing_lines": 0, "excluded_lines": 0, "percent_statements_covered": 100.0, "percent_statements_covered_display": "100"}, "missing_lines": [], "excluded_lines": [], "start_line": 81}, "test_main_flow.DummyContext.__exit__": {"executed_lines": [85], "summary": {"covered_lines": 1, "num_statements": 1, "percent_covered": 100.0, "percent_covered_display": "100", "missing_lines": 0, "excluded_lines": 0, "percent_statements_covered": 100.0, "percent_statements_covered_display": "100"}, "missing_lines": [], "excluded_lines": [], "start_line": 84}, "test_main_flow.FakeSessionState.__getattr__": {"executed_lines": [89], "summary": {"covered_lines": 1, "num_statements": 1, "percent_covered": 100.0, "percent_covered_display": "100", "missing_lines": 0, "excluded_lines": 0, "percent_statements_covered": 100.0, "percent_statements_covered_display": "100"}, "missing_lines": [], "excluded_lines": [], "start_line": 88}, "test_main_flow.FakeSessionState.__setattr__": {"executed_lines": [92], "summary": {"covered_lines": 1, "num_statements": 1, "percent_covered": 100.0, "percent_covered_display": "100", "missing_lines": 0, "excluded_lines": 0, "percent_statements_covered": 100.0, "percent_statements_covered_display": "100"}, "missing_lines": [], "excluded_lines": [], "start_line": 91}, "test_main_flow.FakeStreamlit.__init__": {"executed_lines": [96], "summary": {"covered_lines": 1, "num_statements": 1, "percent_covered": 100.0, "percent_covered_display": "100", "missing_lines": 0, "excluded_lines": 0, "percent_statements_covered": 100.0, "percent_statements_covered_display": "100"}, "missing_lines": [], "excluded_lines": [], "start_line": 95}, "test_main_flow.FakeStreamlit.set_page_config": {"executed_lines": [99], "summary": {"covered_lines": 1, "num_statements": 1, "percent_covered": 100.0, "percent_covered_display": "100", "missing_lines": 0, "excluded_lines": 0, "percent_statements_covered": 100.0, "percent_statements_covered_display": "100"}, "missing_lines": [], "excluded_lines": [], "start_line": 98}, "test_main_flow.FakeStreamlit.image": {"executed_lines": [102], "summary": {"covered_lines": 1, "num_statements": 1, "percent_covered": 100.0, "percent_covered_display": "100", "missing_lines": 0, "excluded_lines": 0, "percent_statements_covered": 100.0, "percent_statements_covered_display": "100"}, "missing_lines": [], "excluded_lines": [], "start_line": 101}, "test_main_flow.FakeStreamlit.markdown": {"executed_lines": [105], "summary": {"covered_lines": 1, "num_statements": 1, "percent_covered": 100.0, "percent_covered_display": "100", "missing_lines": 0, "excluded_lines": 0, "percent_statements_covered": 100.0, "percent_statements_covered_display": "100"}, "missing_lines": [], "excluded_lines": [], "start_line": 104}, "test_main_flow.FakeStreamlit.chat_message": {"executed_lines": [108], "summary": {"covered_lines": 1, "num_statements": 1, "percent_covered": 100.0, "percent_covered_display": "100", "missing_lines": 0, "excluded_lines": 0, "percent_statements_covered": 100.0, "percent_statements_covered_display": "100"}, "missing_lines": [], "excluded_lines": [], "start_line": 107}, "test_main_flow.FakeStreamlit.chat_input": {"executed_lines": [111], "summary": {"covered_lines": 1, "num_statements": 1, "percent_covered": 100.0, "percent_covered_display": "100", "missing_lines": 0, "excluded_lines": 0, "percent_statements_covered": 100.0, "percent_statements_covered_display": "100"}, "missing_lines": [], "excluded_lines": [], "start_line": 110}, "test_main_flow.FakeStreamlit.spinner": {"executed_lines": [114], "summary": {"covered_lines": 1, "num_statements": 1, "percent_covered": 100.0, "percent_covered_display": "100", "missing_lines": 0, "excluded_lines": 0, "percent_statements_covered": 100.0, "percent_statements_covered_display": "100"}, "missing_lines": [], "excluded_lines": [], "start_line": 113}, "test_main_flow.FakeStreamlit.expander": {"executed_lines": [117], "summary": {"covered_lines": 1, "num_statements": 1, "percent_covered": 100.0, "percent_covered_display": "100", "missing_lines": 0, "excluded_lines": 0, "percent_statements_covered": 100.0, "percent_statements_covered_display": "100"}, "missing_lines": [], "excluded_lines": [], "start_line": 116}, "test_main_flow.FakeStreamlit.caption": {"executed_lines": [120], "summary": {"covered_lines": 1, "num_statements": 1, "percent_covered": 100.0, "percent_covered_display": "100", "missing_lines": 0, "excluded_lines": 0, "percent_statements_covered": 100.0, "percent_statements_covered_display": "100"}, "missing_lines": [], "excluded_lines": [], "start_line": 119}, "test_main_flow.DummyMemory.__init__": {"executed_lines": [124], "summary": {"covered_lines": 1, "num_statements": 1, "percent_covered": 100.0, "percent_covered_display": "100", "missing_lines": 0, "excluded_lines": 0, "percent_statements_covered": 100.0, "percent_statements_covered_display": "100"}, "missing_lines": [], "excluded_lines": [], "start_line": 123}, "test_main_flow.DummyMemory.save_context": {"executed_lines": [127], "summary": {"covered_lines": 1, "num_statements": 1, "percent_covered": 100.0, "percent_covered_display": "100", "missing_lines": 0, "excluded_lines": 0, "percent_statements_covered": 100.0, "percent_statements_covered_display": "100"}, "missing_lines": [], "excluded_lines": [], "start_line": 126}, "test_main_flow.fake_generate": {"executed_lines": [137, 144], "summary": {"covered_lines": 2, "num_statements": 2, "percent_covered": 100.0, "percent_covered_display": "100", "missing_lines": 0, "excluded_lines": 0, "percent_statements_covered": 100.0, "percent_statements_covered_display": "100"}, "missing_lines": [], "excluded_lines": [], "start_line": 136}, "": {"executed_lines": [5, 6, 8, 9, 10, 13, 19, 41, 77], "summary": {"covered_lines": 9, "num_statements": 9, "percent_covered": 100.0, "percent_covered_display": "100", "missing_lines": 0, "excluded_lines": 0, "percent_statements_covered": 100.0, "percent_statements_covered_display": "100"}, "missing_lines": [], "excluded_lines": [], "start_line": 1}}, "classes": {"test_main_flow.DummyContext": {"executed_lines": [82, 85], "summary": {"covered_lines": 2, "num_statements": 2, "percent_covered": 100.0, "percent_covered_display": "100", "missing_lines": 0, "excluded_lines": 0, "percent_statements_covered": 100.0, "percent_statements_covered_display": "100"}, "missing_lines": [], "excluded_lines": [], "start_line": 80}, "test_main_flow.FakeSessionState": {"executed_lines": [89, 92], "summary": {"covered_lines": 2, "num_statements": 2, "percent_covered": 100.0, "percent_covered_display": "100", "missing_lines": 0, "excluded_lines": 0, "percent_statements_covered": 100.0, "percent_statements_covered_display": "100"}, "missing_lines": [], "excluded_lines": [], "start_line": 87}, "test_main_flow.FakeStreamlit": {"executed_lines": [96, 99, 102, 105, 108, 111, 114, 117, 120], "summary": {"covered_lines": 9, "num_statements": 9, "percent_covered": 100.0, "percent_covered_display": "100", "missing_lines": 0, "excluded_lines": 0, "percent_statements_covered": 100.0, "percent_statements_covered_display": "100"}, "missing_lines": [], "excluded_lines": [], "start_line": 94}, "test_main_flow.DummyMemory": {"executed_lines": [124, 127], "summary": {"covered_lines": 2, "num_statements": 2, "percent_covered": 100.0, "percent_covered_display": "100", "missing_lines": 0, "excluded_lines": 0, "percent_statements_covered": 100.0, "percent_statements_covered_display": "100"}, "missing_lines": [], "excluded_lines": [], "start_line": 122}, "": {"executed_lines": [5, 6, 8, 9, 10, 13, 14, 15, 16, 19, 21, 28, 30, 31, 33, 34, 35, 36, 41, 43, 44, 45, 49, 51, 58, 60, 62, 63, 64, 65, 66, 67, 68, 70, 71, 72, 73, 74, 77, 80, 81, 84, 87, 88, 91, 94, 95, 98, 101, 104, 107, 110, 113, 116, 119, 122, 123, 126, 129, 130, 131, 132, 133, 134, 136, 137, 144, 146, 147, 148, 150, 152, 153], "summary": {"covered_lines": 73, "num_statements": 73, "percent_covered": 100.0, "percent_covered_display": "100", "missing_lines": 0, "excluded_lines": 0, "percent_statements_covered": 100.0, "percent_statements_covered_display": "100"}, "missing_lines": [], "excluded_lines": [], "start_line": 1}}}, "apps/meeseeks_cli/src/meeseeks_cli/__init__.py": {"executed_lines": [], "summary": {"covered_lines": 0, "num_statements": 0, "percent_covered": 100.0, "percent_covered_display": "100", "missing_lines": 0, "excluded_lines": 0, "percent_statements_covered": 100.0, "percent_statements_covered_display": "100"}, "missing_lines": [], "excluded_lines": [], "functions": {"": {"executed_lines": [], "summary": {"covered_lines": 0, "num_statements": 0, "percent_covered": 100.0, "percent_covered_display": "100", "missing_lines": 0, "excluded_lines": 0, "percent_statements_covered": 100.0, "percent_statements_covered_display": "100"}, "missing_lines": [], "excluded_lines": [], "start_line": 1}}, "classes": {"": {"executed_lines": [], "summary": {"covered_lines": 0, "num_statements": 0, "percent_covered": 100.0, "percent_covered_display": "100", "missing_lines": 0, "excluded_lines": 0, "percent_statements_covered": 100.0, "percent_statements_covered_display": "100"}, "missing_lines": [], "excluded_lines": [], "start_line": 1}}}, "apps/meeseeks_cli/src/meeseeks_cli/aider_ui.py": {"executed_lines": [4, 6, 8, 9, 11, 12, 13, 17, 20, 22, 24, 32, 34, 35, 36, 37, 40, 42, 43, 44, 47, 49, 50, 51, 56], "summary": {"covered_lines": 25, "num_statements": 29, "percent_covered": 86.20689655172414, "percent_covered_display": "86", "missing_lines": 4, "excluded_lines": 2, "percent_statements_covered": 86.20689655172414, "percent_statements_covered_display": "86"}, "missing_lines": [23, 52, 53, 58], "excluded_lines": [14, 15], "functions": {"render_markdown": {"executed_lines": [22, 24], "summary": {"covered_lines": 2, "num_statements": 3, "percent_covered": 66.66666666666667, "percent_covered_display": "67", "missing_lines": 1, "excluded_lines": 0, "percent_statements_covered": 66.66666666666667, "percent_statements_covered_display": "67"}, "missing_lines": [23], "excluded_lines": [], "start_line": 20}, "render_diff": {"executed_lines": [34, 35, 36, 37], "summary": {"covered_lines": 4, "num_statements": 4, "percent_covered": 100.0, "percent_covered_display": "100", "missing_lines": 0, "excluded_lines": 0, "percent_statements_covered": 100.0, "percent_statements_covered_display": "100"}, "missing_lines": [], "excluded_lines": [], "start_line": 32}, "render_file_payload": {"executed_lines": [42, 43, 44], "summary": {"covered_lines": 3, "num_statements": 3, "percent_covered": 100.0, "percent_covered_display": "100", "missing_lines": 0, "excluded_lines": 0, "percent_statements_covered": 100.0, "percent_statements_covered_display": "100"}, "missing_lines": [], "excluded_lines": [], "start_line": 40}, "render_dir_payload": {"executed_lines": [49, 50, 51], "summary": {"covered_lines": 3, "num_statements": 5, "percent_covered": 60.0, "percent_covered_display": "60", "missing_lines": 2, "excluded_lines": 0, "percent_statements_covered": 60.0, "percent_statements_covered_display": "60"}, "missing_lines": [52, 53], "excluded_lines": [], "start_line": 47}, "render_json_payload": {"executed_lines": [], "summary": {"covered_lines": 0, "num_statements": 1, "percent_covered": 0.0, "percent_covered_display": "0", "missing_lines": 1, "excluded_lines": 0, "percent_statements_covered": 0.0, "percent_statements_covered_display": "0"}, "missing_lines": [58], "excluded_lines": [], "start_line": 56}, "": {"executed_lines": [4, 6, 8, 9, 11, 12, 13, 17, 20, 32, 40, 47, 56], "summary": {"covered_lines": 13, "num_statements": 13, "percent_covered": 100.0, "percent_covered_display": "100", "missing_lines": 0, "excluded_lines": 2, "percent_statements_covered": 100.0, "percent_statements_covered_display": "100"}, "missing_lines": [], "excluded_lines": [14, 15], "start_line": 1}}, "classes": {"": {"executed_lines": [4, 6, 8, 9, 11, 12, 13, 17, 20, 22, 24, 32, 34, 35, 36, 37, 40, 42, 43, 44, 47, 49, 50, 51, 56], "summary": {"covered_lines": 25, "num_statements": 29, "percent_covered": 86.20689655172414, "percent_covered_display": "86", "missing_lines": 4, "excluded_lines": 2, "percent_statements_covered": 86.20689655172414, "percent_statements_covered_display": "86"}, "missing_lines": [23, 52, 53, 58], "excluded_lines": [14, 15], "start_line": 1}}}, "apps/meeseeks_cli/src/meeseeks_cli/cli_commands.py": {"executed_lines": [4, 5, 6, 7, 8, 9, 11, 12, 13, 14, 15, 16, 17, 18, 19, 21, 22, 25, 26, 29, 30, 31, 34, 37, 39, 41, 52, 53, 54, 56, 58, 69, 70, 71, 72, 73, 75, 77, 78, 80, 85, 88, 89, 90, 91, 92, 95, 96, 97, 98, 101, 102, 103, 104, 107, 108, 109, 110, 111, 112, 115, 116, 122, 123, 124, 125, 126, 127, 130, 131, 132, 133, 138, 139, 142, 143, 144, 147, 148, 149, 167, 168, 169, 172, 173, 174, 175, 187, 188, 189, 190, 191, 192, 195, 196, 197, 200, 201, 203, 204, 206, 207, 210, 211, 224, 225, 226, 227, 228, 229, 230, 231, 232, 233, 239, 242, 243, 244, 245, 250, 251, 255, 257, 258, 259, 260, 261, 262, 265, 270, 271, 280, 281, 282, 283, 284, 287, 288, 289, 291, 292, 295, 297, 298, 299, 303, 305, 306, 307, 310, 321, 325, 327, 328, 329, 330, 331, 336, 343, 344, 345, 348, 349, 350, 351, 352, 353, 354, 355, 356, 357, 361, 364, 369, 372, 373, 374, 375, 376, 379, 380, 381, 382, 383, 384, 385, 389, 394, 395, 398, 399, 404, 408, 409, 410, 413, 414, 415, 416, 417, 418, 419, 420, 421, 422, 423, 424, 425, 426, 427, 428, 429, 430, 433, 434, 435, 438, 439, 442, 443, 444, 445, 446, 447, 449, 450, 451, 454, 455, 456, 457, 462, 463, 464, 467, 472, 473, 477, 480, 488, 489, 490, 491, 492, 493, 494, 495, 496, 497, 498, 501, 502, 503, 504, 505, 506, 507, 508, 516, 522, 523, 524, 525, 526, 527, 528, 529, 530, 531, 532, 533, 534, 535, 536, 537, 538, 545, 546, 547, 548, 549, 552, 553, 554, 555, 556, 557, 558, 559, 560, 561, 562, 563, 564, 565, 572, 573, 580, 581, 582, 583, 584, 585, 586, 587, 588, 589, 590, 591, 592, 593, 594, 595, 596, 597, 598, 599, 600, 601, 602, 603, 604, 613, 615, 618], "summary": {"covered_lines": 325, "num_statements": 422, "percent_covered": 77.01421800947867, "percent_covered_display": "77", "missing_lines": 97, "excluded_lines": 0, "percent_statements_covered": 77.01421800947867, "percent_statements_covered_display": "77"}, "missing_lines": [82, 117, 118, 119, 150, 151, 152, 153, 154, 159, 160, 161, 162, 163, 164, 165, 166, 176, 177, 183, 184, 185, 186, 198, 199, 202, 212, 213, 214, 215, 216, 217, 218, 219, 220, 221, 246, 247, 252, 263, 266, 267, 268, 285, 286, 300, 301, 302, 311, 312, 313, 314, 315, 316, 317, 318, 326, 337, 338, 358, 359, 360, 362, 363, 370, 371, 390, 391, 392, 396, 397, 405, 406, 448, 453, 458, 459, 460, 461, 474, 475, 476, 478, 479, 499, 500, 509, 510, 511, 512, 513, 566, 567, 568, 569, 570, 571], "excluded_lines": [], "functions": {"CommandRegistry.__init__": {"executed_lines": [39], "summary": {"covered_lines": 1, "num_statements": 1, "percent_covered": 100.0, "percent_covered_display": "100", "missing_lines": 0, "excluded_lines": 0, "percent_statements_covered": 100.0, "percent_statements_covered_display": "100"}, "missing_lines": [], "excluded_lines": [], "start_line": 37}, "CommandRegistry.command": {"executed_lines": [52, 56], "summary": {"covered_lines": 2, "num_statements": 2, "percent_covered": 100.0, "percent_covered_display": "100", "missing_lines": 0, "excluded_lines": 0, "percent_statements_covered": 100.0, "percent_statements_covered_display": "100"}, "missing_lines": [], "excluded_lines": [], "start_line": 41}, "CommandRegistry.command.decorator": {"executed_lines": [53, 54], "summary": {"covered_lines": 2, "num_statements": 2, "percent_covered": 100.0, "percent_covered_display": "100", "missing_lines": 0, "excluded_lines": 0, "percent_statements_covered": 100.0, "percent_statements_covered_display": "100"}, "missing_lines": [], "excluded_lines": [], "start_line": 52}, "CommandRegistry.execute": {"executed_lines": [69, 70, 71, 72, 73], "summary": {"covered_lines": 5, "num_statements": 5, "percent_covered": 100.0, "percent_covered_display": "100", "missing_lines": 0, "excluded_lines": 0, "percent_statements_covered": 100.0, "percent_statements_covered_display": "100"}, "missing_lines": [], "excluded_lines": [], "start_line": 58}, "CommandRegistry.help_text": {"executed_lines": [77, 78], "summary": {"covered_lines": 2, "num_statements": 2, "percent_covered": 100.0, "percent_covered_display": "100", "missing_lines": 0, "excluded_lines": 0, "percent_statements_covered": 100.0, "percent_statements_covered_display": "100"}, "missing_lines": [], "excluded_lines": [], "start_line": 75}, "CommandRegistry.list_commands": {"executed_lines": [], "summary": {"covered_lines": 0, "num_statements": 1, "percent_covered": 0.0, "percent_covered_display": "0", "missing_lines": 1, "excluded_lines": 0, "percent_statements_covered": 0.0, "percent_statements_covered_display": "0"}, "missing_lines": [82], "excluded_lines": [], "start_line": 80}, "_cmd_help": {"executed_lines": [90, 91, 92], "summary": {"covered_lines": 3, "num_statements": 3, "percent_covered": 100.0, "percent_covered_display": "100", "missing_lines": 0, "excluded_lines": 0, "percent_statements_covered": 100.0, "percent_statements_covered_display": "100"}, "missing_lines": [], "excluded_lines": [], "start_line": 89}, "_cmd_exit": {"executed_lines": [97, 98], "summary": {"covered_lines": 2, "num_statements": 2, "percent_covered": 100.0, "percent_covered_display": "100", "missing_lines": 0, "excluded_lines": 0, "percent_statements_covered": 100.0, "percent_statements_covered_display": "100"}, "missing_lines": [], "excluded_lines": [], "start_line": 96}, "_cmd_quit": {"executed_lines": [103, 104], "summary": {"covered_lines": 2, "num_statements": 2, "percent_covered": 100.0, "percent_covered_display": "100", "missing_lines": 0, "excluded_lines": 0, "percent_statements_covered": 100.0, "percent_statements_covered_display": "100"}, "missing_lines": [], "excluded_lines": [], "start_line": 102}, "_cmd_new": {"executed_lines": [109, 110, 111, 112], "summary": {"covered_lines": 4, "num_statements": 4, "percent_covered": 100.0, "percent_covered_display": "100", "missing_lines": 0, "excluded_lines": 0, "percent_statements_covered": 100.0, "percent_statements_covered_display": "100"}, "missing_lines": [], "excluded_lines": [], "start_line": 108}, "_cmd_session": {"executed_lines": [], "summary": {"covered_lines": 0, "num_statements": 3, "percent_covered": 0.0, "percent_covered_display": "0", "missing_lines": 3, "excluded_lines": 0, "percent_statements_covered": 0.0, "percent_statements_covered_display": "0"}, "missing_lines": [117, 118, 119], "excluded_lines": [], "start_line": 116}, "_cmd_summary": {"executed_lines": [124, 125, 126, 127], "summary": {"covered_lines": 4, "num_statements": 4, "percent_covered": 100.0, "percent_covered_display": "100", "missing_lines": 0, "excluded_lines": 0, "percent_statements_covered": 100.0, "percent_statements_covered_display": "100"}, "missing_lines": [], "excluded_lines": [], "start_line": 123}, "_cmd_summarize": {"executed_lines": [132, 133, 138, 139], "summary": {"covered_lines": 4, "num_statements": 4, "percent_covered": 100.0, "percent_covered_display": "100", "missing_lines": 0, "excluded_lines": 0, "percent_statements_covered": 100.0, "percent_statements_covered_display": "100"}, "missing_lines": [], "excluded_lines": [], "start_line": 131}, "_cmd_compact": {"executed_lines": [144], "summary": {"covered_lines": 1, "num_statements": 1, "percent_covered": 100.0, "percent_covered_display": "100", "missing_lines": 0, "excluded_lines": 0, "percent_statements_covered": 100.0, "percent_statements_covered_display": "100"}, "missing_lines": [], "excluded_lines": [], "start_line": 143}, "_cmd_tag": {"executed_lines": [149, 167, 168, 169], "summary": {"covered_lines": 4, "num_statements": 17, "percent_covered": 23.529411764705884, "percent_covered_display": "24", "missing_lines": 13, "excluded_lines": 0, "percent_statements_covered": 23.529411764705884, "percent_statements_covered_display": "24"}, "missing_lines": [150, 151, 152, 153, 154, 159, 160, 161, 162, 163, 164, 165, 166], "excluded_lines": [], "start_line": 148}, "_cmd_fork": {"executed_lines": [174, 175, 187, 188, 189, 190, 191, 192], "summary": {"covered_lines": 8, "num_statements": 14, "percent_covered": 57.142857142857146, "percent_covered_display": "57", "missing_lines": 6, "excluded_lines": 0, "percent_statements_covered": 57.142857142857146, "percent_statements_covered_display": "57"}, "missing_lines": [176, 177, 183, 184, 185, 186], "excluded_lines": [], "start_line": 173}, "_cmd_plan": {"executed_lines": [197, 200, 201, 203, 204, 206, 207], "summary": {"covered_lines": 7, "num_statements": 10, "percent_covered": 70.0, "percent_covered_display": "70", "missing_lines": 3, "excluded_lines": 0, "percent_statements_covered": 70.0, "percent_statements_covered_display": "70"}, "missing_lines": [198, 199, 202], "excluded_lines": [], "start_line": 196}, "_cmd_mode": {"executed_lines": [], "summary": {"covered_lines": 0, "num_statements": 10, "percent_covered": 0.0, "percent_covered_display": "0", "missing_lines": 10, "excluded_lines": 0, "percent_statements_covered": 0.0, "percent_statements_covered_display": "0"}, "missing_lines": [212, 213, 214, 215, 216, 217, 218, 219, 220, 221], "excluded_lines": [], "start_line": 211}, "_cmd_mcp": {"executed_lines": [226, 227, 228, 229, 230, 231, 232, 233, 239], "summary": {"covered_lines": 9, "num_statements": 9, "percent_covered": 100.0, "percent_covered_display": "100", "missing_lines": 0, "excluded_lines": 0, "percent_statements_covered": 100.0, "percent_statements_covered_display": "100"}, "missing_lines": [], "excluded_lines": [], "start_line": 225}, "_cmd_config": {"executed_lines": [244, 245], "summary": {"covered_lines": 2, "num_statements": 4, "percent_covered": 50.0, "percent_covered_display": "50", "missing_lines": 2, "excluded_lines": 0, "percent_statements_covered": 50.0, "percent_statements_covered_display": "50"}, "missing_lines": [246, 247], "excluded_lines": [], "start_line": 243}, "_cmd_init_all": {"executed_lines": [], "summary": {"covered_lines": 0, "num_statements": 1, "percent_covered": 0.0, "percent_covered_display": "0", "missing_lines": 1, "excluded_lines": 0, "percent_statements_covered": 0.0, "percent_statements_covered_display": "0"}, "missing_lines": [252], "excluded_lines": [], "start_line": 251}, "_cmd_mcp_init": {"executed_lines": [257, 258, 259, 260, 261, 262, 265, 270, 271, 280, 281, 282, 283, 284, 287, 288, 289, 291, 292], "summary": {"covered_lines": 19, "num_statements": 25, "percent_covered": 76.0, "percent_covered_display": "76", "missing_lines": 6, "excluded_lines": 0, "percent_statements_covered": 76.0, "percent_statements_covered_display": "76"}, "missing_lines": [263, 266, 267, 268, 285, 286], "excluded_lines": [], "start_line": 255}, "_cmd_config_init": {"executed_lines": [297, 298, 299, 303, 305, 306, 307], "summary": {"covered_lines": 7, "num_statements": 10, "percent_covered": 70.0, "percent_covered_display": "70", "missing_lines": 3, "excluded_lines": 0, "percent_statements_covered": 70.0, "percent_statements_covered_display": "70"}, "missing_lines": [300, 301, 302], "excluded_lines": [], "start_line": 295}, "_refresh_mcp_registry": {"executed_lines": [], "summary": {"covered_lines": 0, "num_statements": 8, "percent_covered": 0.0, "percent_covered_display": "0", "missing_lines": 8, "excluded_lines": 0, "percent_statements_covered": 0.0, "percent_statements_covered_display": "0"}, "missing_lines": [311, 312, 313, 314, 315, 316, 317, 318], "excluded_lines": [], "start_line": 310}, "_maybe_select_mcp_specs": {"executed_lines": [325, 327, 328, 329, 330, 331, 336, 343, 344, 345], "summary": {"covered_lines": 10, "num_statements": 13, "percent_covered": 76.92307692307692, "percent_covered_display": "77", "missing_lines": 3, "excluded_lines": 0, "percent_statements_covered": 76.92307692307692, "percent_statements_covered_display": "77"}, "missing_lines": [326, 337, 338], "excluded_lines": [], "start_line": 321}, "_cmd_models": {"executed_lines": [350, 351, 352, 353, 354, 355, 356, 357, 361, 364, 369, 372, 373, 374, 375, 376], "summary": {"covered_lines": 16, "num_statements": 23, "percent_covered": 69.56521739130434, "percent_covered_display": "70", "missing_lines": 7, "excluded_lines": 0, "percent_statements_covered": 69.56521739130434, "percent_statements_covered_display": "70"}, "missing_lines": [358, 359, 360, 362, 363, 370, 371], "excluded_lines": [], "start_line": 349}, "_cmd_automatic": {"executed_lines": [381, 382, 383, 384, 385, 389, 394, 395, 398, 399, 404, 408, 409, 410], "summary": {"covered_lines": 14, "num_statements": 21, "percent_covered": 66.66666666666667, "percent_covered_display": "67", "missing_lines": 7, "excluded_lines": 0, "percent_statements_covered": 66.66666666666667, "percent_statements_covered_display": "67"}, "missing_lines": [390, 391, 392, 396, 397, 405, 406], "excluded_lines": [], "start_line": 380}, "_cmd_tokens": {"executed_lines": [415, 416, 417, 418, 419, 420, 421, 422, 423, 424, 425, 426, 427, 428, 429, 430], "summary": {"covered_lines": 16, "num_statements": 16, "percent_covered": 100.0, "percent_covered_display": "100", "missing_lines": 0, "excluded_lines": 0, "percent_statements_covered": 100.0, "percent_statements_covered_display": "100"}, "missing_lines": [], "excluded_lines": [], "start_line": 414}, "_cmd_budget": {"executed_lines": [435], "summary": {"covered_lines": 1, "num_statements": 1, "percent_covered": 100.0, "percent_covered_display": "100", "missing_lines": 0, "excluded_lines": 0, "percent_statements_covered": 100.0, "percent_statements_covered_display": "100"}, "missing_lines": [], "excluded_lines": [], "start_line": 434}, "_get_openai_base_url": {"executed_lines": [439], "summary": {"covered_lines": 1, "num_statements": 1, "percent_covered": 100.0, "percent_covered_display": "100", "missing_lines": 0, "excluded_lines": 0, "percent_statements_covered": 100.0, "percent_statements_covered_display": "100"}, "missing_lines": [], "excluded_lines": [], "start_line": 438}, "_fetch_models": {"executed_lines": [443, 444, 445, 446, 447, 449, 450, 451, 454, 455, 456, 457, 462, 463, 464], "summary": {"covered_lines": 15, "num_statements": 21, "percent_covered": 71.42857142857143, "percent_covered_display": "71", "missing_lines": 6, "excluded_lines": 0, "percent_statements_covered": 71.42857142857143, "percent_statements_covered_display": "71"}, "missing_lines": [448, 453, 458, 459, 460, 461], "excluded_lines": [], "start_line": 442}, "_handle_model_wizard": {"executed_lines": [472, 473, 477, 480, 488, 489, 490, 491, 492, 493, 494, 495, 496, 497, 498, 501, 502, 503, 504, 505, 506, 507, 508], "summary": {"covered_lines": 23, "num_statements": 35, "percent_covered": 65.71428571428571, "percent_covered_display": "66", "missing_lines": 12, "excluded_lines": 0, "percent_statements_covered": 65.71428571428571, "percent_statements_covered_display": "66"}, "missing_lines": [474, 475, 476, 478, 479, 499, 500, 509, 510, 511, 512, 513], "excluded_lines": [], "start_line": 467}, "_render_mcp": {"executed_lines": [522, 523, 524, 525, 526, 527, 528, 529, 530, 531, 532, 533, 534, 535, 536, 537, 538, 545, 546, 547, 548, 549, 552, 553, 554, 555, 556, 557, 558, 559, 560, 561, 562, 563, 564, 565, 572, 573, 580, 581, 582, 583, 584, 585, 586, 587, 588, 589, 590, 591, 592, 593, 594, 595, 596, 597, 598, 599, 600, 601, 602, 603, 604], "summary": {"covered_lines": 63, "num_statements": 69, "percent_covered": 91.30434782608695, "percent_covered_display": "91", "missing_lines": 6, "excluded_lines": 0, "percent_statements_covered": 91.30434782608695, "percent_statements_covered_display": "91"}, "missing_lines": [566, 567, 568, 569, 570, 571], "excluded_lines": [], "start_line": 516}, "get_registry": {"executed_lines": [615], "summary": {"covered_lines": 1, "num_statements": 1, "percent_covered": 100.0, "percent_covered_display": "100", "missing_lines": 0, "excluded_lines": 0, "percent_statements_covered": 100.0, "percent_statements_covered_display": "100"}, "missing_lines": [], "excluded_lines": [], "start_line": 613}, "": {"executed_lines": [4, 5, 6, 7, 8, 9, 11, 12, 13, 14, 15, 16, 17, 18, 19, 21, 22, 25, 26, 29, 30, 31, 34, 37, 41, 58, 75, 80, 85, 88, 89, 95, 96, 101, 102, 107, 108, 115, 116, 122, 123, 130, 131, 142, 143, 147, 148, 172, 173, 195, 196, 210, 211, 224, 225, 242, 243, 250, 251, 255, 295, 310, 321, 348, 349, 379, 380, 413, 414, 433, 434, 438, 442, 467, 516, 613, 618], "summary": {"covered_lines": 77, "num_statements": 77, "percent_covered": 100.0, "percent_covered_display": "100", "missing_lines": 0, "excluded_lines": 0, "percent_statements_covered": 100.0, "percent_statements_covered_display": "100"}, "missing_lines": [], "excluded_lines": [], "start_line": 1}}, "classes": {"Command": {"executed_lines": [], "summary": {"covered_lines": 0, "num_statements": 0, "percent_covered": 100.0, "percent_covered_display": "100", "missing_lines": 0, "excluded_lines": 0, "percent_statements_covered": 100.0, "percent_statements_covered_display": "100"}, "missing_lines": [], "excluded_lines": [], "start_line": 26}, "CommandRegistry": {"executed_lines": [39, 52, 53, 54, 56, 69, 70, 71, 72, 73, 77, 78], "summary": {"covered_lines": 12, "num_statements": 13, "percent_covered": 92.3076923076923, "percent_covered_display": "92", "missing_lines": 1, "excluded_lines": 0, "percent_statements_covered": 92.3076923076923, "percent_statements_covered_display": "92"}, "missing_lines": [82], "excluded_lines": [], "start_line": 34}, "": {"executed_lines": [4, 5, 6, 7, 8, 9, 11, 12, 13, 14, 15, 16, 17, 18, 19, 21, 22, 25, 26, 29, 30, 31, 34, 37, 41, 58, 75, 80, 85, 88, 89, 90, 91, 92, 95, 96, 97, 98, 101, 102, 103, 104, 107, 108, 109, 110, 111, 112, 115, 116, 122, 123, 124, 125, 126, 127, 130, 131, 132, 133, 138, 139, 142, 143, 144, 147, 148, 149, 167, 168, 169, 172, 173, 174, 175, 187, 188, 189, 190, 191, 192, 195, 196, 197, 200, 201, 203, 204, 206, 207, 210, 211, 224, 225, 226, 227, 228, 229, 230, 231, 232, 233, 239, 242, 243, 244, 245, 250, 251, 255, 257, 258, 259, 260, 261, 262, 265, 270, 271, 280, 281, 282, 283, 284, 287, 288, 289, 291, 292, 295, 297, 298, 299, 303, 305, 306, 307, 310, 321, 325, 327, 328, 329, 330, 331, 336, 343, 344, 345, 348, 349, 350, 351, 352, 353, 354, 355, 356, 357, 361, 364, 369, 372, 373, 374, 375, 376, 379, 380, 381, 382, 383, 384, 385, 389, 394, 395, 398, 399, 404, 408, 409, 410, 413, 414, 415, 416, 417, 418, 419, 420, 421, 422, 423, 424, 425, 426, 427, 428, 429, 430, 433, 434, 435, 438, 439, 442, 443, 444, 445, 446, 447, 449, 450, 451, 454, 455, 456, 457, 462, 463, 464, 467, 472, 473, 477, 480, 488, 489, 490, 491, 492, 493, 494, 495, 496, 497, 498, 501, 502, 503, 504, 505, 506, 507, 508, 516, 522, 523, 524, 525, 526, 527, 528, 529, 530, 531, 532, 533, 534, 535, 536, 537, 538, 545, 546, 547, 548, 549, 552, 553, 554, 555, 556, 557, 558, 559, 560, 561, 562, 563, 564, 565, 572, 573, 580, 581, 582, 583, 584, 585, 586, 587, 588, 589, 590, 591, 592, 593, 594, 595, 596, 597, 598, 599, 600, 601, 602, 603, 604, 613, 615, 618], "summary": {"covered_lines": 313, "num_statements": 409, "percent_covered": 76.5281173594132, "percent_covered_display": "77", "missing_lines": 96, "excluded_lines": 0, "percent_statements_covered": 76.5281173594132, "percent_statements_covered_display": "77"}, "missing_lines": [117, 118, 119, 150, 151, 152, 153, 154, 159, 160, 161, 162, 163, 164, 165, 166, 176, 177, 183, 184, 185, 186, 198, 199, 202, 212, 213, 214, 215, 216, 217, 218, 219, 220, 221, 246, 247, 252, 263, 266, 267, 268, 285, 286, 300, 301, 302, 311, 312, 313, 314, 315, 316, 317, 318, 326, 337, 338, 358, 359, 360, 362, 363, 370, 371, 390, 391, 392, 396, 397, 405, 406, 448, 453, 458, 459, 460, 461, 474, 475, 476, 478, 479, 499, 500, 509, 510, 511, 512, 513, 566, 567, 568, 569, 570, 571], "excluded_lines": [], "start_line": 1}}}, "apps/meeseeks_cli/src/meeseeks_cli/cli_context.py": {"executed_lines": [4, 5, 7, 8, 9, 12, 13, 16, 17, 18, 19, 20, 23, 24, 27, 28, 29, 30, 31], "summary": {"covered_lines": 19, "num_statements": 19, "percent_covered": 100.0, "percent_covered_display": "100", "missing_lines": 0, "excluded_lines": 0, "percent_statements_covered": 100.0, "percent_statements_covered_display": "100"}, "missing_lines": [], "excluded_lines": [], "functions": {"": {"executed_lines": [4, 5, 7, 8, 9, 12, 13, 16, 17, 18, 19, 20, 23, 24, 27, 28, 29, 30, 31], "summary": {"covered_lines": 19, "num_statements": 19, "percent_covered": 100.0, "percent_covered_display": "100", "missing_lines": 0, "excluded_lines": 0, "percent_statements_covered": 100.0, "percent_statements_covered_display": "100"}, "missing_lines": [], "excluded_lines": [], "start_line": 1}}, "classes": {"CliState": {"executed_lines": [], "summary": {"covered_lines": 0, "num_statements": 0, "percent_covered": 100.0, "percent_covered_display": "100", "missing_lines": 0, "excluded_lines": 0, "percent_statements_covered": 100.0, "percent_statements_covered_display": "100"}, "missing_lines": [], "excluded_lines": [], "start_line": 13}, "CommandContext": {"executed_lines": [], "summary": {"covered_lines": 0, "num_statements": 0, "percent_covered": 100.0, "percent_covered_display": "100", "missing_lines": 0, "excluded_lines": 0, "percent_statements_covered": 100.0, "percent_statements_covered_display": "100"}, "missing_lines": [], "excluded_lines": [], "start_line": 24}, "": {"executed_lines": [4, 5, 7, 8, 9, 12, 13, 16, 17, 18, 19, 20, 23, 24, 27, 28, 29, 30, 31], "summary": {"covered_lines": 19, "num_statements": 19, "percent_covered": 100.0, "percent_covered_display": "100", "missing_lines": 0, "excluded_lines": 0, "percent_statements_covered": 100.0, "percent_statements_covered_display": "100"}, "missing_lines": [], "excluded_lines": [], "start_line": 1}}}, "apps/meeseeks_cli/src/meeseeks_cli/cli_dialogs.py": {"executed_lines": [4, 6, 7, 8, 10, 11, 12, 13, 14, 17, 18, 20, 23, 24, 27, 28, 29, 30, 32, 34, 35, 36, 37, 38, 40, 47, 49, 52, 54, 80, 106, 119, 125, 127, 128, 129, 130, 131, 132, 133, 134, 135, 136, 137, 138, 143, 150, 152, 153, 154, 155, 156, 157, 158, 159, 160, 162, 163, 164, 165, 166, 167, 168, 169, 170, 171, 172, 175, 182, 184, 185, 186, 187, 188, 189, 190, 191, 192, 193, 194, 195, 198, 204, 206, 207, 208, 209, 210, 211, 212, 215, 216, 229, 234, 237, 241, 242, 248, 255, 258, 266, 267, 280, 288, 293, 294, 309, 319, 325, 329, 330, 336, 343], "summary": {"covered_lines": 113, "num_statements": 198, "percent_covered": 57.07070707070707, "percent_covered_display": "57", "missing_lines": 85, "excluded_lines": 0, "percent_statements_covered": 57.07070707070707, "percent_statements_covered_display": "57"}, "missing_lines": [19, 48, 50, 51, 62, 63, 64, 65, 71, 72, 89, 90, 97, 98, 113, 114, 115, 116, 126, 139, 140, 151, 161, 183, 205, 235, 238, 243, 244, 245, 246, 249, 250, 251, 252, 253, 256, 259, 260, 261, 262, 263, 274, 275, 276, 277, 278, 281, 282, 283, 284, 285, 286, 289, 290, 302, 303, 304, 305, 306, 307, 310, 311, 312, 313, 320, 321, 322, 323, 326, 331, 332, 333, 334, 337, 338, 339, 340, 341, 344, 345, 346, 347, 348, 349], "excluded_lines": [], "functions": {"_textual_enabled": {"executed_lines": [18, 20], "summary": {"covered_lines": 2, "num_statements": 3, "percent_covered": 66.66666666666667, "percent_covered_display": "67", "missing_lines": 1, "excluded_lines": 0, "percent_statements_covered": 66.66666666666667, "percent_statements_covered_display": "67"}, "missing_lines": [19], "excluded_lines": [], "start_line": 17}, "DialogFactory.can_use_textual": {"executed_lines": [34, 35, 36, 37, 38], "summary": {"covered_lines": 5, "num_statements": 5, "percent_covered": 100.0, "percent_covered_display": "100", "missing_lines": 0, "excluded_lines": 0, "percent_statements_covered": 100.0, "percent_statements_covered_display": "100"}, "missing_lines": [], "excluded_lines": [], "start_line": 32}, "DialogFactory.select_one": {"executed_lines": [47, 49, 52], "summary": {"covered_lines": 3, "num_statements": 6, "percent_covered": 50.0, "percent_covered_display": "50", "missing_lines": 3, "excluded_lines": 0, "percent_statements_covered": 50.0, "percent_statements_covered_display": "50"}, "missing_lines": [48, 50, 51], "excluded_lines": [], "start_line": 40}, "DialogFactory.select_many": {"executed_lines": [], "summary": {"covered_lines": 0, "num_statements": 6, "percent_covered": 0.0, "percent_covered_display": "0", "missing_lines": 6, "excluded_lines": 0, "percent_statements_covered": 0.0, "percent_statements_covered_display": "0"}, "missing_lines": [62, 63, 64, 65, 71, 72], "excluded_lines": [], "start_line": 54}, "DialogFactory.prompt_text": {"executed_lines": [], "summary": {"covered_lines": 0, "num_statements": 4, "percent_covered": 0.0, "percent_covered_display": "0", "missing_lines": 4, "excluded_lines": 0, "percent_statements_covered": 0.0, "percent_statements_covered_display": "0"}, "missing_lines": [89, 90, 97, 98], "excluded_lines": [], "start_line": 80}, "DialogFactory.confirm": {"executed_lines": [], "summary": {"covered_lines": 0, "num_statements": 4, "percent_covered": 0.0, "percent_covered_display": "0", "missing_lines": 4, "excluded_lines": 0, "percent_statements_covered": 0.0, "percent_statements_covered_display": "0"}, "missing_lines": [113, 114, 115, 116], "excluded_lines": [], "start_line": 106}, "_select_one_fallback": {"executed_lines": [125, 127, 128, 129, 130, 131, 132, 133, 134, 135, 136, 137, 138], "summary": {"covered_lines": 13, "num_statements": 16, "percent_covered": 81.25, "percent_covered_display": "81", "missing_lines": 3, "excluded_lines": 0, "percent_statements_covered": 81.25, "percent_statements_covered_display": "81"}, "missing_lines": [126, 139, 140], "excluded_lines": [], "start_line": 119}, "_select_many_fallback": {"executed_lines": [150, 152, 153, 154, 155, 156, 157, 158, 159, 160, 162, 163, 164, 165, 166, 167, 168, 169, 170, 171, 172], "summary": {"covered_lines": 21, "num_statements": 23, "percent_covered": 91.30434782608695, "percent_covered_display": "91", "missing_lines": 2, "excluded_lines": 0, "percent_statements_covered": 91.30434782608695, "percent_statements_covered_display": "91"}, "missing_lines": [151, 161], "excluded_lines": [], "start_line": 143}, "_prompt_text_fallback": {"executed_lines": [182, 184, 185, 186, 187, 188, 189, 190, 191, 192, 193, 194, 195], "summary": {"covered_lines": 13, "num_statements": 14, "percent_covered": 92.85714285714286, "percent_covered_display": "93", "missing_lines": 1, "excluded_lines": 0, "percent_statements_covered": 92.85714285714286, "percent_statements_covered_display": "93"}, "missing_lines": [183], "excluded_lines": [], "start_line": 175}, "_confirm_fallback": {"executed_lines": [204, 206, 207, 208, 209, 210, 211, 212], "summary": {"covered_lines": 8, "num_statements": 9, "percent_covered": 88.88888888888889, "percent_covered_display": "89", "missing_lines": 1, "excluded_lines": 0, "percent_statements_covered": 88.88888888888889, "percent_statements_covered_display": "89"}, "missing_lines": [205], "excluded_lines": [], "start_line": 198}, "_BaseDialog.action_cancel": {"executed_lines": [], "summary": {"covered_lines": 0, "num_statements": 1, "percent_covered": 0.0, "percent_covered_display": "0", "missing_lines": 1, "excluded_lines": 0, "percent_statements_covered": 0.0, "percent_statements_covered_display": "0"}, "missing_lines": [235], "excluded_lines": [], "start_line": 234}, "_BaseDialog.action_accept": {"executed_lines": [], "summary": {"covered_lines": 0, "num_statements": 1, "percent_covered": 0.0, "percent_covered_display": "0", "missing_lines": 1, "excluded_lines": 0, "percent_statements_covered": 0.0, "percent_statements_covered_display": "0"}, "missing_lines": [238], "excluded_lines": [], "start_line": 237}, "_SingleSelectDialog.__init__": {"executed_lines": [], "summary": {"covered_lines": 0, "num_statements": 4, "percent_covered": 0.0, "percent_covered_display": "0", "missing_lines": 4, "excluded_lines": 0, "percent_statements_covered": 0.0, "percent_statements_covered_display": "0"}, "missing_lines": [243, 244, 245, 246], "excluded_lines": [], "start_line": 242}, "_SingleSelectDialog.compose": {"executed_lines": [], "summary": {"covered_lines": 0, "num_statements": 5, "percent_covered": 0.0, "percent_covered_display": "0", "missing_lines": 5, "excluded_lines": 0, "percent_statements_covered": 0.0, "percent_statements_covered_display": "0"}, "missing_lines": [249, 250, 251, 252, 253], "excluded_lines": [], "start_line": 248}, "_SingleSelectDialog.on_option_list_option_selected": {"executed_lines": [], "summary": {"covered_lines": 0, "num_statements": 1, "percent_covered": 0.0, "percent_covered_display": "0", "missing_lines": 1, "excluded_lines": 0, "percent_statements_covered": 0.0, "percent_statements_covered_display": "0"}, "missing_lines": [256], "excluded_lines": [], "start_line": 255}, "_SingleSelectDialog.action_accept": {"executed_lines": [], "summary": {"covered_lines": 0, "num_statements": 5, "percent_covered": 0.0, "percent_covered_display": "0", "missing_lines": 5, "excluded_lines": 0, "percent_statements_covered": 0.0, "percent_statements_covered_display": "0"}, "missing_lines": [259, 260, 261, 262, 263], "excluded_lines": [], "start_line": 258}, "_MultiSelectDialog.__init__": {"executed_lines": [], "summary": {"covered_lines": 0, "num_statements": 5, "percent_covered": 0.0, "percent_covered_display": "0", "missing_lines": 5, "excluded_lines": 0, "percent_statements_covered": 0.0, "percent_statements_covered_display": "0"}, "missing_lines": [274, 275, 276, 277, 278], "excluded_lines": [], "start_line": 267}, "_MultiSelectDialog.compose": {"executed_lines": [], "summary": {"covered_lines": 0, "num_statements": 6, "percent_covered": 0.0, "percent_covered_display": "0", "missing_lines": 6, "excluded_lines": 0, "percent_statements_covered": 0.0, "percent_statements_covered_display": "0"}, "missing_lines": [281, 282, 283, 284, 285, 286], "excluded_lines": [], "start_line": 280}, "_MultiSelectDialog.action_accept": {"executed_lines": [], "summary": {"covered_lines": 0, "num_statements": 2, "percent_covered": 0.0, "percent_covered_display": "0", "missing_lines": 2, "excluded_lines": 0, "percent_statements_covered": 0.0, "percent_statements_covered_display": "0"}, "missing_lines": [289, 290], "excluded_lines": [], "start_line": 288}, "_TextInputDialog.__init__": {"executed_lines": [], "summary": {"covered_lines": 0, "num_statements": 6, "percent_covered": 0.0, "percent_covered_display": "0", "missing_lines": 6, "excluded_lines": 0, "percent_statements_covered": 0.0, "percent_statements_covered_display": "0"}, "missing_lines": [302, 303, 304, 305, 306, 307], "excluded_lines": [], "start_line": 294}, "_TextInputDialog.compose": {"executed_lines": [], "summary": {"covered_lines": 0, "num_statements": 4, "percent_covered": 0.0, "percent_covered_display": "0", "missing_lines": 4, "excluded_lines": 0, "percent_statements_covered": 0.0, "percent_statements_covered_display": "0"}, "missing_lines": [310, 311, 312, 313], "excluded_lines": [], "start_line": 309}, "_TextInputDialog.action_accept": {"executed_lines": [], "summary": {"covered_lines": 0, "num_statements": 4, "percent_covered": 0.0, "percent_covered_display": "0", "missing_lines": 4, "excluded_lines": 0, "percent_statements_covered": 0.0, "percent_statements_covered_display": "0"}, "missing_lines": [320, 321, 322, 323], "excluded_lines": [], "start_line": 319}, "_TextInputDialog.on_input_submitted": {"executed_lines": [], "summary": {"covered_lines": 0, "num_statements": 1, "percent_covered": 0.0, "percent_covered_display": "0", "missing_lines": 1, "excluded_lines": 0, "percent_statements_covered": 0.0, "percent_statements_covered_display": "0"}, "missing_lines": [326], "excluded_lines": [], "start_line": 325}, "_ConfirmDialog.__init__": {"executed_lines": [], "summary": {"covered_lines": 0, "num_statements": 4, "percent_covered": 0.0, "percent_covered_display": "0", "missing_lines": 4, "excluded_lines": 0, "percent_statements_covered": 0.0, "percent_statements_covered_display": "0"}, "missing_lines": [331, 332, 333, 334], "excluded_lines": [], "start_line": 330}, "_ConfirmDialog.compose": {"executed_lines": [], "summary": {"covered_lines": 0, "num_statements": 5, "percent_covered": 0.0, "percent_covered_display": "0", "missing_lines": 5, "excluded_lines": 0, "percent_statements_covered": 0.0, "percent_statements_covered_display": "0"}, "missing_lines": [337, 338, 339, 340, 341], "excluded_lines": [], "start_line": 336}, "_ConfirmDialog.action_accept": {"executed_lines": [], "summary": {"covered_lines": 0, "num_statements": 6, "percent_covered": 0.0, "percent_covered_display": "0", "missing_lines": 6, "excluded_lines": 0, "percent_statements_covered": 0.0, "percent_statements_covered_display": "0"}, "missing_lines": [344, 345, 346, 347, 348, 349], "excluded_lines": [], "start_line": 343}, "": {"executed_lines": [4, 6, 7, 8, 10, 11, 12, 13, 14, 17, 23, 24, 27, 28, 29, 30, 32, 40, 54, 80, 106, 119, 143, 175, 198, 215, 216, 229, 234, 237, 241, 242, 248, 255, 258, 266, 267, 280, 288, 293, 294, 309, 319, 325, 329, 330, 336, 343], "summary": {"covered_lines": 48, "num_statements": 48, "percent_covered": 100.0, "percent_covered_display": "100", "missing_lines": 0, "excluded_lines": 0, "percent_statements_covered": 100.0, "percent_statements_covered_display": "100"}, "missing_lines": [], "excluded_lines": [], "start_line": 1}}, "classes": {"DialogFactory": {"executed_lines": [34, 35, 36, 37, 38, 47, 49, 52], "summary": {"covered_lines": 8, "num_statements": 25, "percent_covered": 32.0, "percent_covered_display": "32", "missing_lines": 17, "excluded_lines": 0, "percent_statements_covered": 32.0, "percent_statements_covered_display": "32"}, "missing_lines": [48, 50, 51, 62, 63, 64, 65, 71, 72, 89, 90, 97, 98, 113, 114, 115, 116], "excluded_lines": [], "start_line": 24}, "_BaseDialog": {"executed_lines": [], "summary": {"covered_lines": 0, "num_statements": 2, "percent_covered": 0.0, "percent_covered_display": "0", "missing_lines": 2, "excluded_lines": 0, "percent_statements_covered": 0.0, "percent_statements_covered_display": "0"}, "missing_lines": [235, 238], "excluded_lines": [], "start_line": 215}, "_SingleSelectDialog": {"executed_lines": [], "summary": {"covered_lines": 0, "num_statements": 15, "percent_covered": 0.0, "percent_covered_display": "0", "missing_lines": 15, "excluded_lines": 0, "percent_statements_covered": 0.0, "percent_statements_covered_display": "0"}, "missing_lines": [243, 244, 245, 246, 249, 250, 251, 252, 253, 256, 259, 260, 261, 262, 263], "excluded_lines": [], "start_line": 241}, "_MultiSelectDialog": {"executed_lines": [], "summary": {"covered_lines": 0, "num_statements": 13, "percent_covered": 0.0, "percent_covered_display": "0", "missing_lines": 13, "excluded_lines": 0, "percent_statements_covered": 0.0, "percent_statements_covered_display": "0"}, "missing_lines": [274, 275, 276, 277, 278, 281, 282, 283, 284, 285, 286, 289, 290], "excluded_lines": [], "start_line": 266}, "_TextInputDialog": {"executed_lines": [], "summary": {"covered_lines": 0, "num_statements": 15, "percent_covered": 0.0, "percent_covered_display": "0", "missing_lines": 15, "excluded_lines": 0, "percent_statements_covered": 0.0, "percent_statements_covered_display": "0"}, "missing_lines": [302, 303, 304, 305, 306, 307, 310, 311, 312, 313, 320, 321, 322, 323, 326], "excluded_lines": [], "start_line": 293}, "_ConfirmDialog": {"executed_lines": [], "summary": {"covered_lines": 0, "num_statements": 15, "percent_covered": 0.0, "percent_covered_display": "0", "missing_lines": 15, "excluded_lines": 0, "percent_statements_covered": 0.0, "percent_statements_covered_display": "0"}, "missing_lines": [331, 332, 333, 334, 337, 338, 339, 340, 341, 344, 345, 346, 347, 348, 349], "excluded_lines": [], "start_line": 329}, "": {"executed_lines": [4, 6, 7, 8, 10, 11, 12, 13, 14, 17, 18, 20, 23, 24, 27, 28, 29, 30, 32, 40, 54, 80, 106, 119, 125, 127, 128, 129, 130, 131, 132, 133, 134, 135, 136, 137, 138, 143, 150, 152, 153, 154, 155, 156, 157, 158, 159, 160, 162, 163, 164, 165, 166, 167, 168, 169, 170, 171, 172, 175, 182, 184, 185, 186, 187, 188, 189, 190, 191, 192, 193, 194, 195, 198, 204, 206, 207, 208, 209, 210, 211, 212, 215, 216, 229, 234, 237, 241, 242, 248, 255, 258, 266, 267, 280, 288, 293, 294, 309, 319, 325, 329, 330, 336, 343], "summary": {"covered_lines": 105, "num_statements": 113, "percent_covered": 92.92035398230088, "percent_covered_display": "93", "missing_lines": 8, "excluded_lines": 0, "percent_statements_covered": 92.92035398230088, "percent_statements_covered_display": "93"}, "missing_lines": [19, 126, 139, 140, 151, 161, 183, 205], "excluded_lines": [], "start_line": 1}}}, "apps/meeseeks_cli/src/meeseeks_cli/cli_master.py": {"executed_lines": [5, 6, 7, 8, 9, 10, 11, 12, 14, 15, 16, 17, 18, 19, 20, 21, 22, 23, 26, 27, 28, 29, 30, 31, 34, 35, 36, 37, 40, 43, 44, 45, 46, 49, 50, 51, 52, 53, 54, 57, 59, 61, 62, 63, 64, 65, 68, 70, 71, 72, 73, 80, 81, 82, 83, 84, 85, 92, 98, 99, 100, 102, 105, 111, 112, 113, 114, 115, 116, 117, 118, 119, 120, 121, 122, 125, 126, 127, 128, 135, 138, 139, 140, 141, 144, 145, 146, 147, 150, 151, 159, 160, 161, 169, 171, 174, 175, 178, 179, 180, 181, 182, 183, 184, 185, 186, 187, 188, 189, 190, 193, 194, 195, 196, 197, 198, 199, 200, 201, 202, 203, 206, 207, 210, 211, 214, 215, 216, 217, 218, 219, 220, 221, 222, 223, 226, 227, 228, 229, 230, 231, 232, 233, 236, 237, 238, 239, 240, 241, 242, 243, 244, 247, 248, 249, 250, 251, 252, 254, 255, 258, 259, 260, 261, 262, 265, 266, 267, 268, 270, 271, 272, 273, 274, 275, 276, 278, 279, 280, 281, 282, 283, 284, 285, 286, 289, 292, 293, 294, 295, 297, 304, 305, 306, 307, 308, 311, 312, 313, 314, 316, 322, 323, 324, 325, 326, 327, 328, 331, 332, 333, 334, 335, 336, 337, 338, 339, 340, 342, 343, 344, 345, 347, 348, 349, 352, 354, 355, 356, 357, 358, 360, 363, 372, 373, 374, 379, 380, 381, 382, 387, 388, 389, 395, 396, 398, 399, 400, 401, 402, 403, 404, 405, 406, 407, 408, 409, 414, 415, 416, 417, 418, 419, 420, 435, 436, 437, 438, 439, 440, 442, 443, 445, 446, 448, 449, 450, 455, 457, 458, 459, 466, 467, 473, 481, 482, 485, 494, 495, 496, 497, 503, 505, 508, 515, 522, 525, 526, 539, 546, 547, 556, 561, 562, 563, 564, 566, 567, 568, 569, 571, 578, 579, 580, 581, 582, 583, 585, 586, 589, 590, 593, 596, 597, 598, 600, 601, 603, 604, 605, 610, 619, 657, 664, 665, 668, 673, 674, 675, 678, 679, 680, 681, 683, 684, 685, 686, 687, 688, 689, 690, 691, 692, 693, 695, 704, 711, 712, 713, 714, 715, 716, 717, 718, 719, 720, 721, 722, 723, 724, 725, 726, 728, 729, 730, 731, 733, 734, 743, 746, 747, 748, 749, 752, 753, 754, 755, 756, 757, 758, 764, 771, 772, 773, 774, 775, 776, 777, 778, 785, 789, 790, 791, 792, 793, 794, 795, 797, 798, 803, 808, 809, 810, 811, 812, 813, 814, 815, 816, 817, 818, 819, 820, 821, 822, 823, 826, 828, 829, 832, 836, 837, 839, 840, 841, 842, 844, 845, 846, 847, 849, 850, 851, 852, 853, 855, 861, 869, 874, 875, 876, 877, 878, 879, 880, 881, 883, 884, 885, 886, 887, 888, 889, 890, 891, 892, 893, 894, 895, 900, 901, 909, 911, 912, 913, 914, 915, 918, 920, 925, 926, 930, 938, 939, 941, 944], "summary": {"covered_lines": 486, "num_statements": 567, "percent_covered": 85.71428571428571, "percent_covered_display": "86", "missing_lines": 81, "excluded_lines": 0, "percent_statements_covered": 85.71428571428571, "percent_statements_covered_display": "86"}, "missing_lines": [38, 39, 41, 42, 47, 48, 170, 375, 451, 452, 453, 456, 468, 470, 523, 524, 565, 587, 591, 606, 607, 611, 614, 615, 616, 621, 622, 623, 624, 625, 626, 627, 634, 635, 636, 637, 638, 643, 648, 649, 654, 659, 660, 661, 682, 694, 744, 745, 765, 779, 786, 796, 799, 800, 801, 802, 804, 805, 806, 807, 824, 825, 827, 843, 896, 897, 898, 910, 916, 917, 927, 928, 929, 931, 932, 933, 934, 935, 936, 937, 945], "excluded_lines": [], "functions": {"_verbosity_to_level": {"executed_lines": [27, 28, 29, 30, 31], "summary": {"covered_lines": 5, "num_statements": 5, "percent_covered": 100.0, "percent_covered_display": "100", "missing_lines": 0, "excluded_lines": 0, "percent_statements_covered": 100.0, "percent_statements_covered_display": "100"}, "missing_lines": [], "excluded_lines": [], "start_line": 26}, "_parse_verbosity": {"executed_lines": [35, 36, 37, 40, 43, 44, 45, 46, 49, 50, 51, 52, 53, 54], "summary": {"covered_lines": 14, "num_statements": 20, "percent_covered": 70.0, "percent_covered_display": "70", "missing_lines": 6, "excluded_lines": 0, "percent_statements_covered": 70.0, "percent_statements_covered_display": "70"}, "missing_lines": [38, 39, 41, 42, 47, 48], "excluded_lines": [], "start_line": 34}, "_bootstrap_cli_logging_env": {"executed_lines": [59, 61, 62, 63, 64, 65], "summary": {"covered_lines": 6, "num_statements": 6, "percent_covered": 100.0, "percent_covered_display": "100", "missing_lines": 0, "excluded_lines": 0, "percent_statements_covered": 100.0, "percent_statements_covered_display": "100"}, "missing_lines": [], "excluded_lines": [], "start_line": 57}, "_resolve_session_id": {"executed_lines": [111, 112, 113, 114, 115, 116, 117, 118, 119, 120, 121, 122], "summary": {"covered_lines": 12, "num_statements": 12, "percent_covered": 100.0, "percent_covered_display": "100", "missing_lines": 0, "excluded_lines": 0, "percent_statements_covered": 100.0, "percent_statements_covered_display": "100"}, "missing_lines": [], "excluded_lines": [], "start_line": 105}, "_format_steps": {"executed_lines": [126, 127, 128, 135], "summary": {"covered_lines": 4, "num_statements": 4, "percent_covered": 100.0, "percent_covered_display": "100", "missing_lines": 0, "excluded_lines": 0, "percent_statements_covered": 100.0, "percent_statements_covered_display": "100"}, "missing_lines": [], "excluded_lines": [], "start_line": 125}, "_ensure_history_path": {"executed_lines": [139, 140, 141], "summary": {"covered_lines": 3, "num_statements": 3, "percent_covered": 100.0, "percent_covered_display": "100", "missing_lines": 0, "excluded_lines": 0, "percent_statements_covered": 100.0, "percent_statements_covered_display": "100"}, "missing_lines": [], "excluded_lines": [], "start_line": 138}, "_parse_command": {"executed_lines": [145, 146, 147], "summary": {"covered_lines": 3, "num_statements": 3, "percent_covered": 100.0, "percent_covered_display": "100", "missing_lines": 0, "excluded_lines": 0, "percent_statements_covered": 100.0, "percent_statements_covered_display": "100"}, "missing_lines": [], "excluded_lines": [], "start_line": 144}, "_resolve_display_model": {"executed_lines": [151], "summary": {"covered_lines": 1, "num_statements": 1, "percent_covered": 100.0, "percent_covered_display": "100", "missing_lines": 0, "excluded_lines": 0, "percent_statements_covered": 100.0, "percent_statements_covered_display": "100"}, "missing_lines": [], "excluded_lines": [], "start_line": 150}, "_resolve_query_mode": {"executed_lines": [160, 161, 169, 171], "summary": {"covered_lines": 4, "num_statements": 5, "percent_covered": 80.0, "percent_covered_display": "80", "missing_lines": 1, "excluded_lines": 0, "percent_statements_covered": 80.0, "percent_statements_covered_display": "80"}, "missing_lines": [170], "excluded_lines": [], "start_line": 159}, "_truncate_middle": {"executed_lines": [194, 195, 196, 197, 198, 199, 200, 201, 202, 203], "summary": {"covered_lines": 10, "num_statements": 10, "percent_covered": 100.0, "percent_covered_display": "100", "missing_lines": 0, "excluded_lines": 0, "percent_statements_covered": 100.0, "percent_statements_covered_display": "100"}, "missing_lines": [], "excluded_lines": [], "start_line": 193}, "_short_model": {"executed_lines": [207], "summary": {"covered_lines": 1, "num_statements": 1, "percent_covered": 100.0, "percent_covered_display": "100", "missing_lines": 0, "excluded_lines": 0, "percent_statements_covered": 100.0, "percent_statements_covered_display": "100"}, "missing_lines": [], "excluded_lines": [], "start_line": 206}, "_short_url": {"executed_lines": [211], "summary": {"covered_lines": 1, "num_statements": 1, "percent_covered": 100.0, "percent_covered_display": "100", "missing_lines": 0, "excluded_lines": 0, "percent_statements_covered": 100.0, "percent_statements_covered_display": "100"}, "missing_lines": [], "excluded_lines": [], "start_line": 210}, "_format_model": {"executed_lines": [215, 216, 217, 218, 219, 220, 221, 222, 223], "summary": {"covered_lines": 9, "num_statements": 9, "percent_covered": 100.0, "percent_covered_display": "100", "missing_lines": 0, "excluded_lines": 0, "percent_statements_covered": 100.0, "percent_statements_covered_display": "100"}, "missing_lines": [], "excluded_lines": [], "start_line": 214}, "_resolve_cli_version": {"executed_lines": [227, 228, 229, 230, 231, 232, 233], "summary": {"covered_lines": 7, "num_statements": 7, "percent_covered": 100.0, "percent_covered_display": "100", "missing_lines": 0, "excluded_lines": 0, "percent_statements_covered": 100.0, "percent_statements_covered_display": "100"}, "missing_lines": [], "excluded_lines": [], "start_line": 226}, "_brand_line": {"executed_lines": [237, 238, 239, 240, 241, 242, 243, 244], "summary": {"covered_lines": 8, "num_statements": 8, "percent_covered": 100.0, "percent_covered_display": "100", "missing_lines": 0, "excluded_lines": 0, "percent_statements_covered": 100.0, "percent_statements_covered_display": "100"}, "missing_lines": [], "excluded_lines": [], "start_line": 236}, "_kv_line": {"executed_lines": [248, 249, 250, 251, 252, 254, 255], "summary": {"covered_lines": 7, "num_statements": 7, "percent_covered": 100.0, "percent_covered_display": "100", "missing_lines": 0, "excluded_lines": 0, "percent_statements_covered": 100.0, "percent_statements_covered_display": "100"}, "missing_lines": [], "excluded_lines": [], "start_line": 247}, "_langfuse_value": {"executed_lines": [259, 260, 261, 262], "summary": {"covered_lines": 4, "num_statements": 4, "percent_covered": 100.0, "percent_covered_display": "100", "missing_lines": 0, "excluded_lines": 0, "percent_statements_covered": 100.0, "percent_statements_covered_display": "100"}, "missing_lines": [], "excluded_lines": [], "start_line": 258}, "_tools_value": {"executed_lines": [266, 267, 268, 270, 271, 272, 273, 274, 275, 276, 278, 279, 280, 281, 282, 283, 284, 285, 286], "summary": {"covered_lines": 19, "num_statements": 19, "percent_covered": 100.0, "percent_covered_display": "100", "missing_lines": 0, "excluded_lines": 0, "percent_statements_covered": 100.0, "percent_statements_covered_display": "100"}, "missing_lines": [], "excluded_lines": [], "start_line": 265}, "_render_header_wide": {"executed_lines": [293, 294, 295, 297, 304, 305, 306, 307, 308], "summary": {"covered_lines": 9, "num_statements": 9, "percent_covered": 100.0, "percent_covered_display": "100", "missing_lines": 0, "excluded_lines": 0, "percent_statements_covered": 100.0, "percent_statements_covered_display": "100"}, "missing_lines": [], "excluded_lines": [], "start_line": 292}, "_render_header_normal": {"executed_lines": [312, 313, 314, 316, 322, 323, 324, 325, 326, 327, 328], "summary": {"covered_lines": 11, "num_statements": 11, "percent_covered": 100.0, "percent_covered_display": "100", "missing_lines": 0, "excluded_lines": 0, "percent_statements_covered": 100.0, "percent_statements_covered_display": "100"}, "missing_lines": [], "excluded_lines": [], "start_line": 311}, "_render_header_tiny": {"executed_lines": [332, 333, 334, 335, 336, 337, 338, 339, 340, 342, 343, 344, 345, 347, 348, 349], "summary": {"covered_lines": 16, "num_statements": 16, "percent_covered": 100.0, "percent_covered_display": "100", "missing_lines": 0, "excluded_lines": 0, "percent_statements_covered": 100.0, "percent_statements_covered_display": "100"}, "missing_lines": [], "excluded_lines": [], "start_line": 331}, "render_header": {"executed_lines": [354, 355, 356, 357, 358, 360], "summary": {"covered_lines": 6, "num_statements": 6, "percent_covered": 100.0, "percent_covered_display": "100", "missing_lines": 0, "excluded_lines": 0, "percent_statements_covered": 100.0, "percent_statements_covered_display": "100"}, "missing_lines": [], "excluded_lines": [], "start_line": 352}, "run_cli": {"executed_lines": [372, 373, 374, 379, 380, 381, 382, 387, 388, 389, 395, 396, 398, 399, 400, 401, 402, 403, 404, 405, 406, 407, 408, 409, 414, 415, 416, 417, 418, 419, 420, 435, 436, 437, 438, 439, 440, 442, 443, 445, 446, 448, 449, 450, 455, 457, 458, 459, 466, 467], "summary": {"covered_lines": 50, "num_statements": 57, "percent_covered": 87.71929824561404, "percent_covered_display": "88", "missing_lines": 7, "excluded_lines": 0, "percent_statements_cove
[...]
6, 417, 418, 421, 422, 423, 424, 427, 428, 435], "summary": {"covered_lines": 12, "num_statements": 18, "percent_covered": 66.66666666666667, "percent_covered_display": "67", "missing_lines": 6, "excluded_lines": 0, "percent_statements_covered": 66.66666666666667, "percent_statements_covered_display": "67"}, "missing_lines": [419, 425, 426, 436, 437, 440], "excluded_lines": [], "start_line": 392}, "HomeAssistant._create_set_prompt": {"executed_lines": [456, 459, 475], "summary": {"covered_lines": 3, "num_statements": 3, "percent_covered": 100.0, "percent_covered_display": "100", "missing_lines": 0, "excluded_lines": 0, "percent_statements_covered": 100.0, "percent_statements_covered_display": "100"}, "missing_lines": [], "excluded_lines": [], "start_line": 443}, "HomeAssistant._create_get_prompt": {"executed_lines": [487, 508], "summary": {"covered_lines": 2, "num_statements": 2, "percent_covered": 100.0, "percent_covered_display": "100", "missing_lines": 0, "excluded_lines": 0, "percent_statements_covered": 100.0, "percent_statements_covered_display": "100"}, "missing_lines": [], "excluded_lines": [], "start_line": 478}, "HomeAssistant._clean_answer": {"executed_lines": [520, 537, 538, 542, 544], "summary": {"covered_lines": 5, "num_statements": 5, "percent_covered": 100.0, "percent_covered_display": "100", "missing_lines": 0, "excluded_lines": 0, "percent_statements_covered": 100.0, "percent_statements_covered_display": "100"}, "missing_lines": [], "excluded_lines": [], "start_line": 511}, "HomeAssistant._invoke_service_and_set_state": {"executed_lines": [562, 564, 565, 566, 569, 572, 577, 578, 584], "summary": {"covered_lines": 9, "num_statements": 13, "percent_covered": 69.23076923076923, "percent_covered_display": "69", "missing_lines": 4, "excluded_lines": 0, "percent_statements_covered": 69.23076923076923, "percent_statements_covered_display": "69"}, "missing_lines": [580, 581, 582, 583], "excluded_lines": [], "start_line": 546}, "HomeAssistant.set_state": {"executed_lines": [598, 600, 601, 602, 606, 607, 608, 610, 611, 613, 617], "summary": {"covered_lines": 11, "num_statements": 13, "percent_covered": 84.61538461538461, "percent_covered_display": "85", "missing_lines": 2, "excluded_lines": 0, "percent_statements_covered": 84.61538461538461, "percent_statements_covered_display": "85"}, "missing_lines": [599, 609], "excluded_lines": [], "start_line": 586}, "HomeAssistant.get_state": {"executed_lines": [631, 633, 634, 636, 638, 639, 641, 642, 644, 645, 651, 652, 653], "summary": {"covered_lines": 13, "num_statements": 15, "percent_covered": 86.66666666666667, "percent_covered_display": "87", "missing_lines": 2, "excluded_lines": 0, "percent_statements_covered": 86.66666666666667, "percent_statements_covered_display": "87"}, "missing_lines": [632, 640], "excluded_lines": [], "start_line": 619}, "": {"executed_lines": [4, 6, 7, 8, 10, 11, 12, 13, 14, 15, 16, 17, 18, 19, 20, 22, 28, 29, 30, 33, 36, 37, 38, 39, 40, 41, 42, 45, 46, 53, 56, 59, 71, 216, 219, 220, 223, 229, 236, 238, 260, 262, 284, 287, 290, 293, 318, 319, 340, 341, 361, 362, 380, 381, 392, 442, 443, 477, 478, 510, 511, 546, 586, 619], "summary": {"covered_lines": 64, "num_statements": 64, "percent_covered": 100.0, "percent_covered_display": "100", "missing_lines": 0, "excluded_lines": 2, "percent_statements_covered": 100.0, "percent_statements_covered_display": "100"}, "missing_lines": [], "excluded_lines": [69, 70], "start_line": 1}}, "classes": {"HomeAssistantCache": {"executed_lines": [], "summary": {"covered_lines": 0, "num_statements": 0, "percent_covered": 100.0, "percent_covered_display": "100", "missing_lines": 0, "excluded_lines": 0, "percent_statements_covered": 100.0, "percent_statements_covered_display": "100"}, "missing_lines": [], "excluded_lines": [], "start_line": 33}, "CacheHolder": {"executed_lines": [], "summary": {"covered_lines": 0, "num_statements": 0, "percent_covered": 100.0, "percent_covered_display": "100", "missing_lines": 0, "excluded_lines": 0, "percent_statements_covered": 100.0, "percent_statements_covered_display": "100"}, "missing_lines": [], "excluded_lines": [], "start_line": 46}, "SupportsInvoke": {"executed_lines": [], "summary": {"covered_lines": 0, "num_statements": 0, "percent_covered": 100.0, "percent_covered_display": "100", "missing_lines": 0, "excluded_lines": 1, "percent_statements_covered": 100.0, "percent_statements_covered_display": "100"}, "missing_lines": [], "excluded_lines": [68], "start_line": 56}, "HomeAssistantCall": {"executed_lines": [255, 256, 258, 279, 280, 282], "summary": {"covered_lines": 6, "num_statements": 8, "percent_covered": 75.0, "percent_covered_display": "75", "missing_lines": 2, "excluded_lines": 0, "percent_statements_covered": 75.0, "percent_statements_covered_display": "75"}, "missing_lines": [257, 281], "excluded_lines": [], "start_line": 216}, "HomeAssistantCall.Config": {"executed_lines": [], "summary": {"covered_lines": 0, "num_statements": 0, "percent_covered": 100.0, "percent_covered_display": "100", "missing_lines": 0, "excluded_lines": 0, "percent_statements_covered": 100.0, "percent_statements_covered_display": "100"}, "missing_lines": [], "excluded_lines": [], "start_line": 284}, "HomeAssistant": {"executed_lines": [325, 326, 327, 328, 329, 332, 333, 334, 335, 347, 348, 349, 350, 351, 354, 355, 356, 372, 373, 374, 376, 377, 378, 413, 414, 416, 417, 418, 421, 422, 423, 424, 427, 428, 435, 456, 459, 475, 487, 508, 520, 537, 538, 542, 544, 562, 564, 565, 566, 569, 572, 577, 578, 584, 598, 600, 601, 602, 606, 607, 608, 610, 611, 613, 617, 631, 633, 634, 636, 638, 639, 641, 642, 644, 645, 651, 652, 653], "summary": {"covered_lines": 78, "num_statements": 114, "percent_covered": 68.42105263157895, "percent_covered_display": "68", "missing_lines": 36, "excluded_lines": 0, "percent_statements_covered": 68.42105263157895, "percent_statements_covered_display": "68"}, "missing_lines": [295, 299, 300, 301, 310, 311, 313, 330, 331, 336, 337, 338, 352, 353, 357, 358, 359, 375, 387, 388, 389, 390, 419, 425, 426, 436, 437, 440, 580, 581, 582, 583, 599, 609, 632, 640], "excluded_lines": [], "start_line": 290}, "": {"executed_lines": [4, 6, 7, 8, 10, 11, 12, 13, 14, 15, 16, 17, 18, 19, 20, 22, 28, 29, 30, 33, 36, 37, 38, 39, 40, 41, 42, 45, 46, 53, 56, 59, 71, 81, 90, 92, 107, 108, 109, 110, 111, 112, 114, 115, 116, 117, 118, 119, 121, 122, 124, 127, 130, 133, 134, 136, 137, 138, 140, 151, 153, 183, 184, 186, 189, 196, 197, 199, 211, 213, 216, 219, 220, 223, 229, 236, 238, 260, 262, 284, 287, 290, 293, 318, 319, 340, 341, 361, 362, 380, 381, 392, 442, 443, 477, 478, 510, 511, 546, 586, 619], "summary": {"covered_lines": 101, "num_statements": 103, "percent_covered": 98.05825242718447, "percent_covered_display": "98", "missing_lines": 2, "excluded_lines": 2, "percent_statements_covered": 98.05825242718447, "percent_statements_covered_display": "98"}, "missing_lines": [125, 128], "excluded_lines": [69, 70], "start_line": 1}}}, "packages/meeseeks_tools/src/meeseeks_tools/integration/mcp.py": {"executed_lines": [4, 6, 7, 8, 9, 10, 12, 13, 14, 16, 17, 20, 21, 22, 23, 24, 25, 26, 28, 31, 32, 33, 34, 35, 36, 43, 45, 48, 50, 51, 52, 53, 54, 55, 56, 59, 70, 71, 72, 73, 74, 75, 76, 77, 78, 81, 88, 89, 91, 92, 93, 94, 97, 99, 100, 122, 123, 124, 125, 127, 128, 129, 130, 132, 133, 134, 135, 136, 137, 138, 139, 140, 141, 142, 143, 144, 150, 153, 154, 155, 158, 161, 162, 166, 167, 168, 169, 170, 171, 172, 173, 174, 175, 176, 177, 178, 179, 180, 186, 187, 190, 193, 194, 197, 199, 200, 206, 208, 211, 215, 218, 219, 222, 223, 224, 225, 226, 229, 231, 234, 240, 241, 243, 244, 247, 253, 254, 255, 256, 257, 258, 259, 262, 265, 272, 273, 275, 288, 289, 293, 294, 295, 298, 299, 300, 301, 302, 303, 306, 307, 308, 309, 310, 311, 313, 325, 327, 328, 329, 332, 341, 342, 343, 344, 346, 347, 348, 349, 350, 351, 352, 353, 355, 356, 357, 358, 359, 360, 361, 362, 363, 365, 366, 367, 369, 370, 371, 373, 374, 376, 377, 378, 379, 380, 381, 382, 383, 385, 386, 388, 389, 390, 392], "summary": {"covered_lines": 203, "num_statements": 223, "percent_covered": 91.03139013452915, "percent_covered_display": "91", "missing_lines": 20, "excluded_lines": 6, "percent_statements_covered": 91.03139013452915, "percent_statements_covered_display": "91"}, "missing_lines": [90, 101, 102, 103, 105, 106, 108, 109, 110, 114, 115, 116, 117, 118, 119, 126, 145, 242, 296, 326], "excluded_lines": [111, 112, 163, 164, 290, 291], "functions": {"_log_discovery_failure": {"executed_lines": [21, 22, 23, 24, 25, 26, 28], "summary": {"covered_lines": 7, "num_statements": 7, "percent_covered": 100.0, "percent_covered_display": "100", "missing_lines": 0, "excluded_lines": 0, "percent_statements_covered": 100.0, "percent_statements_covered_display": "100"}, "missing_lines": [], "excluded_lines": [], "start_line": 20}, "_log_runtime_failure": {"executed_lines": [32, 33, 34, 35, 36, 43, 45], "summary": {"covered_lines": 7, "num_statements": 7, "percent_covered": 100.0, "percent_covered_display": "100", "missing_lines": 0, "excluded_lines": 0, "percent_statements_covered": 100.0, "percent_statements_covered_display": "100"}, "missing_lines": [], "excluded_lines": [], "start_line": 31}, "_normalize_mcp_config": {"executed_lines": [50, 51, 52, 53, 54, 55, 56], "summary": {"covered_lines": 7, "num_statements": 7, "percent_covered": 100.0, "percent_covered_display": "100", "missing_lines": 0, "excluded_lines": 0, "percent_statements_covered": 100.0, "percent_statements_covered_display": "100"}, "missing_lines": [], "excluded_lines": [], "start_line": 48}, "_load_mcp_config": {"executed_lines": [70, 71, 72, 73, 74, 75, 76, 77, 78], "summary": {"covered_lines": 9, "num_statements": 9, "percent_covered": 100.0, "percent_covered_display": "100", "missing_lines": 0, "excluded_lines": 0, "percent_statements_covered": 100.0, "percent_statements_covered_display": "100"}, "missing_lines": [], "excluded_lines": [], "start_line": 59}, "save_mcp_config": {"executed_lines": [88, 89, 91, 92, 93, 94], "summary": {"covered_lines": 6, "num_statements": 7, "percent_covered": 85.71428571428571, "percent_covered_display": "86", "missing_lines": 1, "excluded_lines": 0, "percent_statements_covered": 85.71428571428571, "percent_statements_covered_display": "86"}, "missing_lines": [90], "excluded_lines": [], "start_line": 81}, "_run_async": {"executed_lines": [99, 100], "summary": {"covered_lines": 2, "num_statements": 14, "percent_covered": 14.285714285714286, "percent_covered_display": "14", "missing_lines": 12, "excluded_lines": 0, "percent_statements_covered": 14.285714285714286, "percent_statements_covered_display": "14"}, "missing_lines": [101, 102, 103, 105, 106, 108, 114, 115, 116, 117, 118, 119], "excluded_lines": [], "start_line": 97}, "_run_async._runner": {"executed_lines": [], "summary": {"covered_lines": 0, "num_statements": 2, "percent_covered": 0.0, "percent_covered_display": "0", "missing_lines": 2, "excluded_lines": 2, "percent_statements_covered": 0.0, "percent_statements_covered_display": "0"}, "missing_lines": [109, 110], "excluded_lines": [111, 112], "start_line": 108}, "_schema_from_args_schema": {"executed_lines": [123, 124, 125, 127, 128, 129, 130, 132, 133, 134, 135, 136, 137, 138, 139, 140, 141, 142, 143, 144, 150], "summary": {"covered_lines": 21, "num_statements": 23, "percent_covered": 91.30434782608695, "percent_covered_display": "91", "missing_lines": 2, "excluded_lines": 0, "percent_statements_covered": 91.30434782608695, "percent_statements_covered_display": "91"}, "missing_lines": [126, 145], "excluded_lines": [], "start_line": 122}, "_tool_schema_payload": {"executed_lines": [154, 155], "summary": {"covered_lines": 2, "num_statements": 2, "percent_covered": 100.0, "percent_covered_display": "100", "missing_lines": 0, "excluded_lines": 0, "percent_statements_covered": 100.0, "percent_statements_covered_display": "100"}, "missing_lines": [], "excluded_lines": [], "start_line": 153}, "_discover_mcp_tool_details_with_failures_async": {"executed_lines": [161, 162, 166, 167, 168, 169, 170, 171, 172, 173, 174, 175, 176, 177, 178, 179, 180, 186, 187], "summary": {"covered_lines": 19, "num_statements": 19, "percent_covered": 100.0, "percent_covered_display": "100", "missing_lines": 0, "excluded_lines": 2, "percent_statements_covered": 100.0, "percent_statements_covered_display": "100"}, "missing_lines": [], "excluded_lines": [163, 164], "start_line": 158}, "_discover_mcp_tool_details_async": {"executed_lines": [193, 194], "summary": {"covered_lines": 2, "num_statements": 2, "percent_covered": 100.0, "percent_covered_display": "100", "missing_lines": 0, "excluded_lines": 0, "percent_statements_covered": 100.0, "percent_statements_covered_display": "100"}, "missing_lines": [], "excluded_lines": [], "start_line": 190}, "discover_mcp_tools": {"executed_lines": [199, 200], "summary": {"covered_lines": 2, "num_statements": 2, "percent_covered": 100.0, "percent_covered_display": "100", "missing_lines": 0, "excluded_lines": 0, "percent_statements_covered": 100.0, "percent_statements_covered_display": "100"}, "missing_lines": [], "excluded_lines": [], "start_line": 197}, "discover_mcp_tool_details": {"executed_lines": [208], "summary": {"covered_lines": 1, "num_statements": 1, "percent_covered": 100.0, "percent_covered_display": "100", "missing_lines": 0, "excluded_lines": 0, "percent_statements_covered": 100.0, "percent_statements_covered_display": "100"}, "missing_lines": [], "excluded_lines": [], "start_line": 206}, "discover_mcp_tool_details_with_failures": {"executed_lines": [215, 218, 219], "summary": {"covered_lines": 3, "num_statements": 3, "percent_covered": 100.0, "percent_covered_display": "100", "missing_lines": 0, "excluded_lines": 0, "percent_statements_covered": 100.0, "percent_statements_covered_display": "100"}, "missing_lines": [], "excluded_lines": [], "start_line": 211}, "_record_discovery_failures": {"executed_lines": [223, 224, 225, 226], "summary": {"covered_lines": 4, "num_statements": 4, "percent_covered": 100.0, "percent_covered_display": "100", "missing_lines": 0, "excluded_lines": 0, "percent_statements_covered": 100.0, "percent_statements_covered_display": "100"}, "missing_lines": [], "excluded_lines": [], "start_line": 222}, "get_last_discovery_failures": {"executed_lines": [231], "summary": {"covered_lines": 1, "num_statements": 1, "percent_covered": 100.0, "percent_covered_display": "100", "missing_lines": 0, "excluded_lines": 0, "percent_statements_covered": 100.0, "percent_statements_covered_display": "100"}, "missing_lines": [], "excluded_lines": [], "start_line": 229}, "tool_auto_approved": {"executed_lines": [240, 241, 243, 244], "summary": {"covered_lines": 4, "num_statements": 5, "percent_covered": 80.0, "percent_covered_display": "80", "missing_lines": 1, "excluded_lines": 0, "percent_statements_covered": 80.0, "percent_statements_covered_display": "80"}, "missing_lines": [242], "excluded_lines": [], "start_line": 234}, "mark_tool_auto_approved": {"executed_lines": [253, 254, 255, 256, 257, 258, 259], "summary": {"covered_lines": 7, "num_statements": 7, "percent_covered": 100.0, "percent_covered_display": "100", "missing_lines": 0, "excluded_lines": 0, "percent_statements_covered": 100.0, "percent_statements_covered_display": "100"}, "missing_lines": [], "excluded_lines": [], "start_line": 247}, "MCPToolRunner.__init__": {"executed_lines": [272, 273], "summary": {"covered_lines": 2, "num_statements": 2, "percent_covered": 100.0, "percent_covered_display": "100", "missing_lines": 0, "excluded_lines": 0, "percent_statements_covered": 100.0, "percent_statements_covered_display": "100"}, "missing_lines": [], "excluded_lines": [], "start_line": 265}, "MCPToolRunner._invoke_async": {"executed_lines": [288, 289, 293, 294, 295, 298, 299, 300, 301, 302, 303, 306, 307, 308, 309, 310, 311], "summary": {"covered_lines": 17, "num_statements": 18, "percent_covered": 94.44444444444444, "percent_covered_display": "94", "missing_lines": 1, "excluded_lines": 2, "percent_statements_covered": 94.44444444444444, "percent_statements_covered_display": "94"}, "missing_lines": [296], "excluded_lines": [290, 291], "start_line": 275}, "MCPToolRunner.run": {"executed_lines": [325, 327, 328, 329], "summary": {"covered_lines": 4, "num_statements": 5, "percent_covered": 80.0, "percent_covered_display": "80", "missing_lines": 1, "excluded_lines": 0, "percent_statements_covered": 80.0, "percent_statements_covered_display": "80"}, "missing_lines": [326], "excluded_lines": [], "start_line": 313}, "_prepare_mcp_input": {"executed_lines": [341, 342, 343, 344, 346, 347, 348, 349, 350, 351, 352, 353, 355, 356, 357, 358, 359, 360, 361, 362, 363, 365, 366, 367, 369, 370, 371, 373, 374, 376, 385, 386, 388, 389, 390, 392], "summary": {"covered_lines": 36, "num_statements": 36, "percent_covered": 100.0, "percent_covered_display": "100", "missing_lines": 0, "excluded_lines": 0, "percent_statements_covered": 100.0, "percent_statements_covered_display": "100"}, "missing_lines": [], "excluded_lines": [], "start_line": 332}, "_prepare_mcp_input._wrap_value": {"executed_lines": [377, 378, 379, 380, 381, 382, 383], "summary": {"covered_lines": 7, "num_statements": 7, "percent_covered": 100.0, "percent_covered_display": "100", "missing_lines": 0, "excluded_lines": 0, "percent_statements_covered": 100.0, "percent_statements_covered_display": "100"}, "missing_lines": [], "excluded_lines": [], "start_line": 376}, "": {"executed_lines": [4, 6, 7, 8, 9, 10, 12, 13, 14, 16, 17, 20, 31, 48, 59, 81, 97, 122, 153, 158, 190, 197, 206, 211, 222, 229, 234, 247, 262, 265, 275, 313, 332], "summary": {"covered_lines": 33, "num_statements": 33, "percent_covered": 100.0, "percent_covered_display": "100", "missing_lines": 0, "excluded_lines": 0, "percent_statements_covered": 100.0, "percent_statements_covered_display": "100"}, "missing_lines": [], "excluded_lines": [], "start_line": 1}}, "classes": {"MCPToolRunner": {"executed_lines": [272, 273, 288, 289, 293, 294, 295, 298, 299, 300, 301, 302, 303, 306, 307, 308, 309, 310, 311, 325, 327, 328, 329], "summary": {"covered_lines": 23, "num_statements": 25, "percent_covered": 92.0, "percent_covered_display": "92", "missing_lines": 2, "excluded_lines": 2, "percent_statements_covered": 92.0, "percent_statements_covered_display": "92"}, "missing_lines": [296, 326], "excluded_lines": [290, 291], "start_line": 262}, "": {"executed_lines": [4, 6, 7, 8, 9, 10, 12, 13, 14, 16, 17, 20, 21, 22, 23, 24, 25, 26, 28, 31, 32, 33, 34, 35, 36, 43, 45, 48, 50, 51, 52, 53, 54, 55, 56, 59, 70, 71, 72, 73, 74, 75, 76, 77, 78, 81, 88, 89, 91, 92, 93, 94, 97, 99, 100, 122, 123, 124, 125, 127, 128, 129, 130, 132, 133, 134, 135, 136, 137, 138, 139, 140, 141, 142, 143, 144, 150, 153, 154, 155, 158, 161, 162, 166, 167, 168, 169, 170, 171, 172, 173, 174, 175, 176, 177, 178, 179, 180, 186, 187, 190, 193, 194, 197, 199, 200, 206, 208, 211, 215, 218, 219, 222, 223, 224, 225, 226, 229, 231, 234, 240, 241, 243, 244, 247, 253, 254, 255, 256, 257, 258, 259, 262, 265, 275, 313, 332, 341, 342, 343, 344, 346, 347, 348, 349, 350, 351, 352, 353, 355, 356, 357, 358, 359, 360, 361, 362, 363, 365, 366, 367, 369, 370, 371, 373, 374, 376, 377, 378, 379, 380, 381, 382, 383, 385, 386, 388, 389, 390, 392], "summary": {"covered_lines": 180, "num_statements": 198, "percent_covered": 90.9090909090909, "percent_covered_display": "91", "missing_lines": 18, "excluded_lines": 4, "percent_statements_covered": 90.9090909090909, "percent_statements_covered_display": "91"}, "missing_lines": [90, 101, 102, 103, 105, 106, 108, 109, 110, 114, 115, 116, 117, 118, 119, 126, 145, 242], "excluded_lines": [111, 112, 163, 164], "start_line": 1}}}}, "totals": {"covered_lines": 4574, "num_statements": 5146, "percent_covered": 88.88457054022541, "percent_covered_display": "89", "missing_lines": 572, "excluded_lines": 44, "percent_statements_covered": 88.88457054022541, "percent_statements_covered_display": "89"}}