{"meta": {"format": 3, "version": "7.13.3", "timestamp": "2026-02-04T04:12:55.364914", "branch_coverage": false, "show_contexts": false}, "files": {"meeseeks_ha_conversation/__init__.py": {"executed_lines": [6, 8, 10, 11, 12, 13, 14, 15, 16, 17, 19, 20, 23, 24, 28, 30, 31, 32, 33, 36, 38, 39, 40, 41, 44, 87, 101, 112, 115, 117, 118, 119, 120, 122, 123, 131, 147, 151, 152, 153, 159, 161, 162, 163, 164, 165, 167, 171, 175, 176, 177, 179, 180, 181, 185, 205], "summary": {"covered_lines": 56, "num_statements": 81, "percent_covered": 69.1358024691358, "percent_covered_display": "69", "missing_lines": 25, "excluded_lines": 0, "percent_statements_covered": 69.1358024691358, "percent_statements_covered_display": "69"}, "missing_lines": [58, 59, 65, 70, 72, 74, 75, 76, 77, 78, 80, 82, 84, 97, 98, 108, 109, 129, 148, 149, 197, 223, 231, 232, 233], "excluded_lines": [], "functions": {"async_setup_entry": {"executed_lines": [], "summary": {"covered_lines": 0, "num_statements": 13, "percent_covered": 0.0, "percent_covered_display": "0", "missing_lines": 13, "excluded_lines": 0, "percent_statements_covered": 0.0, "percent_statements_covered_display": "0"}, "missing_lines": [58, 59, 65, 70, 72, 74, 75, 76, 77, 78, 80, 82, 84], "excluded_lines": [], "start_line": 44}, "async_unload_entry": {"executed_lines": [], "summary": {"covered_lines": 0, "num_statements": 2, "percent_covered": 0.0, "percent_covered_display": "0", "missing_lines": 2, "excluded_lines": 0, "percent_statements_covered": 0.0, "percent_statements_covered_display": "0"}, "missing_lines": [97, 98], "excluded_lines": [], "start_line": 87}, "async_reload_entry": {"executed_lines": [], "summary": {"covered_lines": 0, "num_statements": 2, "percent_covered": 0.0, "percent_covered_display": "0", "missing_lines": 2, "excluded_lines": 0, "percent_statements_covered": 0.0, "percent_statements_covered_display": "0"}, "missing_lines": [108, 109], "excluded_lines": [], "start_line": 101}, "MeeseeksAgent.__init__": {"executed_lines": [117, 118, 119, 120], "summary": {"covered_lines": 4, "num_statements": 4, "percent_covered": 100.0, "percent_covered_display": "100", "missing_lines": 0, "excluded_lines": 0, "percent_statements_covered": 100.0, "percent_statements_covered_display": "100"}, "missing_lines": [], "excluded_lines": [], "start_line": 115}, "MeeseeksAgent.supported_languages": {"executed_lines": [], "summary": {"covered_lines": 0, "num_statements": 1, "percent_covered": 0.0, "percent_covered_display": "0", "missing_lines": 1, "excluded_lines": 0, "percent_statements_covered": 0.0, "percent_statements_covered_display": "0"}, "missing_lines": [129], "excluded_lines": [], "start_line": 123}, "MeeseeksAgent.async_process": {"executed_lines": [147, 151, 152, 153, 159, 161, 162, 163, 164, 165, 167, 171, 175, 176, 177, 179, 180, 181], "summary": {"covered_lines": 18, "num_statements": 20, "percent_covered": 90.0, "percent_covered_display": "90", "missing_lines": 2, "excluded_lines": 0, "percent_statements_covered": 90.0, "percent_statements_covered_display": "90"}, "missing_lines": [148, 149], "excluded_lines": [], "start_line": 131}, "MeeseeksAgent._async_generate_prompt": {"executed_lines": [], "summary": {"covered_lines": 0, "num_statements": 1, "percent_covered": 0.0, "percent_covered_display": "0", "missing_lines": 1, "excluded_lines": 0, "percent_statements_covered": 0.0, "percent_statements_covered_display": "0"}, "missing_lines": [197], "excluded_lines": [], "start_line": 185}, "MeeseeksAgent.query": {"executed_lines": [], "summary": {"covered_lines": 0, "num_statements": 4, "percent_covered": 0.0, "percent_covered_display": "0", "missing_lines": 4, "excluded_lines": 0, "percent_statements_covered": 0.0, "percent_statements_covered_display": "0"}, "missing_lines": [223, 231, 232, 233], "excluded_lines": [], "start_line": 205}, "": {"executed_lines": [6, 8, 10, 11, 12, 13, 14, 15, 16, 17, 19, 20, 23, 24, 28, 30, 31, 32, 33, 36, 38, 39, 40, 41, 44, 87, 101, 112, 115, 122, 123, 131, 185, 205], "summary": {"covered_lines": 34, "num_statements": 34, "percent_covered": 100.0, "percent_covered_display": "100", "missing_lines": 0, "excluded_lines": 0, "percent_statements_covered": 100.0, "percent_statements_covered_display": "100"}, "missing_lines": [], "excluded_lines": [], "start_line": 1}}, "classes": {"MeeseeksMessage": {"executed_lines": [], "summary": {"covered_lines": 0, "num_statements": 0, "percent_covered": 100.0, "percent_covered_display": "100", "missing_lines": 0, "excluded_lines": 0, "percent_statements_covered": 100.0, "percent_statements_covered_display": "100"}, "missing_lines": [], "excluded_lines": [], "start_line": 28}, "MeeseeksResponse": {"executed_lines": [], "summary": {"covered_lines": 0, "num_statements": 0, "percent_covered": 100.0, "percent_covered_display": "100", "missing_lines": 0, "excluded_lines": 0, "percent_statements_covered": 100.0, "percent_statements_covered_display": "100"}, "missing_lines": [], "excluded_lines": [], "start_line": 36}, "MeeseeksAgent": {"executed_lines": [117, 118, 119, 120, 147, 151, 152, 153, 159, 161, 162, 163, 164, 165, 167, 171, 175, 176, 177, 179, 180, 181], "summary": {"covered_lines": 22, "num_statements": 30, "percent_covered": 73.33333333333333, "percent_covered_display": "73", "missing_lines": 8, "excluded_lines": 0, "percent_statements_covered": 73.33333333333333, "percent_statements_covered_display": "73"}, "missing_lines": [129, 148, 149, 197, 223, 231, 232, 233], "excluded_lines": [], "start_line": 112}, "": {"executed_lines": [6, 8, 10, 11, 12, 13, 14, 15, 16, 17, 19, 20, 23, 24, 28, 30, 31, 32, 33, 36, 38, 39, 40, 41, 44, 87, 101, 112, 115, 122, 123, 131, 185, 205], "summary": {"covered_lines": 34, "num_statements": 51, "percent_covered": 66.66666666666667, "percent_covered_display": "67", "missing_lines": 17, "excluded_lines": 0, "percent_statements_covered": 66.66666666666667, "percent_statements_covered_display": "67"}, "missing_lines": [58, 59, 65, 70, 72, 74, 75, 76, 77, 78, 80, 82, 84, 97, 98, 108, 109], "excluded_lines": [], "start_line": 1}}}, "meeseeks_ha_conversation/api.py": {"executed_lines": [2, 4, 5, 7, 8, 10, 13, 16, 18, 21, 23, 24, 25, 26, 29, 32, 45, 46, 47, 48, 50, 59, 78, 93, 94, 95, 96, 99, 100, 101, 103, 109, 111, 113, 137, 138, 143, 144, 150, 152, 153, 154, 156, 157, 163, 164], "summary": {"covered_lines": 46, "num_statements": 53, "percent_covered": 86.79245283018868, "percent_covered_display": "87", "missing_lines": 7, "excluded_lines": 0, "percent_statements_covered": 86.79245283018868, "percent_statements_covered_display": "87"}, "missing_lines": [57, 66, 76, 110, 155, 166, 167], "excluded_lines": [], "functions": {"MeeseeksApiClient.__init__": {"executed_lines": [45, 46, 47, 48], "summary": {"covered_lines": 4, "num_statements": 4, "percent_covered": 100.0, "percent_covered_display": "100", "missing_lines": 0, "excluded_lines": 0, "percent_statements_covered": 100.0, "percent_statements_covered_display": "100"}, "missing_lines": [], "excluded_lines": [], "start_line": 32}, "MeeseeksApiClient.async_get_heartbeat": {"executed_lines": [], "summary": {"covered_lines": 0, "num_statements": 1, "percent_covered": 0.0, "percent_covered_display": "0", "missing_lines": 1, "excluded_lines": 0, "percent_statements_covered": 0.0, "percent_statements_covered_display": "0"}, "missing_lines": [57], "excluded_lines": [], "start_line": 50}, "MeeseeksApiClient.async_get_models": {"executed_lines": [], "summary": {"covered_lines": 0, "num_statements": 2, "percent_covered": 0.0, "percent_covered_display": "0", "missing_lines": 2, "excluded_lines": 0, "percent_statements_covered": 0.0, "percent_statements_covered_display": "0"}, "missing_lines": [66, 76], "excluded_lines": [], "start_line": 59}, "MeeseeksApiClient.async_generate": {"executed_lines": [93, 94, 95, 96, 99, 100, 101, 103, 109, 111], "summary": {"covered_lines": 10, "num_statements": 11, "percent_covered": 90.9090909090909, "percent_covered_display": "91", "missing_lines": 1, "excluded_lines": 0, "percent_statements_covered": 90.9090909090909, "percent_statements_covered_display": "91"}, "missing_lines": [110], "excluded_lines": [], "start_line": 78}, "MeeseeksApiClient._meeseeks_api_wrapper": {"executed_lines": [137, 138, 143, 144, 150, 152, 153, 154, 156, 157, 163, 164], "summary": {"covered_lines": 12, "num_statements": 15, "percent_covered": 80.0, "percent_covered_display": "80", "missing_lines": 3, "excluded_lines": 0, "percent_statements_covered": 80.0, "percent_statements_covered_display": "80"}, "missing_lines": [155, 166, 167], "excluded_lines": [], "start_line": 113}, "": {"executed_lines": [2, 4, 5, 7, 8, 10, 13, 16, 18, 21, 23, 24, 25, 26, 29, 32, 50, 59, 78, 113], "summary": {"covered_lines": 20, "num_statements": 20, "percent_covered": 100.0, "percent_covered_display": "100", "missing_lines": 0, "excluded_lines": 0, "percent_statements_covered": 100.0, "percent_statements_covered_display": "100"}, "missing_lines": [], "excluded_lines": [], "start_line": 1}}, "classes": {"ModelsResponse": {"executed_lines": [], "summary": {"covered_lines": 0, "num_statements": 0, "percent_covered": 100.0, "percent_covered_display": "100", "missing_lines": 0, "excluded_lines": 0, "percent_statements_covered": 100.0, "percent_statements_covered_display": "100"}, "missing_lines": [], "excluded_lines": [], "start_line": 16}, "MeeseeksQueryResponse": {"executed_lines": [], "summary": {"covered_lines": 0, "num_statements": 0, "percent_covered": 100.0, "percent_covered_display": "100", "missing_lines": 0, "excluded_lines": 0, "percent_statements_covered": 100.0, "percent_statements_covered_display": "100"}, "missing_lines": [], "excluded_lines": [], "start_line": 21}, "MeeseeksApiClient": {"executed_lines": [45, 46, 47, 48, 93, 94, 95, 96, 99, 100, 101, 103, 109, 111, 137, 138, 143, 144, 150, 152, 153, 154, 156, 157, 163, 164], "summary": {"covered_lines": 26, "num_statements": 33, "percent_covered": 78.78787878787878, "percent_covered_display": "79", "missing_lines": 7, "excluded_lines": 0, "percent_statements_covered": 78.78787878787878, "percent_statements_covered_display": "79"}, "missing_lines": [57, 66, 76, 110, 155, 166, 167], "excluded_lines": [], "start_line": 29}, "": {"executed_lines": [2, 4, 5, 7, 8, 10, 13, 16, 18, 21, 23, 24, 25, 26, 29, 32, 50, 59, 78, 113], "summary": {"covered_lines": 20, "num_statements": 20, "percent_covered": 100.0, "percent_covered_display": "100", "missing_lines": 0, "excluded_lines": 0, "percent_statements_covered": 100.0, "percent_statements_covered_display": "100"}, "missing_lines": [], "excluded_lines": [], "start_line": 1}}}, "meeseeks_ha_conversation/config_flow.py": {"executed_lines": [2, 4, 5, 6, 8, 9, 10, 11, 12, 15, 16, 32, 40, 51, 54, 55, 57, 68, 69, 74, 75, 76, 78, 79, 80, 85, 86, 101, 115, 116, 130, 133, 139, 140, 142, 153, 158, 174, 190, 206], "summary": {"covered_lines": 40, "num_statements": 50, "percent_covered": 80.0, "percent_covered_display": "80", "missing_lines": 10, "excluded_lines": 0, "percent_statements_covered": 80.0, "percent_statements_covered_display": "80"}, "missing_lines": [87, 97, 98, 99, 111, 127, 169, 185, 201, 217], "excluded_lines": [], "functions": {"MeeseeksConfigFlow.async_step_user": {"executed_lines": [68, 69, 74, 75, 76, 78, 79, 80, 85, 86, 101], "summary": {"covered_lines": 11, "num_statements": 16, "percent_covered": 68.75, "percent_covered_display": "69", "missing_lines": 5, "excluded_lines": 0, "percent_statements_covered": 68.75, "percent_statements_covered_display": "69"}, "missing_lines": [87, 97, 98, 99, 111], "excluded_lines": [], "start_line": 57}, "MeeseeksConfigFlow.async_get_options_flow": {"executed_lines": [], "summary": {"covered_lines": 0, "num_statements": 1, "percent_covered": 0.0, "percent_covered_display": "0", "missing_lines": 1, "excluded_lines": 0, "percent_statements_covered": 0.0, "percent_statements_covered_display": "0"}, "missing_lines": [127], "excluded_lines": [], "start_line": 116}, "MeeseeksOptionsFlow.__init__": {"executed_lines": [139, 140], "summary": {"covered_lines": 2, "num_statements": 2, "percent_covered": 100.0, "percent_covered_display": "100", "missing_lines": 0, "excluded_lines": 0, "percent_statements_covered": 100.0, "percent_statements_covered_display": "100"}, "missing_lines": [], "excluded_lines": [], "start_line": 133}, "MeeseeksOptionsFlow.async_step_init": {"executed_lines": [153], "summary": {"covered_lines": 1, "num_statements": 1, "percent_covered": 100.0, "percent_covered_display": "100", "missing_lines": 0, "excluded_lines": 0, "percent_statements_covered": 100.0, "percent_statements_covered_display": "100"}, "missing_lines": [], "excluded_lines": [], "start_line": 142}, "MeeseeksOptionsFlow.async_step_all_set": {"executed_lines": [], "summary": {"covered_lines": 0, "num_statements": 1, "percent_covered": 0.0, "percent_covered_display": "0", "missing_lines": 1, "excluded_lines": 0, "percent_statements_covered": 0.0, "percent_statements_covered_display": "0"}, "missing_lines": [169], "excluded_lines": [], "start_line": 158}, "MeeseeksOptionsFlow.async_step_general_config": {"executed_lines": [], "summary": {"covered_lines": 0, "num_statements": 1, "percent_covered": 0.0, "percent_covered_display": "0", "missing_lines": 1, "excluded_lines": 0, "percent_statements_covered": 0.0, "percent_statements_covered_display": "0"}, "missing_lines": [185], "excluded_lines": [], "start_line": 174}, "MeeseeksOptionsFlow.async_step_prompt_system": {"executed_lines": [], "summary": {"covered_lines": 0, "num_statements": 1, "percent_covered": 0.0, "percent_covered_display": "0", "missing_lines": 1, "excluded_lines": 0, "percent_statements_covered": 0.0, "percent_statements_covered_display": "0"}, "missing_lines": [201], "excluded_lines": [], "start_line": 190}, "MeeseeksOptionsFlow.async_step_model_config": {"executed_lines": [], "summary": {"covered_lines": 0, "num_statements": 1, "percent_covered": 0.0, "percent_covered_display": "0", "missing_lines": 1, "excluded_lines": 0, "percent_statements_covered": 0.0, "percent_statements_covered_display": "0"}, "missing_lines": [217], "excluded_lines": [], "start_line": 206}, "": {"executed_lines": [2, 4, 5, 6, 8, 9, 10, 11, 12, 15, 16, 32, 40, 51, 54, 55, 57, 115, 116, 130, 133, 142, 158, 174, 190, 206], "summary": {"covered_lines": 26, "num_statements": 26, "percent_covered": 100.0, "percent_covered_display": "100", "missing_lines": 0, "excluded_lines": 0, "percent_statements_covered": 100.0, "percent_statements_covered_display": "100"}, "missing_lines": [], "excluded_lines": [], "start_line": 1}}, "classes": {"MeeseeksConfigFlow": {"executed_lines": [68, 69, 74, 75, 76, 78, 79, 80, 85, 86, 101], "summary": {"covered_lines": 11, "num_statements": 17, "percent_covered": 64.70588235294117, "percent_covered_display": "65", "missing_lines": 6, "excluded_lines": 0, "percent_statements_covered": 64.70588235294117, "percent_statements_covered_display": "65"}, "missing_lines": [87, 97, 98, 99, 111, 127], "excluded_lines": [], "start_line": 51}, "MeeseeksOptionsFlow": {"executed_lines": [139, 140, 153], "summary": {"covered_lines": 3, "num_statements": 7, "percent_covered": 42.857142857142854, "percent_covered_display": "43", "missing_lines": 4, "excluded_lines": 0, "percent_statements_covered": 42.857142857142854, "percent_statements_covered_display": "43"}, "missing_lines": [169, 185, 201, 217], "excluded_lines": [], "start_line": 130}, "": {"executed_lines": [2, 4, 5, 6, 8, 9, 10, 11, 12, 15, 16, 32, 40, 51, 54, 55, 57, 115, 116, 130, 133, 142, 158, 174, 190, 206], "summary": {"covered_lines": 26, "num_statements": 26, "percent_covered": 100.0, "percent_covered_display": "100", "missing_lines": 0, "excluded_lines": 0, "percent_statements_covered": 100.0, "percent_statements_covered_display": "100"}, "missing_lines": [], "excluded_lines": [], "start_line": 1}}}, "meeseeks_ha_conversation/const.py": {"executed_lines": [2, 4, 6, 7, 9, 12, 13, 14, 15, 16, 17, 18, 19, 20, 21, 22, 23, 24, 25, 27, 28, 29, 30, 31, 32, 33, 34, 35, 36, 37, 38, 39, 41], "summary": {"covered_lines": 33, "num_statements": 33, "percent_covered": 100.0, "percent_covered_display": "100", "missing_lines": 0, "excluded_lines": 0, "percent_statements_covered": 100.0, "percent_statements_covered_display": "100"}, "missing_lines": [], "excluded_lines": [], "functions": {"": {"executed_lines": [2, 4, 6, 7, 9, 12, 13, 14, 15, 16, 17, 18, 19, 20, 21, 22, 23, 24, 25, 27, 28, 29, 30, 31, 32, 33, 34, 35, 36, 37, 38, 39, 41], "summary": {"covered_lines": 33, "num_statements": 33, "percent_covered": 100.0, "percent_covered_display": "100", "missing_lines": 0, "excluded_lines": 0, "percent_statements_covered": 100.0, "percent_statements_covered_display": "100"}, "missing_lines": [], "excluded_lines": [], "start_line": 1}}, "classes": {"": {"executed_lines": [2, 4, 6, 7, 9, 12, 13, 14, 15, 16, 17, 18, 19, 20, 21, 22, 23, 24, 25, 27, 28, 29, 30, 31, 32, 33, 34, 35, 36, 37, 38, 39, 41], "summary": {"covered_lines": 33, "num_statements": 33, "percent_covered": 100.0, "percent_covered_display": "100", "missing_lines": 0, "excluded_lines": 0, "percent_statements_covered": 100.0, "percent_statements_covered_display": "100"}, "missing_lines": [], "excluded_lines": [], "start_line": 1}}}, "meeseeks_ha_conversation/coordinator.py": {"executed_lines": [2, 4, 6, 7, 8, 13, 14, 15, 19, 22, 24, 35, 36, 43, 52, 53, 54, 55], "summary": {"covered_lines": 18, "num_statements": 18, "percent_covered": 100.0, "percent_covered_display": "100", "missing_lines": 0, "excluded_lines": 0, "percent_statements_covered": 100.0, "percent_statements_covered_display": "100"}, "missing_lines": [], "excluded_lines": [], "functions": {"MeeseeksDataUpdateCoordinator.__init__": {"executed_lines": [35, 36], "summary": {"covered_lines": 2, "num_statements": 2, "percent_covered": 100.0, "percent_covered_display": "100", "missing_lines": 0, "excluded_lines": 0, "percent_statements_covered": 100.0, "percent_statements_covered_display": "100"}, "missing_lines": [], "excluded_lines": [], "start_line": 24}, "MeeseeksDataUpdateCoordinator._async_update_data": {"executed_lines": [52, 53, 54, 55], "summary": {"covered_lines": 4, "num_statements": 4, "percent_covered": 100.0, "percent_covered_display": "100", "missing_lines": 0, "excluded_lines": 0, "percent_statements_covered": 100.0, "percent_statements_covered_display": "100"}, "missing_lines": [], "excluded_lines": [], "start_line": 43}, "": {"executed_lines": [2, 4, 6, 7, 8, 13, 14, 15, 19, 22, 24, 43], "summary": {"covered_lines": 12, "num_statements": 12, "percent_covered": 100.0, "percent_covered_display": "100", "missing_lines": 0, "excluded_lines": 0, "percent_statements_covered": 100.0, "percent_statements_covered_display": "100"}, "missing_lines": [], "excluded_lines": [], "start_line": 1}}, "classes": {"MeeseeksDataUpdateCoordinator": {"executed_lines": [35, 36, 52, 53, 54, 55], "summary": {"covered_lines": 6, "num_statements": 6, "percent_covered": 100.0, "percent_covered_display": "100", "missing_lines": 0, "excluded_lines": 0, "percent_statements_covered": 100.0, "percent_statements_covered_display": "100"}, "missing_lines": [], "excluded_lines": [], "start_line": 19}, "": {"executed_lines": [2, 4, 6, 7, 8, 13, 14, 15, 19, 22, 24, 43], "summary": {"covered_lines": 12, "num_statements": 12, "percent_covered": 100.0, "percent_covered_display": "100", "missing_lines": 0, "excluded_lines": 0, "percent_statements_covered": 100.0, "percent_statements_covered_display": "100"}, "missing_lines": [], "excluded_lines": [], "start_line": 1}}}, "meeseeks_ha_conversation/exceptions.py": {"executed_lines": [2, 5, 9, 13, 17], "summary": {"covered_lines": 5, "num_statements": 5, "percent_covered": 100.0, "percent_covered_display": "100", "missing_lines": 0, "excluded_lines": 0, "percent_statements_covered": 100.0, "percent_statements_covered_display": "100"}, "missing_lines": [], "excluded_lines": [], "functions": {"": {"executed_lines": [2, 5, 9, 13, 17], "summary": {"covered_lines": 5, "num_statements": 5, "percent_covered": 100.0, "percent_covered_display": "100", "missing_lines": 0, "excluded_lines": 0, "percent_statements_covered": 100.0, "percent_statements_covered_display": "100"}, "missing_lines": [], "excluded_lines": [], "start_line": 1}}, "classes": {"ApiClientError": {"executed_lines": [], "summary": {"covered_lines": 0, "num_statements": 0, "percent_covered": 100.0, "percent_covered_display": "100", "missing_lines": 0, "excluded_lines": 0, "percent_statements_covered": 100.0, "percent_statements_covered_display": "100"}, "missing_lines": [], "excluded_lines": [], "start_line": 5}, "ApiCommError": {"executed_lines": [], "summary": {"covered_lines": 0, "num_statements": 0, "percent_covered": 100.0, "percent_covered_display": "100", "missing_lines": 0, "excluded_lines": 0, "percent_statements_covered": 100.0, "percent_statements_covered_display": "100"}, "missing_lines": [], "excluded_lines": [], "start_line": 9}, "ApiJsonError": {"executed_lines": [], "summary": {"covered_lines": 0, "num_statements": 0, "percent_covered": 100.0, "percent_covered_display": "100", "missing_lines": 0, "excluded_lines": 0, "percent_statements_covered": 100.0, "percent_statements_covered_display": "100"}, "missing_lines": [], "excluded_lines": [], "start_line": 13}, "ApiTimeoutError": {"executed_lines": [], "summary": {"covered_lines": 0, "num_statements": 0, "percent_covered": 100.0, "percent_covered_display": "100", "missing_lines": 0, "excluded_lines": 0, "percent_statements_covered": 100.0, "percent_statements_covered_display": "100"}, "missing_lines": [], "excluded_lines": [], "start_line": 17}, "": {"executed_lines": [2, 5, 9, 13, 17], "summary": {"covered_lines": 5, "num_statements": 5, "percent_covered": 100.0, "percent_covered_display": "100", "missing_lines": 0, "excluded_lines": 0, "percent_statements_covered": 100.0, "percent_statements_covered_display": "100"}, "missing_lines": [], "excluded_lines": [], "start_line": 1}}}, "meeseeks_ha_conversation/helpers.py": {"executed_lines": [2, 4, 6, 7, 8, 9, 12, 14, 15, 16, 17, 20, 29, 30, 32, 33, 34, 35, 42], "summary": {"covered_lines": 19, "num_statements": 19, "percent_covered": 100.0, "percent_covered_display": "100", "missing_lines": 0, "excluded_lines": 0, "percent_statements_covered": 100.0, "percent_statements_covered_display": "100"}, "missing_lines": [], "excluded_lines": [], "functions": {"get_exposed_entities": {"executed_lines": [29, 30, 32, 33, 34, 35, 42], "summary": {"covered_lines": 7, "num_statements": 7, "percent_covered": 100.0, "percent_covered_display": "100", "missing_lines": 0, "excluded_lines": 0, "percent_statements_covered": 100.0, "percent_statements_covered_display": "100"}, "missing_lines": [], "excluded_lines": [], "start_line": 20}, "": {"executed_lines": [2, 4, 6, 7, 8, 9, 12, 14, 15, 16, 17, 20], "summary": {"covered_lines": 12, "num_statements": 12, "percent_covered": 100.0, "percent_covered_display": "100", "missing_lines": 0, "excluded_lines": 0, "percent_statements_covered": 100.0, "percent_statements_covered_display": "100"}, "missing_lines": [], "excluded_lines": [], "start_line": 1}}, "classes": {"ExposedEntity": {"executed_lines": [], "summary": {"covered_lines": 0, "num_statements": 0, "percent_covered": 100.0, "percent_covered_display": "100", "missing_lines": 0, "excluded_lines": 0, "percent_statements_covered": 100.0, "percent_statements_covered_display": "100"}, "missing_lines": [], "excluded_lines": [], "start_line": 12}, "": {"executed_lines": [2, 4, 6, 7, 8, 9, 12, 14, 15, 16, 17, 20, 29, 30, 32, 33, 34, 35, 42], "summary": {"covered_lines": 19, "num_statements": 19, "percent_covered": 100.0, "percent_covered_display": "100", "missing_lines": 0, "excluded_lines": 0, "percent_statements_covered": 100.0, "percent_statements_covered_display": "100"}, "missing_lines": [], "excluded_lines": [], "start_line": 1}}}, "packages/meeseeks_core/src/meeseeks_core/__init__.py": {"executed_lines": [], "summary": {"covered_lines": 0, "num_statements": 0, "percent_covered": 100.0, "percent_covered_display": "100", "missing_lines": 0, "excluded_lines": 0, "percent_statements_covered": 100.0, "percent_statements_covered_display": "100"}, "missing_lines": [], "excluded_lines": [], "functions": {"": {"executed_lines": [], "summary": {"covered_lines": 0, "num_statements": 0, "percent_covered": 100.0, "percent_covered_display": "100", "missing_lines": 0, "excluded_lines": 0, "percent_statements_covered": 100.0, "percent_statements_covered_display": "100"}, "missing_lines": [], "excluded_lines": [], "start_line": 1}}, "classes": {"": {"executed_lines": [], "summary": {"covered_lines": 0, "num_statements": 0, "percent_covered": 100.0, "percent_covered_display": "100", "missing_lines": 0, "excluded_lines": 0, "percent_statements_covered": 100.0, "percent_statements_covered_display": "100"}, "missing_lines": [], "excluded_lines": [], "start_line": 1}}}, "packages/meeseeks_core/src/meeseeks_core/classes.py": {"executed_lines": [3, 5, 6, 7, 8, 9, 11, 12, 13, 14, 16, 17, 18, 19, 21, 22, 23, 26, 33, 36, 49, 53, 57, 61, 65, 71, 74, 80, 87, 95, 100, 101, 106, 112, 114, 123, 125, 126, 127, 130, 131, 135, 140, 144, 145, 146, 147, 149, 152, 165, 166, 167, 168, 169, 170, 171, 172, 175, 178, 198, 218, 224, 225, 226, 227, 228, 229, 230, 237, 238, 239, 244, 245, 248, 249, 250, 252, 262, 264, 265, 266, 267, 269, 292, 307, 316, 317, 319, 331, 343, 344, 350, 366, 370, 372, 373, 374, 375, 378, 394, 396, 397, 398, 441, 442, 443, 445], "summary": {"covered_lines": 107, "num_statements": 137, "percent_covered": 78.10218978102189, "percent_covered_display": "78", "missing_lines": 30, "excluded_lines": 0, "percent_statements_covered": 78.10218978102189, "percent_statements_covered_display": "78"}, "missing_lines": [136, 137, 141, 190, 191, 192, 193, 195, 196, 246, 263, 281, 282, 283, 284, 285, 289, 290, 301, 302, 303, 304, 305, 328, 329, 345, 346, 347, 367, 395], "excluded_lines": [], "functions": {"set_available_tools": {"executed_lines": [33], "summary": {"covered_lines": 1, "num_statements": 1, "percent_covered": 100.0, "percent_covered_display": "100", "missing_lines": 0, "excluded_lines": 0, "percent_statements_covered": 100.0, "percent_statements_covered_display": "100"}, "missing_lines": [], "excluded_lines": [], "start_line": 26}, "TaskQueue.validate_actions": {"executed_lines": [123, 125, 126, 127, 130, 131, 135, 140, 144, 145, 146, 147, 149], "summary": {"covered_lines": 13, "num_statements": 16, "percent_covered": 81.25, "percent_covered_display": "81", "missing_lines": 3, "excluded_lines": 0, "percent_statements_covered": 81.25, "percent_statements_covered_display": "81"}, "missing_lines": [136, 137, 141], "excluded_lines": [], "start_line": 114}, "AbstractTool._setup_cache_dir": {"executed_lines": [], "summary": {"covered_lines": 0, "num_statements": 6, "percent_covered": 0.0, "percent_covered_display": "0", "missing_lines": 6, "excluded_lines": 0, "percent_statements_covered": 0.0, "percent_statements_covered_display": "0"}, "missing_lines": [190, 191, 192, 193, 195, 196], "excluded_lines": [], "start_line": 178}, "AbstractTool.__init__": {"executed_lines": [218, 224, 225, 226, 227, 228, 229, 230, 237, 238, 239, 244, 245, 248, 249, 250], "summary": {"covered_lines": 16, "num_statements": 17, "percent_covered": 94.11764705882354, "percent_covered_display": "94", "missing_lines": 1, "excluded_lines": 0, "percent_statements_covered": 94.11764705882354, "percent_statements_covered_display": "94"}, "missing_lines": [246], "excluded_lines": [], "start_line": 198}, "AbstractTool._save_json": {"executed_lines": [262, 264, 265, 266, 267], "summary": {"covered_lines": 5, "num_statements": 6, "percent_covered": 83.33333333333333, "percent_covered_display": "83", "missing_lines": 1, "excluded_lines": 0, "percent_statements_covered": 83.33333333333333, "percent_statements_covered_display": "83"}, "missing_lines": [263], "excluded_lines": [], "start_line": 252}, "AbstractTool._load_rag_json": {"executed_lines": [], "summary": {"covered_lines": 0, "num_statements": 7, "percent_covered": 0.0, "percent_covered_display": "0", "missing_lines": 7, "excluded_lines": 0, "percent_statements_covered": 0.0, "percent_statements_covered_display": "0"}, "missing_lines": [281, 282, 283, 284, 285, 289, 290], "excluded_lines": [], "start_line": 269}, "AbstractTool._load_rag_documents": {"executed_lines": [], "summary": {"covered_lines": 0, "num_statements": 5, "percent_covered": 0.0, "percent_covered_display": "0", "missing_lines": 5, "excluded_lines": 0, "percent_statements_covered": 0.0, "percent_statements_covered_display": "0"}, "missing_lines": [301, 302, 303, 304, 305], "excluded_lines": [], "start_line": 292}, "AbstractTool.set_state": {"executed_lines": [316, 317], "summary": {"covered_lines": 2, "num_statements": 2, "percent_covered": 100.0, "percent_covered_display": "100", "missing_lines": 0, "excluded_lines": 0, "percent_statements_covered": 100.0, "percent_statements_covered_display": "100"}, "missing_lines": [], "excluded_lines": [], "start_line": 307}, "AbstractTool.get_state": {"executed_lines": [], "summary": {"covered_lines": 0, "num_statements": 2, "percent_covered": 0.0, "percent_covered_display": "0", "missing_lines": 2, "excluded_lines": 0, "percent_statements_covered": 0.0, "percent_statements_covered_display": "0"}, "missing_lines": [328, 329], "excluded_lines": [], "start_line": 319}, "AbstractTool.run": {"executed_lines": [343, 344], "summary": {"covered_lines": 2, "num_statements": 5, "percent_covered": 40.0, "percent_covered_display": "40", "missing_lines": 3, "excluded_lines": 0, "percent_statements_covered": 40.0, "percent_statements_covered_display": "40"}, "missing_lines": [345, 346, 347], "excluded_lines": [], "start_line": 331}, "create_task_queue": {"executed_lines": [366, 370, 372, 373, 374, 375], "summary": {"covered_lines": 6, "num_statements": 7, "percent_covered": 85.71428571428571, "percent_covered_display": "86", "missing_lines": 1, "excluded_lines": 0, "percent_statements_covered": 85.71428571428571, "percent_statements_covered_display": "86"}, "missing_lines": [367], "excluded_lines": [], "start_line": 350}, "get_task_master_examples": {"executed_lines": [394, 396, 397, 398, 441, 442, 443, 445], "summary": {"covered_lines": 8, "num_statements": 9, "percent_covered": 88.88888888888889, "percent_covered_display": "89", "missing_lines": 1, "excluded_lines": 0, "percent_statements_covered": 88.88888888888889, "percent_statements_covered_display": "89"}, "missing_lines": [395], "excluded_lines": [], "start_line": 378}, "": {"executed_lines": [3, 5, 6, 7, 8, 9, 11, 12, 13, 14, 16, 17, 18, 19, 21, 22, 23, 26, 36, 49, 53, 57, 61, 65, 71, 74, 80, 87, 95, 100, 101, 106, 112, 114, 152, 165, 166, 167, 168, 169, 170, 171, 172, 175, 178, 198, 252, 269, 292, 307, 319, 331, 350, 378], "summary": {"covered_lines": 54, "num_statements": 54, "percent_covered": 100.0, "percent_covered_display": "100", "missing_lines": 0, "excluded_lines": 0, "percent_statements_covered": 100.0, "percent_statements_covered_display": "100"}, "missing_lines": [], "excluded_lines": [], "start_line": 1}}, "classes": {"ActionStep": {"executed_lines": [], "summary": {"covered_lines": 0, "num_statements": 0, "percent_covered": 100.0, "percent_covered_display": "100", "missing_lines": 0, "excluded_lines": 0, "percent_statements_covered": 100.0, "percent_statements_covered_display": "100"}, "missing_lines": [], "excluded_lines": [], "start_line": 36}, "TaskQueue": {"executed_lines": [123, 125, 126, 127, 130, 131, 135, 140, 144, 145, 146, 147, 149], "summary": {"covered_lines": 13, "num_statements": 16, "percent_covered": 81.25, "percent_covered_display": "81", "missing_lines": 3, "excluded_lines": 0, "percent_statements_covered": 81.25, "percent_statements_covered_display": "81"}, "missing_lines": [136, 137, 141], "excluded_lines": [], "start_line": 87}, "OrchestrationState": {"executed_lines": [], "summary": {"covered_lines": 0, "num_statements": 0, "percent_covered": 100.0, "percent_covered_display": "100", "missing_lines": 0, "excluded_lines": 0, "percent_statements_covered": 100.0, "percent_statements_covered_display": "100"}, "missing_lines": [], "excluded_lines": [], "start_line": 152}, "AbstractTool": {"executed_lines": [218, 224, 225, 226, 227, 228, 229, 230, 237, 238, 239, 244, 245, 248, 249, 250, 262, 264, 265, 266, 267, 316, 317, 343, 344], "summary": {"covered_lines": 25, "num_statements": 50, "percent_covered": 50.0, "percent_covered_display": "50", "missing_lines": 25, "excluded_lines": 0, "percent_statements_covered": 50.0, "percent_statements_covered_display": "50"}, "missing_lines": [190, 191, 192, 193, 195, 196, 246, 263, 281, 282, 283, 284, 285, 289, 290, 301, 302, 303, 304, 305, 328, 329, 345, 346, 347], "excluded_lines": [], "start_line": 175}, "": {"executed_lines": [3, 5, 6, 7, 8, 9, 11, 12, 13, 14, 16, 17, 18, 19, 21, 22, 23, 26, 33, 36, 49, 53, 57, 61, 65, 71, 74, 80, 87, 95, 100, 101, 106, 112, 114, 152, 165, 166, 167, 168, 169, 170, 171, 172, 175, 178, 198, 252, 269, 292, 307, 319, 331, 350, 366, 370, 372, 373, 374, 375, 378, 394, 396, 397, 398, 441, 442, 443, 445], "summary": {"covered_lines": 69, "num_statements": 71, "percent_covered": 97.1830985915493, "percent_covered_display": "97", "missing_lines": 2, "excluded_lines": 0, "percent_statements_covered": 97.1830985915493, "percent_statements_covered_display": "97"}, "missing_lines": [367, 395], "excluded_lines": [], "start_line": 1}}}, "packages/meeseeks_core/src/meeseeks_core/common.py": {"executed_lines": [3, 5, 6, 7, 8, 9, 10, 11, 13, 14, 15, 18, 24, 27, 33, 36, 39, 40, 41, 43, 46, 47, 48, 49, 50, 53, 55, 56, 57, 58, 68, 69, 71, 72, 73, 79, 80, 81, 84, 93, 94, 96, 99, 111, 112, 113, 116, 123, 125, 127, 130, 142, 143, 148, 149, 150, 151, 152, 153, 156, 165, 166, 167, 170, 185, 186, 187, 190, 191, 192, 193, 195], "summary": {"covered_lines": 72, "num_statements": 75, "percent_covered": 96.0, "percent_covered_display": "96", "missing_lines": 3, "excluded_lines": 0, "percent_statements_covered": 96.0, "percent_statements_covered_display": "96"}, "missing_lines": [42, 74, 95], "excluded_lines": [], "functions": {"get_mock_speaker": {"executed_lines": [33], "summary": {"covered_lines": 1, "num_statements": 1, "percent_covered": 100.0, "percent_covered_display": "100", "missing_lines": 0, "excluded_lines": 0, "percent_statements_covered": 100.0, "percent_statements_covered_display": "100"}, "missing_lines": [], "excluded_lines": [], "start_line": 27}, "_resolve_log_level": {"executed_lines": [40, 41, 43], "summary": {"covered_lines": 3, "num_statements": 4, "percent_covered": 75.0, "percent_covered_display": "75", "missing_lines": 1, "excluded_lines": 0, "percent_statements_covered": 75.0, "percent_statements_covered_display": "75"}, "missing_lines": [42], "excluded_lines": [], "start_line": 39}, "_should_use_cli_dark_logs": {"executed_lines": [47, 48, 49, 50], "summary": {"covered_lines": 4, "num_statements": 4, "percent_covered": 100.0, "percent_covered_display": "100", "missing_lines": 0, "excluded_lines": 0, "percent_statements_covered": 100.0, "percent_statements_covered_display": "100"}, "missing_lines": [], "excluded_lines": [], "start_line": 46}, "_configure_logging": {"executed_lines": [55, 56, 57, 58, 68, 69, 71, 72, 73, 79, 80, 81], "summary": {"covered_lines": 12, "num_statements": 13, "percent_covered": 92.3076923076923, "percent_covered_display": "92", "missing_lines": 1, "excluded_lines": 0, "percent_statements_covered": 92.3076923076923, "percent_statements_covered_display": "92"}, "missing_lines": [74], "excluded_lines": [], "start_line": 53}, "get_logger": {"executed_lines": [93, 94, 96], "summary": {"covered_lines": 3, "num_statements": 4, "percent_covered": 75.0, "percent_covered_display": "75", "missing_lines": 1, "excluded_lines": 0, "percent_statements_covered": 75.0, "percent_statements_covered_display": "75"}, "missing_lines": [95], "excluded_lines": [], "start_line": 84}, "num_tokens_from_string": {"executed_lines": [111, 112, 113], "summary": {"covered_lines": 3, "num_statements": 3, "percent_covered": 100.0, "percent_covered_display": "100", "missing_lines": 0, "excluded_lines": 0, "percent_statements_covered": 100.0, "percent_statements_covered_display": "100"}, "missing_lines": [], "excluded_lines": [], "start_line": 99}, "get_unique_timestamp": {"executed_lines": [123, 125, 127], "summary": {"covered_lines": 3, "num_statements": 3, "percent_covered": 100.0, "percent_covered_display": "100", "missing_lines": 0, "excluded_lines": 0, "percent_statements_covered": 100.0, "percent_statements_covered_display": "100"}, "missing_lines": [], "excluded_lines": [], "start_line": 116}, "get_system_prompt": {"executed_lines": [142, 143, 148, 149, 150, 151, 152, 153], "summary": {"covered_lines": 8, "num_statements": 8, "percent_covered": 100.0, "percent_covered_display": "100", "missing_lines": 0, "excluded_lines": 0, "percent_statements_covered": 100.0, "percent_statements_covered_display": "100"}, "missing_lines": [], "excluded_lines": [], "start_line": 130}, "format_action_argument": {"executed_lines": [165, 166, 167], "summary": {"covered_lines": 3, "num_statements": 3, "percent_covered": 100.0, "percent_covered_display": "100", "missing_lines": 0, "excluded_lines": 0, "percent_statements_covered": 100.0, "percent_statements_covered_display": "100"}, "missing_lines": [], "excluded_lines": [], "start_line": 156}, "ha_render_system_prompt": {"executed_lines": [185, 186, 187, 190, 191, 192, 193, 195], "summary": {"covered_lines": 8, "num_statements": 8, "percent_covered": 100.0, "percent_covered_display": "100", "missing_lines": 0, "excluded_lines": 0, "percent_statements_covered": 100.0, "percent_statements_covered_display": "100"}, "missing_lines": [], "excluded_lines": [], "start_line": 170}, "": {"executed_lines": [3, 5, 6, 7, 8, 9, 10, 11, 13, 14, 15, 18, 24, 27, 36, 39, 46, 53, 84, 99, 116, 130, 156, 170], "summary": {"covered_lines": 24, "num_statements": 24, "percent_covered": 100.0, "percent_covered_display": "100", "missing_lines": 0, "excluded_lines": 0, "percent_statements_covered": 100.0, "percent_statements_covered_display": "100"}, "missing_lines": [], "excluded_lines": [], "start_line": 1}}, "classes": {"MockSpeaker": {"executed_lines": [], "summary": {"covered_lines": 0, "num_statements": 0, "percent_covered": 100.0, "percent_covered_display": "100", "missing_lines": 0, "excluded_lines": 0, "percent_statements_covered": 100.0, "percent_statements_covered_display": "100"}, "missing_lines": [], "excluded_lines": [], "start_line": 18}, "": {"executed_lines": [3, 5, 6, 7, 8, 9, 10, 11, 13, 14, 15, 18, 24, 27, 33, 36, 39, 40, 41, 43, 46, 47, 48, 49, 50, 53, 55, 56, 57, 58, 68, 69, 71, 72, 73, 79, 80, 81, 84, 93, 94, 96, 99, 111, 112, 113, 116, 123, 125, 127, 130, 142, 143, 148, 149, 150, 151, 152, 153, 156, 165, 166, 167, 170, 185, 186, 187, 190, 191, 192, 193, 195], "summary": {"covered_lines": 72, "num_statements": 75, "percent_covered": 96.0, "percent_covered_display": "96", "missing_lines": 3, "excluded_lines": 0, "percent_statements_covered": 96.0, "percent_statements_covered_display": "96"}, "missing_lines": [42, 74, 95], "excluded_lines": [], "start_line": 1}}}, "packages/meeseeks_core/src/meeseeks_core/compaction.py": {"executed_lines": [3, 5, 7, 8, 10, 13, 23, 24, 25, 26, 27, 28, 29, 32, 33, 36, 39, 49], "summary": {"covered_lines": 18, "num_statements": 19, "percent_covered": 94.73684210526316, "percent_covered_display": "95", "missing_lines": 1, "excluded_lines": 0, "percent_statements_covered": 94.73684210526316, "percent_statements_covered_display": "95"}, "missing_lines": [35], "excluded_lines": [], "functions": {"summarize_events": {"executed_lines": [23, 24, 25, 26, 27, 28, 29, 32, 33, 36], "summary": {"covered_lines": 10, "num_statements": 11, "percent_covered": 90.9090909090909, "percent_covered_display": "91", "missing_lines": 1, "excluded_lines": 0, "percent_statements_covered": 90.9090909090909, "percent_statements_covered_display": "91"}, "missing_lines": [35], "excluded_lines": [], "start_line": 13}, "should_compact": {"executed_lines": [49], "summary": {"covered_lines": 1, "num_statements": 1, "percent_covered": 100.0, "percent_covered_display": "100", "missing_lines": 0, "excluded_lines": 0, "percent_statements_covered": 100.0, "percent_statements_covered_display": "100"}, "missing_lines": [], "excluded_lines": [], "start_line": 39}, "": {"executed_lines": [3, 5, 7, 8, 10, 13, 39], "summary": {"covered_lines": 7, "num_statements": 7, "percent_covered": 100.0, "percent_covered_display": "100", "missing_lines": 0, "excluded_lines": 0, "percent_statements_covered": 100.0, "percent_statements_covered_display": "100"}, "missing_lines": [], "excluded_lines": [], "start_line": 1}}, "classes": {"": {"executed_lines": [3, 5, 7, 8, 10, 13, 23, 24, 25, 26, 27, 28, 29, 32, 33, 36, 39, 49], "summary": {"covered_lines": 18, "num_statements": 19, "percent_covered": 94.73684210526316, "percent_covered_display": "95", "missing_lines": 1, "excluded_lines": 0, "percent_statements_covered": 94.73684210526316, "percent_statements_covered_display": "95"}, "missing_lines": [35], "excluded_lines": [], "start_line": 1}}}, "packages/meeseeks_core/src/meeseeks_core/components.py": {"executed_lines": [3, 5, 6, 7, 8, 10, 15, 18, 19, 22, 23, 24, 25, 28, 34, 35, 36, 37, 40, 42, 43, 44, 70, 79, 80, 81, 82, 99, 101, 102, 103, 108, 109, 110, 111, 117, 120, 122, 123, 124, 125, 126, 127, 130], "summary": {"covered_lines": 44, "num_statements": 59, "percent_covered": 74.57627118644068, "percent_covered_display": "75", "missing_lines": 15, "excluded_lines": 5, "percent_statements_covered": 74.57627118644068, "percent_statements_covered_display": "75"}, "missing_lines": [29, 30, 31, 49, 50, 51, 52, 58, 59, 60, 61, 67, 84, 86, 87], "excluded_lines": [12, 13, 94, 95, 96], "functions": {"_env_truthy": {"executed_lines": [], "summary": {"covered_lines": 0, "num_statements": 3, "percent_covered": 0.0, "percent_covered_display": "0", "missing_lines": 3, "excluded_lines": 0, "percent_statements_covered": 0.0, "percent_statements_covered_display": "0"}, "missing_lines": [29, 30, 31], "excluded_lines": [], "start_line": 28}, "_env_falsey": {"executed_lines": [35, 36, 37], "summary": {"covered_lines": 3, "num_statements": 3, "percent_covered": 100.0, "percent_covered_display": "100", "missing_lines": 0, "excluded_lines": 0, "percent_statements_covered": 100.0, "percent_statements_covered_display": "100"}, "missing_lines": [], "excluded_lines": [], "start_line": 34}, "resolve_langfuse_status": {"executed_lines": [42, 43, 44], "summary": {"covered_lines": 3, "num_statements": 12, "percent_covered": 25.0, "percent_covered_display": "25", "missing_lines": 9, "excluded_lines": 0, "percent_statements_covered": 25.0, "percent_statements_covered_display": "25"}, "missing_lines": [49, 50, 51, 52, 58, 59, 60, 61, 67], "excluded_lines": [], "start_line": 40}, "build_langfuse_handler": {"executed_lines": [79, 80, 81, 82], "summary": {"covered_lines": 4, "num_statements": 7, "percent_covered": 57.142857142857146, "percent_covered_display": "57", "missing_lines": 3, "excluded_lines": 3, "percent_statements_covered": 57.142857142857146, "percent_statements_covered_display": "57"}, "missing_lines": [84, 86, 87], "excluded_lines": [94, 95, 96], "start_line": 70}, "resolve_home_assistant_status": {"executed_lines": [101, 102, 103, 108, 109, 110, 111, 117], "summary": {"covered_lines": 8, "num_statements": 8, "percent_covered": 100.0, "percent_covered_display": "100", "missing_lines": 0, "excluded_lines": 0, "percent_statements_covered": 100.0, "percent_statements_covered_display": "100"}, "missing_lines": [], "excluded_lines": [], "start_line": 99}, "format_component_status": {"executed_lines": [122, 123, 124, 125, 126, 127], "summary": {"covered_lines": 6, "num_statements": 6, "percent_covered": 100.0, "percent_covered_display": "100", "missing_lines": 0, "excluded_lines": 0, "percent_statements_covered": 100.0, "percent_statements_covered_display": "100"}, "missing_lines": [], "excluded_lines": [], "start_line": 120}, "": {"executed_lines": [3, 5, 6, 7, 8, 10, 15, 18, 19, 22, 23, 24, 25, 28, 34, 40, 70, 99, 120, 130], "summary": {"covered_lines": 20, "num_statements": 20, "percent_covered": 100.0, "percent_covered_display": "100", "missing_lines": 0, "excluded_lines": 2, "percent_statements_covered": 100.0, "percent_statements_covered_display": "100"}, "missing_lines": [], "excluded_lines": [12, 13], "start_line": 1}}, "classes": {"ComponentStatus": {"executed_lines": [], "summary": {"covered_lines": 0, "num_statements": 0, "percent_covered": 100.0, "percent_covered_display": "100", "missing_lines": 0, "excluded_lines": 0, "percent_statements_covered": 100.0, "percent_statements_covered_display": "100"}, "missing_lines": [], "excluded_lines": [], "start_line": 19}, "": {"executed_lines": [3, 5, 6, 7, 8, 10, 15, 18, 19, 22, 23, 24, 25, 28, 34, 35, 36, 37, 40, 42, 43, 44, 70, 79, 80, 81, 82, 99, 101, 102, 103, 108, 109, 110, 111, 117, 120, 122, 123, 124, 125, 126, 127, 130], "summary": {"covered_lines": 44, "num_statements": 59, "percent_covered": 74.57627118644068, "percent_covered_display": "75", "missing_lines": 15, "excluded_lines": 5, "percent_statements_covered": 74.57627118644068, "percent_statements_covered_display": "75"}, "missing_lines": [29, 30, 31, 49, 50, 51, 52, 58, 59, 60, 61, 67, 84, 86, 87], "excluded_lines": [12, 13, 94, 95, 96], "start_line": 1}}}, "packages/meeseeks_core/src/meeseeks_core/extras/__init__.py": {"executed_lines": [], "summary": {"covered_lines": 0, "num_statements": 0, "percent_covered": 100.0, "percent_covered_display": "100", "missing_lines": 0, "excluded_lines": 0, "percent_statements_covered": 100.0, "percent_statements_covered_display": "100"}, "missing_lines": [], "excluded_lines": [], "functions": {"": {"executed_lines": [], "summary": {"covered_lines": 0, "num_statements": 0, "percent_covered": 100.0, "percent_covered_display": "100", "missing_lines": 0, "excluded_lines": 0, "percent_statements_covered": 100.0, "percent_statements_covered_display": "100"}, "missing_lines": [], "excluded_lines": [], "start_line": 1}}, "classes": {"": {"executed_lines": [], "summary": {"covered_lines": 0, "num_statements": 0, "percent_covered": 100.0, "percent_covered_display": "100", "missing_lines": 0, "excluded_lines": 0, "percent_statements_covered": 100.0, "percent_statements_covered_display": "100"}, "missing_lines": [], "excluded_lines": [], "start_line": 1}}}, "packages/meeseeks_core/src/meeseeks_core/hooks.py": {"executed_lines": [3, 5, 6, 8, 9, 10, 11, 14, 15, 17, 20, 23, 26, 30, 39, 40, 41, 43, 55, 56, 57, 59, 71, 73, 75, 84, 85, 87, 90, 96, 99], "summary": {"covered_lines": 31, "num_statements": 33, "percent_covered": 93.93939393939394, "percent_covered_display": "94", "missing_lines": 2, "excluded_lines": 0, "percent_statements_covered": 93.93939393939394, "percent_statements_covered_display": "94"}, "missing_lines": [72, 86], "excluded_lines": [], "functions": {"HookManager.run_pre_tool_use": {"executed_lines": [39, 40, 41], "summary": {"covered_lines": 3, "num_statements": 3, "percent_covered": 100.0, "percent_covered_display": "100", "missing_lines": 0, "excluded_lines": 0, "percent_statements_covered": 100.0, "percent_statements_covered_display": "100"}, "missing_lines": [], "excluded_lines": [], "start_line": 30}, "HookManager.run_post_tool_use": {"executed_lines": [55, 56, 57], "summary": {"covered_lines": 3, "num_statements": 3, "percent_covered": 100.0, "percent_covered_display": "100", "missing_lines": 0, "excluded_lines": 0, "percent_statements_covered": 100.0, "percent_statements_covered_display": "100"}, "missing_lines": [], "excluded_lines": [], "start_line": 43}, "HookManager.run_permission_request": {"executed_lines": [71, 73], "summary": {"covered_lines": 2, "num_statements": 3, "percent_covered": 66.66666666666667, "percent_covered_display": "67", "missing_lines": 1, "excluded_lines": 0, "percent_statements_covered": 66.66666666666667, "percent_statements_covered_display": "67"}, "missing_lines": [72], "excluded_lines": [], "start_line": 59}, "HookManager.run_pre_compact": {"executed_lines": [84, 85, 87], "summary": {"covered_lines": 3, "num_statements": 4, "percent_covered": 75.0, "percent_covered_display": "75", "missing_lines": 1, "excluded_lines": 0, "percent_statements_covered": 75.0, "percent_statements_covered_display": "75"}, "missing_lines": [86], "excluded_lines": [], "start_line": 75}, "default_hook_manager": {"executed_lines": [96], "summary": {"covered_lines": 1, "num_statements": 1, "percent_covered": 100.0, "percent_covered_display": "100", "missing_lines": 0, "excluded_lines": 0, "percent_statements_covered": 100.0, "percent_statements_covered_display": "100"}, "missing_lines": [], "excluded_lines": [], "start_line": 90}, "": {"executed_lines": [3, 5, 6, 8, 9, 10, 11, 14, 15, 17, 20, 23, 26, 30, 43, 59, 75, 90, 99], "summary": {"covered_lines": 19, "num_statements": 19, "percent_covered": 100.0, "percent_covered_display": "100", "missing_lines": 0, "excluded_lines": 0, "percent_statements_covered": 100.0, "percent_statements_covered_display": "100"}, "missing_lines": [], "excluded_lines": [], "start_line": 1}}, "classes": {"HookManager": {"executed_lines": [39, 40, 41, 55, 56, 57, 71, 73, 84, 85, 87], "summary": {"covered_lines": 11, "num_statements": 13, "percent_covered": 84.61538461538461, "percent_covered_display": "85", "missing_lines": 2, "excluded_lines": 0, "percent_statements_covered": 84.61538461538461, "percent_statements_covered_display": "85"}, "missing_lines": [72, 86], "excluded_lines": [], "start_line": 15}, "": {"executed_lines": [3, 5, 6, 8, 9, 10, 11, 14, 15, 17, 20, 23, 26, 30, 43, 59, 75, 90, 96, 99], "summary": {"covered_lines": 20, "num_statements": 20, "percent_covered": 100.0, "percent_covered_display": "100", "missing_lines": 0, "excluded_lines": 0, "percent_statements_covered": 100.0, "percent_statements_covered_display": "100"}, "missing_lines": [], "excluded_lines": [], "start_line": 1}}}, "packages/meeseeks_core/src/meeseeks_core/llm.py": {"executed_lines": [3, 5, 6, 7, 8, 10, 12, 15, 16, 17, 18, 31, 32, 37, 40, 42, 44, 45, 46, 48, 51, 53, 54, 56, 57, 58, 59, 60, 61, 64, 66, 68, 69, 70, 71, 72, 73, 76, 77, 78, 79, 80, 81, 84, 91, 92, 96, 97, 98, 99, 104, 106, 108, 109, 110, 112, 115, 116, 117, 118, 119, 120, 122, 125], "summary": {"covered_lines": 64, "num_statements": 82, "percent_covered": 78.04878048780488, "percent_covered_display": "78", "missing_lines": 18, "excluded_lines": 2, "percent_statements_covered": 78.04878048780488, "percent_statements_covered_display": "78"}, "missing_lines": [19, 20, 21, 22, 23, 24, 25, 26, 27, 28, 33, 34, 35, 36, 43, 47, 55, 67], "excluded_lines": [93, 94], "functions": {"_parse_model_list_env": {"executed_lines": [16, 17, 18], "summary": {"covered_lines": 3, "num_statements": 13, "percent_covered": 23.076923076923077, "percent_covered_display": "23", "missing_lines": 10, "excluded_lines": 0, "percent_statements_covered": 23.076923076923077, "percent_statements_covered_display": "23"}, "missing_lines": [19, 20, 21, 22, 23, 24, 25, 26, 27, 28], "excluded_lines": [], "start_line": 15}, "_matches_model_list": {"executed_lines": [32, 37], "summary": {"covered_lines": 2, "num_statements": 6, "percent_covered": 33.333333333333336, "percent_covered_display": "33", "missing_lines": 4, "excluded_lines": 0, "percent_statements_covered": 33.333333333333336, "percent_statements_covered_display": "33"}, "missing_lines": [33, 34, 35, 36], "excluded_lines": [], "start_line": 31}, "model_supports_reasoning_effort": {"executed_lines": [42, 44, 45, 46, 48], "summary": {"covered_lines": 5, "num_statements": 7, "percent_covered": 71.42857142857143, "percent_covered_display": "71", "missing_lines": 2, "excluded_lines": 0, "percent_statements_covered": 71.42857142857143, "percent_statements_covered_display": "71"}, "missing_lines": [43, 47], "excluded_lines": [], "start_line": 40}, "resolve_reasoning_effort": {"executed_lines": [53, 54, 56, 57, 58, 59, 60, 61], "summary": {"covered_lines": 8, "num_statements": 9, "percent_covered": 88.88888888888889, "percent_covered_display": "89", "missing_lines": 1, "excluded_lines": 0, "percent_statements_covered": 88.88888888888889, "percent_statements_covered_display": "89"}, "missing_lines": [55], "excluded_lines": [], "start_line": 51}, "allows_temperature": {"executed_lines": [66, 68, 69, 70, 71, 72, 73], "summary": {"covered_lines": 7, "num_statements": 8, "percent_covered": 87.5, "percent_covered_display": "88", "missing_lines": 1, "excluded_lines": 0, "percent_statements_covered": 87.5, "percent_statements_covered_display": "88"}, "missing_lines": [67], "excluded_lines": [], "start_line": 64}, "_resolve_litellm_model": {"executed_lines": [77, 78, 79, 80, 81], "summary": {"covered_lines": 5, "num_statements": 5, "percent_covered": 100.0, "percent_covered_display": "100", "missing_lines": 0, "excluded_lines": 0, "percent_statements_covered": 100.0, "percent_statements_covered_display": "100"}, "missing_lines": [], "excluded_lines": [], "start_line": 76}, "build_chat_model": {"executed_lines": [91, 92, 96, 97, 98, 99, 104, 106, 108, 109, 110, 112, 115, 116, 117, 118, 119, 120, 122], "summary": {"covered_lines": 19, "num_statements": 19, "percent_covered": 100.0, "percent_covered_display": "100", "missing_lines": 0, "excluded_lines": 2, "percent_statements_covered": 100.0, "percent_statements_covered_display": "100"}, "missing_lines": [], "excluded_lines": [93, 94], "start_line": 84}, "": {"executed_lines": [3, 5, 6, 7, 8, 10, 12, 15, 31, 40, 51, 64, 76, 84, 125], "summary": {"covered_lines": 15, "num_statements": 15, "percent_covered": 100.0, "percent_covered_display": "100", "missing_lines": 0, "excluded_lines": 0, "percent_statements_covered": 100.0, "percent_statements_covered_display": "100"}, "missing_lines": [], "excluded_lines": [], "start_line": 1}}, "classes": {"": {"executed_lines": [3, 5, 6, 7, 8, 10, 12, 15, 16, 17, 18, 31, 32, 37, 40, 42, 44, 45, 46, 48, 51, 53, 54, 56, 57, 58, 59, 60, 61, 64, 66, 68, 69, 70, 71, 72, 73, 76, 77, 78, 79, 80, 81, 84, 91, 92, 96, 97, 98, 99, 104, 106, 108, 109, 110, 112, 115, 116, 117, 118, 119, 120, 122, 125], "summary": {"covered_lines": 64, "num_statements": 82, "percent_covered": 78.04878048780488, "percent_covered_display": "78", "missing_lines": 18, "excluded_lines": 2, "percent_statements_covered": 78.04878048780488, "percent_statements_covered_display": "78"}, "missing_lines": [19, 20, 21, 22, 23, 24, 25, 26, 27, 28, 33, 34, 35, 36, 43, 47, 55, 67], "excluded_lines": [93, 94], "start_line": 1}}}, "packages/meeseeks_core/src/meeseeks_core/permissions.py": {"executed_lines": [3, 5, 6, 7, 8, 9, 10, 11, 13, 15, 16, 18, 21, 23, 24, 25, 28, 29, 31, 32, 33, 35, 44, 49, 51, 64, 65, 66, 68, 77, 78, 79, 80, 81, 82, 86, 95, 97, 98, 99, 100, 104, 110, 111, 115, 122, 136, 137, 139, 142, 151, 152, 153, 154, 155, 158, 159, 164, 165, 166, 167, 169, 177, 178, 179, 180, 181, 183, 184, 187, 194, 200, 201, 203, 205, 208, 217, 226], "summary": {"covered_lines": 78, "num_statements": 93, "percent_covered": 83.87096774193549, "percent_covered_display": "84", "missing_lines": 15, "excluded_lines": 0, "percent_statements_covered": 83.87096774193549, "percent_statements_covered_display": "84"}, "missing_lines": [83, 96, 101, 138, 156, 157, 160, 161, 162, 168, 185, 202, 204, 214, 223], "excluded_lines": [], "functions": {"PermissionRule.matches": {"executed_lines": [44], "summary": {"covered_lines": 1, "num_statements": 1, "percent_covered": 100.0, "percent_covered_display": "100", "missing_lines": 0, "excluded_lines": 0, "percent_statements_covered": 100.0, "percent_statements_covered_display": "100"}, "missing_lines": [], "excluded_lines": [], "start_line": 35}, "PermissionPolicy.__init__": {"executed_lines": [64, 65, 66], "summary": {"covered_lines": 3, "num_statements": 3, "percent_covered": 100.0, "percent_covered_display": "100", "missing_lines": 0, "excluded_lines": 0, "percent_statements_covered": 100.0, "percent_statements_covered_display": "100"}, "missing_lines": [], "excluded_lines": [], "start_line": 51}, "PermissionPolicy.decide": {"executed_lines": [77, 78, 79, 80, 81, 82], "summary": {"covered_lines": 6, "num_statements": 7, "percent_covered": 85.71428571428571, "percent_covered_display": "86", "missing_lines": 1, "excluded_lines": 0, "percent_statements_covered": 85.71428571428571, "percent_statements_covered_display": "86"}, "missing_lines": [83], "excluded_lines": [], "start_line": 68}, "_parse_decision": {"executed_lines": [95, 97, 98, 99, 100], "summary": {"covered_lines": 5, "num_statements": 7, "percent_covered": 71.42857142857143, "percent_covered_display": "71", "missing_lines": 2, "excluded_lines": 0, "percent_statements_covered": 71.42857142857143, "percent_statements_covered_display": "71"}, "missing_lines": [96, 101], "excluded_lines": [], "start_line": 86}, "_default_policy": {"executed_lines": [110, 111, 115], "summary": {"covered_lines": 3, "num_statements": 3, "percent_covered": 100.0, "percent_covered_display": "100", "missing_lines": 0, "excluded_lines": 0, "percent_statements_covered": 100.0, "percent_statements_covered_display": "100"}, "missing_lines": [], "excluded_lines": [], "start_line": 104}, "_load_policy_data": {"executed_lines": [136, 137, 139], "summary": {"covered_lines": 3, "num_statements": 4, "percent_covered": 75.0, "percent_covered_display": "75", "missing_lines": 1, "excluded_lines": 0, "percent_statements_covered": 75.0, "percent_statements_covered_display": "75"}, "missing_lines": [138], "excluded_lines": [], "start_line": 122}, "load_permission_policy": {"executed_lines": [151, 152, 153, 154, 155, 158, 159, 164, 165, 166, 167, 169, 177, 178, 179, 180, 181, 183, 184, 187], "summary": {"covered_lines": 20, "num_statements": 27, "percent_covered": 74.07407407407408, "percent_covered_display": "74", "missing_lines": 7, "excluded_lines": 0, "percent_statements_covered": 74.07407407407408, "percent_statements_covered_display": "74"}, "missing_lines": [156, 157, 160, 161, 162, 168, 185], "excluded_lines": [], "start_line": 142}, "approval_callback_from_env": {"executed_lines": [200, 201, 203, 205], "summary": {"covered_lines": 4, "num_statements": 6, "percent_covered": 66.66666666666667, "percent_covered_display": "67", "missing_lines": 2, "excluded_lines": 0, "percent_statements_covered": 66.66666666666667, "percent_statements_covered_display": "67"}, "missing_lines": [202, 204], "excluded_lines": [], "start_line": 194}, "auto_approve": {"executed_lines": [], "summary": {"covered_lines": 0, "num_statements": 1, "percent_covered": 0.0, "percent_covered_display": "0", "missing_lines": 1, "excluded_lines": 0, "percent_statements_covered": 0.0, "percent_statements_covered_display": "0"}, "missing_lines": [214], "excluded_lines": [], "start_line": 208}, "auto_deny": {"executed_lines": [], "summary": {"covered_lines": 0, "num_statements": 1, "percent_covered": 0.0, "percent_covered_display": "0", "missing_lines": 1, "excluded_lines": 0, "percent_statements_covered": 0.0, "percent_statements_covered_display": "0"}, "missing_lines": [223], "excluded_lines": [], "start_line": 217}, "": {"executed_lines": [3, 5, 6, 7, 8, 9, 10, 11, 13, 15, 16, 18, 21, 23, 24, 25, 28, 29, 31, 32, 33, 35, 49, 51, 68, 86, 104, 122, 142, 194, 208, 217, 226], "summary": {"covered_lines": 33, "num_statements": 33, "percent_covered": 100.0, "percent_covered_display": "100", "missing_lines": 0, "excluded_lines": 0, "percent_statements_covered": 100.0, "percent_statements_covered_display": "100"}, "missing_lines": [], "excluded_lines": [], "start_line": 1}}, "classes": {"PermissionDecision": {"executed_lines": [], "summary": {"covered_lines": 0, "num_statements": 0, "percent_covered": 100.0, "percent_covered_display": "100", "missing_lines": 0, "excluded_lines": 0, "percent_statements_covered": 100.0, "percent_statements_covered_display": "100"}, "missing_lines": [], "excluded_lines": [], "start_line": 21}, "PermissionRule": {"executed_lines": [44], "summary": {"covered_lines": 1, "num_statements": 1, "percent_covered": 100.0, "percent_covered_display": "100", "missing_lines": 0, "excluded_lines": 0, "percent_statements_covered": 100.0, "percent_statements_covered_display": "100"}, "missing_lines": [], "excluded_lines": [], "start_line": 29}, "PermissionPolicy": {"executed_lines": [64, 65, 66, 77, 78, 79, 80, 81, 82], "summary": {"covered_lines": 9, "num_statements": 10, "percent_covered": 90.0, "percent_covered_display": "90", "missing_lines": 1, "excluded_lines": 0, "percent_statements_covered": 90.0, "percent_statements_covered_display": "90"}, "missing_lines": [83], "excluded_lines": [], "start_line": 49}, "": {"executed_lines": [3, 5, 6, 7, 8, 9, 10, 11, 13, 15, 16, 18, 21, 23, 24, 25, 28, 29, 31, 32, 33, 35, 49, 51, 68, 86, 95, 97, 98, 99, 100, 104, 110, 111, 115, 122, 136, 137, 139, 142, 151, 152, 153, 154, 155, 158, 159, 164, 165, 166, 167, 169, 177, 178, 179, 180, 181, 183, 184, 187, 194, 200, 201, 203, 205, 208, 217, 226], "summary": {"covered_lines": 68, "num_statements": 82, "percent_covered": 82.92682926829268, "percent_covered_display": "83", "missing_lines": 14, "excluded_lines": 0, "percent_statements_covered": 82.92682926829268, "percent_statements_covered_display": "83"}, "missing_lines": [96, 101, 138, 156, 157, 160, 161, 162, 168, 185, 202, 204, 214, 223], "excluded_lines": [], "start_line": 1}}}, "packages/meeseeks_core/src/meeseeks_core/session_store.py": {"executed_lines": [3, 5, 6, 7, 8, 9, 11, 12, 14, 17, 23, 26, 27, 34, 35, 37, 38, 44, 46, 47, 53, 55, 56, 62, 65, 67, 73, 74, 75, 76, 78, 84, 86, 92, 93, 94, 95, 96, 98, 104, 105, 107, 113, 114, 115, 116, 118, 127, 129, 139, 140, 141, 142, 143, 145, 154, 155, 156, 157, 158, 159, 160, 161, 163, 164, 167, 169, 192, 202, 203, 204, 205, 207, 216, 217, 218, 219, 220, 221, 223, 237, 246, 247, 248, 249, 250, 251, 253, 255, 262, 263, 264, 266, 275, 276, 278], "summary": {"covered_lines": 96, "num_statements": 111, "percent_covered": 86.48648648648648, "percent_covered_display": "86", "missing_lines": 15, "excluded_lines": 0, "percent_statements_covered": 86.48648648648648, "percent_statements_covered_display": "86"}, "missing_lines": [162, 165, 166, 185, 186, 187, 188, 189, 190, 229, 230, 231, 252, 284, 285], "excluded_lines": [], "functions": {"_utc_now": {"executed_lines": [23], "summary": {"covered_lines": 1, "num_statements": 1, "percent_covered": 100.0, "percent_covered_display": "100", "missing_lines": 0, "excluded_lines": 0, "percent_statements_covered": 100.0, "percent_statements_covered_display": "100"}, "missing_lines": [], "excluded_lines": [], "start_line": 17}, "SessionPaths.session_dir": {"executed_lines": [44], "summary": {"covered_lines": 1, "num_statements": 1, "percent_covered": 100.0, "percent_covered_display": "100", "missing_lines": 0, "excluded_lines": 0, "percent_statements_covered": 100.0, "percent_statements_covered_display": "100"}, "missing_lines": [], "excluded_lines": [], "start_line": 38}, "SessionPaths.transcript_path": {"executed_lines": [53], "summary": {"covered_lines": 1, "num_statements": 1, "percent_covered": 100.0, "percent_covered_display": "100", "missing_lines": 0, "excluded_lines": 0, "percent_statements_covered": 100.0, "percent_statements_covered_display": "100"}, "missing_lines": [], "excluded_lines": [], "start_line": 47}, "SessionPaths.summary_path": {"executed_lines": [62], "summary": {"covered_lines": 1, "num_statements": 1, "percent_covered": 100.0, "percent_covered_display": "100", "missing_lines": 0, "excluded_lines": 0, "percent_statements_covered": 100.0, "percent_statements_covered_display": "100"}, "missing_lines": [], "excluded_lines": [], "start_line": 56}, "SessionStore.__init__": {"executed_lines": [73, 74, 75, 76], "summary": {"covered_lines": 4, "num_statements": 4, "percent_covered": 100.0, "percent_covered_display": "100", "missing_lines": 0, "excluded_lines": 0, "percent_statements_covered": 100.0, "percent_statements_covered_display": "100"}, "missing_lines": [], "excluded_lines": [], "start_line": 67}, "SessionStore._index_path": {"executed_lines": [84], "summary": {"covered_lines": 1, "num_statements": 1, "percent_covered": 100.0, "percent_covered_display": "100", "missing_lines": 0, "excluded_lines": 0, "percent_statements_covered": 100.0, "percent_statements_covered_display": "100"}, "missing_lines": [], "excluded_lines": [], "start_line": 78}, "SessionStore._load_index": {"executed_lines": [92, 93, 94, 95, 96], "summary": {"covered_lines": 5, "num_statements": 5, "percent_covered": 100.0, "percent_covered_display": "100", "missing_lines": 0, "excluded_lines": 0, "percent_statements_covered": 100.0, "percent_statements_covered_display": "100"}, "missing_lines": [], "excluded_lines": [], "start_line": 86}, "SessionStore._save_index": {"executed_lines": [104, 105], "summary": {"covered_lines": 2, "num_statements": 2, "percent_covered": 100.0, "percent_covered_display": "100", "missing_lines": 0, "excluded_lines": 0, "percent_statements_covered": 100.0, "percent_statements_covered_display": "100"}, "missing_lines": [], "excluded_lines": [], "start_line": 98}, "SessionStore.create_session": {"executed_lines": [113, 114, 115, 116], "summary": {"covered_lines": 4, "num_statements": 4, "percent_covered": 100.0, "percent_covered_display": "100", "missing_lines": 0, "excluded_lines": 0, "percent_statements_covered": 100.0, "percent_statements_covered_display": "100"}, "missing_lines": [], "excluded_lines": [], "start_line": 107}, "SessionStore._paths": {"executed_lines": [127], "summary": {"covered_lines": 1, "num_statements": 1, "percent_covered": 100.0, "percent_covered_display": "100", "missing_lines": 0, "excluded_lines": 0, "percent_statements_covered": 100.0, "percent_statements_covered_display": "100"}, "missing_lines": [], "excluded_lines": [], "start_line": 118}, "SessionStore.append_event": {"executed_lines": [139, 140, 141, 142, 143], "summary": {"covered_lines": 5, "num_statements": 5, "percent_covered": 100.0, "percent_covered_display": "100", "missing_lines": 0, "excluded_lines": 0, "percent_statements_covered": 100.0, "percent_statements_covered_display": "100"}, "missing_lines": [], "excluded_lines": [], "start_line": 129}, "SessionStore.load_transcript": {"executed_lines": [154, 155, 156, 157, 158, 159, 160, 161, 163, 164, 167], "summary": {"covered_lines": 11, "num_statements": 14, "percent_covered": 78.57142857142857, "percent_covered_display": "79", "missing_lines": 3, "excluded_lines": 0, "percent_statements_covered": 78.57142857142857, "percent_statements_covered_display": "79"}, "missing_lines": [162, 165, 166], "excluded_lines": [], "start_line": 145}, "SessionStore.load_recent_events": {"executed_lines": [], "summary": {"covered_lines": 0, "num_statements": 6, "percent_covered": 0.0, "percent_covered_display": "0", "missing_lines": 6, "excluded_lines": 0, "percent_statements_covered": 0.0, "percent_statements_covered_display": "0"}, "missing_lines": [185, 186, 187, 188, 189, 190], "excluded_lines": [], "start_line": 169}, "SessionStore.save_summary": {"executed_lines": [202, 203, 204, 205], "summary": {"covered_lines": 4, "num_statements": 4, "percent_covered": 100.0, "percent_covered_display": "100", "missing_lines": 0, "excluded_lines": 0, "percent_statements_covered": 100.0, "percent_statements_covered_display": "100"}, "missing_lines": [], "excluded_lines": [], "start_line": 192}, "SessionStore.load_summary": {"executed_lines": [216, 217, 218, 219, 220, 221], "summary": {"covered_lines": 6, "num_statements": 6, "percent_covered": 100.0, "percent_covered_display": "100", "missing_lines": 0, "excluded_lines": 0, "percent_statements_covered": 100.0, "percent_statements_covered_display": "100"}, "missing_lines": [], "excluded_lines": [], "start_line": 207}, "SessionStore.list_sessions": {"executed_lines": [], "summary": {"covered_lines": 0, "num_statements": 3, "percent_covered": 0.0, "percent_covered_display": "0", "missing_lines": 3, "excluded_lines": 0, "percent_statements_covered": 0.0, "percent_statements_covered_display": "0"}, "missing_lines": [229, 230, 231], "excluded_lines": [], "start_line": 223}, "SessionStore.fork_session": {"executed_lines": [246, 247, 248, 249, 250, 251, 253], "summary": {"covered_lines": 7, "num_statements": 8, "percent_covered": 87.5, "percent_covered_display": "88", "missing_lines": 1, "excluded_lines": 0, "percent_statements_covered": 87.5, "percent_statements_covered_display": "88"}, "missing_lines": [252], "excluded_lines": [], "start_line": 237}, "SessionStore.tag_session": {"executed_lines": [262, 263, 264], "summary": {"covered_lines": 3, "num_statements": 3, "percent_covered": 100.0, "percent_covered_display": "100", "missing_lines": 0, "excluded_lines": 0, "percent_statements_covered": 100.0, "percent_statements_covered_display": "100"}, "missing_lines": [], "excluded_lines": [], "start_line": 255}, "SessionStore.resolve_tag": {"executed_lines": [275, 276], "summary": {"covered_lines": 2, "num_statements": 2, "percent_covered": 100.0, "percent_covered_display": "100", "missing_lines": 0, "excluded_lines": 0, "percent_statements_covered": 100.0, "percent_statements_covered_display": "100"}, "missing_lines": [], "excluded_lines": [], "start_line": 266}, "SessionStore.list_tags": {"executed_lines": [], "summary": {"covered_lines": 0, "num_statements": 2, "percent_covered": 0.0, "percent_covered_display": "0", "missing_lines": 2, "excluded_lines": 0, "percent_statements_covered": 0.0, "percent_statements_covered_display": "0"}, "missing_lines": [284, 285], "excluded_lines": [], "start_line": 278}, "": {"executed_lines": [3, 5, 6, 7, 8, 9, 11, 12, 14, 17, 26, 27, 34, 35, 37, 38, 46, 47, 55, 56, 65, 67, 78, 86, 98, 107, 118, 129, 145, 169, 192, 207, 223, 237, 255, 266, 278], "summary": {"covered_lines": 37, "num_statements": 37, "percent_covered": 100.0, "percent_covered_display": "100", "missing_lines": 0, "excluded_lines": 0, "percent_statements_covered": 100.0, "percent_statements_covered_display": "100"}, "missing_lines": [], "excluded_lines": [], "start_line": 1}}, "classes": {"SessionPaths": {"executed_lines": [44, 53, 62], "summary": {"covered_lines": 3, "num_statements": 3, "percent_covered": 100.0, "percent_covered_display": "100", "missing_lines": 0, "excluded_lines": 0, "percent_statements_covered": 100.0, "percent_statements_covered_display": "100"}, "missing_lines": [], "excluded_lines": [], "start_line": 27}, "SessionStore": {"executed_lines": [73, 74, 75, 76, 84, 92, 93, 94, 95, 96, 104, 105, 113, 114, 115, 116, 127, 139, 140, 141, 142, 143, 154, 155, 156, 157, 158, 159, 160, 161, 163, 164, 167, 202, 203, 204, 205, 216, 217, 218, 219, 220, 221, 246, 247, 248, 249, 250, 251, 253, 262, 263, 264, 275, 276], "summary": {"covered_lines": 55, "num_statements": 70, "percent_covered": 78.57142857142857, "percent_covered_display": "79", "missing_lines": 15, "excluded_lines": 0, "percent_statements_covered": 78.57142857142857, "percent_statements_covered_display": "79"}, "missing_lines": [162, 165, 166, 185, 186, 187, 188, 189, 190, 229, 230, 231, 252, 284, 285], "excluded_lines": [], "start_line": 65}, "": {"executed_lines": [3, 5, 6, 7, 8, 9, 11, 12, 14, 17, 23, 26, 27, 34, 35, 37, 38, 46, 47, 55, 56, 65, 67, 78, 86, 98, 107, 118, 129, 145, 169, 192, 207, 223, 237, 255, 266, 278], "summary": {"covered_lines": 38, "num_statements": 38, "percent_covered": 100.0, "percent_covered_display": "100", "missing_lines": 0, "excluded_lines": 0, "percent_statements_covered": 100.0, "percent_statements_covered_display": "100"}, "missing_lines": [], "excluded_lines": [], "start_line": 1}}}, "packages/meeseeks_core/src/meeseeks_core/task_master.py": {"executed_lines": [5, 6, 7, 8, 9, 11, 12, 13, 14, 15, 16, 17, 19, 25, 33, 34, 40, 41, 42, 48, 49, 50, 51, 53, 57, 58, 61, 62, 63, 64, 65, 66, 69, 78, 79, 80, 81, 82, 83, 85, 86, 89, 90, 91, 92, 93, 94, 95, 96, 97, 98, 99, 100, 101, 102, 103, 104, 105, 106, 107, 108, 109, 110, 111, 112, 113, 114, 115, 116, 117, 120, 124, 125, 126, 127, 128, 129, 130, 131, 132, 133, 135, 136, 137, 138, 139, 140, 141, 142, 143, 144, 145, 146, 147, 148, 149, 150, 151, 153, 154, 155, 156, 157, 158, 159, 160, 161, 163, 164, 165, 166, 167, 168, 169, 170, 171, 176, 177, 178, 179, 185, 186, 187, 188, 189, 191, 194, 195, 200, 202, 204, 206, 208, 211, 212, 213, 222, 225, 230, 231, 232, 233, 234, 235, 236, 237, 238, 241, 243, 244, 247, 314, 316, 317, 318, 321, 326, 331, 385, 394, 395, 396, 399, 400, 401, 402, 403, 404, 405, 406, 409, 410, 411, 412, 415, 424, 425, 426, 433, 443, 448, 454, 455, 458, 479, 480, 482, 483, 484, 485, 486, 487, 488, 489, 490, 491, 492, 493, 496, 497, 498, 499, 500, 501, 502, 503, 504, 505, 506, 507, 508, 509, 510, 511, 517, 518, 519, 520, 521, 522, 525, 528, 552, 555, 556, 557, 558, 559, 561, 569, 576, 582, 583, 586, 587, 588, 589, 597, 600, 639, 640, 642, 643, 646, 651, 652, 653, 656, 679, 681, 682, 683, 684, 685, 686, 688, 689, 691, 692, 693, 694, 695, 697, 698, 699, 700, 701, 702, 703, 704, 705, 718, 719, 720, 724, 725, 726, 738, 740, 741, 742, 744, 745, 748, 749, 751, 752, 753, 754, 755, 756, 757, 758, 759, 771, 773, 774, 775, 776, 777, 778, 781, 782, 783, 784, 785, 786, 799, 800, 802, 803, 804, 815, 816, 817, 818, 819, 820, 833, 834, 838, 840, 843, 852, 855, 872, 873, 874, 875, 876, 877, 878, 879, 880, 883, 917, 918, 920, 926, 929, 932, 933, 934, 936, 938, 939, 941, 945, 952, 958, 961, 975, 976, 977, 982, 983, 986, 987, 988, 989, 1000, 1001, 1011, 1012, 1015, 1023, 1024, 1033, 1035, 1036, 1037, 1038, 1040, 1041, 1042, 1043, 1044, 1049, 1050, 1055, 1056, 1059, 1060, 1061, 1071, 1079, 1080, 1083, 1091, 1092, 1093, 1102, 1103, 1108, 1111, 1123, 1129, 1132, 1135], "summary": {"covered_lines": 399, "num_statements": 478, "percent_covered": 83.47280334728033, "percent_covered_display": "83", "missing_lines": 79, "excluded_lines": 6, "percent_statements_covered": 83.47280334728033, "percent_statements_covered_display": "83"}, "missing_lines": [75, 84, 201, 203, 205, 207, 252, 253, 254, 260, 261, 262, 263, 281, 282, 283, 284, 285, 286, 287, 288, 289, 290, 291, 296, 297, 304, 305, 306, 307, 308, 309, 310, 311, 332, 333, 334, 340, 341, 342, 343, 364, 369, 370, 481, 512, 513, 516, 553, 644, 680, 706, 717, 727, 779, 787, 821, 927, 930, 935, 937, 946, 959, 962, 963, 964, 965, 966, 967, 968, 971, 972, 973, 994, 1010, 1066, 1109, 1130, 1133], "excluded_lines": [300, 301, 302, 380, 381, 382], "functions": {"_event_payload_text": {"executed_lines": [62, 63, 64, 65, 66, 69], "summary": {"covered_lines": 6, "num_statements": 7, "percent_covered": 85.71428571428571, "percent_covered_display": "86", "missing_lines": 1, "excluded_lines": 0, "percent_statements_covered": 85.71428571428571, "percent_statements_covered_display": "86"}, "missing_lines": [75], "excluded_lines": [], "start_line": 61}, "_render_event_lines": {"executed_lines": [79, 80, 81, 82, 83, 85, 86], "summary": {"covered_lines": 7, "num_statements": 8, "percent_covered": 87.5, "percent_covered_display": "88", "missing_lines": 1, "excluded_lines": 0, "percent_statements_covered": 87.5, "percent_statements_covered_display": "88"}, "missing_lines": [84], "excluded_lines": [], "start_line": 78}, "_render_tool_schema_line": {"executed_lines": [90, 91, 92, 93, 94, 95, 96, 97, 98, 99, 100, 101, 102, 103, 104, 105, 106, 107, 108, 109, 110, 111, 112, 113, 114, 115, 116, 117], "summary": {"covered_lines": 28, "num_statements": 28, "percent_covered": 100.0, "percent_covered_display": "100", "missing_lines": 0, "excluded_lines": 0, "percent_statements_covered": 100.0, "percent_statements_covered_display": "100"}, "missing_lines": [], "excluded_lines": [], "start_line": 89}, "_coerce_mcp_action_argument": {"executed_lines": [124, 125, 126, 127, 128, 129, 130, 131, 132, 133, 135, 136, 137, 138, 139, 140, 141, 142, 143, 144, 145, 146, 147, 148, 149, 150, 151, 153, 154, 155, 156, 157, 158, 159, 160, 161, 163, 164, 165, 166, 167, 168, 169, 170, 171, 176, 177, 178, 179, 185, 186, 187, 188, 189, 191], "summary": {"covered_lines": 55, "num_statements": 55, "percent_covered": 100.0, "percent_covered_display": "100", "missing_lines": 0, "excluded_lines": 0, "percent_statements_covered": 100.0, "percent_statements_covered_display": "100"}, "missing_lines": [], "excluded_lines": [], "start_line": 120}, "_serialize_action_step": {"executed_lines": [195, 200, 202, 204, 206, 208], "summary": {"covered_lines": 6, "num_statements": 10, "percent_covered": 60.0, "percent_covered_display": "60", "missing_lines": 4, "excluded_lines": 0, "percent_statements_covered": 60.0, "percent_statements_covered_display": "60"}, "missing_lines": [201, 203, 205, 207], "excluded_lines": [], "start_line": 194}, "_should_update_summary": {"executed_lines": [212, 213, 222], "summary": {"covered_lines": 3, "num_statements": 3, "percent_covered": 100.0, "percent_covered_display": "100", "missing_lines": 0, "excluded_lines": 0, "percent_statements_covered": 100.0, "percent_statements_covered_display": "100"}, "missing_lines": [], "excluded_lines": [], "start_line": 211}, "_update_summary_with_memory": {"executed_lines": [230, 231, 232, 233, 234, 235, 236, 237, 238], "summary": {"covered_lines": 9, "num_statements": 9, "percent_covered": 100.0, "percent_covered_display": "100", "missing_lines": 0, "excluded_lines": 0, "percent_statements_covered": 100.0, "percent_statements_covered_display": "100"}, "missing_lines": [], "excluded_lines": [], "start_line": 225}, "_select_context_events": {"executed_lines": [], "summary": {"covered_lines": 0, "num_statements": 28, "percent_covered": 0.0, "percent_covered_display": "0", "missing_lines": 28, "excluded_lines": 3, "percent_statements_covered": 0.0, "percent_statements_covered_display": "0"}, "missing_lines": [252, 253, 254, 260, 261, 262, 263, 281, 282, 283, 284, 285, 286, 287, 288, 289, 290, 291, 296, 297, 304, 305, 306, 307, 308, 309, 310, 311], "excluded_lines": [300, 301, 302], "start_line": 247}, "_reflect_on_step": {"executed_lines": [326, 331], "summary": {"covered_lines": 2, "num_statements": 12, "percent_covered": 16.666666666666668, "percent_covered_display": "17", "missing_lines": 10, "excluded_lines": 3, "percent_statements_covered": 16.666666666666668, "percent_statements_covered_display": "17"}, "missing_lines": [332, 333, 334, 340, 341, 342, 343, 364, 369, 370], "excluded_lines": [380, 381, 382], "start_line": 321}, "_build_direct_response": {"executed_lines": [394, 395, 396], "summary": {"covered_lines": 3, "num_statements": 3, "percent_covered": 100.0, "percent_covered_display": "100", "missing_lines": 0, "excluded_lines": 0, "percent_statements_covered": 100.0, "percent_statements_covered_display": "100"}, "missing_lines": [], "excluded_lines": [], "start_line": 385}, "_collect_tool_outputs": {"executed_lines": [400, 401, 402, 403, 404, 405, 406], "summary": {"covered_lines": 7, "num_statements": 7, "percent_covered": 100.0, "percent_covered_display": "100", "missing_lines": 0, "excluded_lines": 0, "percent_statements_covered": 100.0, "percent_statements_covered_display": "100"}, "missing_lines": [], "excluded_lines": [], "start_line": 399}, "_should_synthesize_response": {"executed_lines": [410, 411, 412], "summary": {"covered_lines": 3, "num_statements": 3, "percent_covered": 100.0, "percent_covered_display": "100", "missing_lines": 0, "excluded_lines": 0, "percent_statements_covered": 100.0, "percent_statements_covered_display": "100"}, "missing_lines": [], "excluded_lines": [], "start_line": 409}, "_synthesize_response": {"executed_lines": [424, 425, 426, 433, 443, 448, 454, 455], "summary": {"covered_lines": 8, "num_statements": 8, "percent_covered": 100.0, "percent_covered_display": "100", 
[...]
lay": "86"}, "missing_lines": [390], "excluded_lines": [], "start_line": 377}, "HomeAssistant.update_cache": {"executed_lines": [], "summary": {"covered_lines": 0, "num_statements": 4, "percent_covered": 0.0, "percent_covered_display": "0", "missing_lines": 4, "excluded_lines": 0, "percent_statements_covered": 0.0, "percent_statements_covered_display": "0"}, "missing_lines": [402, 403, 404, 405], "excluded_lines": [], "start_line": 396}, "HomeAssistant.call_service": {"executed_lines": [428, 429, 431, 432, 433, 436, 437, 439, 440, 445, 446, 448], "summary": {"covered_lines": 12, "num_statements": 18, "percent_covered": 66.66666666666667, "percent_covered_display": "67", "missing_lines": 6, "excluded_lines": 0, "percent_statements_covered": 66.66666666666667, "percent_statements_covered_display": "67"}, "missing_lines": [434, 441, 444, 449, 450, 452], "excluded_lines": [], "start_line": 407}, "HomeAssistant._create_set_prompt": {"executed_lines": [468, 470, 487], "summary": {"covered_lines": 3, "num_statements": 3, "percent_covered": 100.0, "percent_covered_display": "100", "missing_lines": 0, "excluded_lines": 0, "percent_statements_covered": 100.0, "percent_statements_covered_display": "100"}, "missing_lines": [], "excluded_lines": [], "start_line": 455}, "HomeAssistant._create_get_prompt": {"executed_lines": [499, 520], "summary": {"covered_lines": 2, "num_statements": 2, "percent_covered": 100.0, "percent_covered_display": "100", "missing_lines": 0, "excluded_lines": 0, "percent_statements_covered": 100.0, "percent_statements_covered_display": "100"}, "missing_lines": [], "excluded_lines": [], "start_line": 490}, "HomeAssistant._clean_answer": {"executed_lines": [532, 549, 550, 554, 556], "summary": {"covered_lines": 5, "num_statements": 5, "percent_covered": 100.0, "percent_covered_display": "100", "missing_lines": 0, "excluded_lines": 0, "percent_statements_covered": 100.0, "percent_statements_covered_display": "100"}, "missing_lines": [], "excluded_lines": [], "start_line": 523}, "HomeAssistant._invoke_service_and_set_state": {"executed_lines": [574, 576, 577, 578, 585, 589, 594, 595, 601], "summary": {"covered_lines": 9, "num_statements": 13, "percent_covered": 69.23076923076923, "percent_covered_display": "69", "missing_lines": 4, "excluded_lines": 0, "percent_statements_covered": 69.23076923076923, "percent_statements_covered_display": "69"}, "missing_lines": [597, 598, 599, 600], "excluded_lines": [], "start_line": 558}, "HomeAssistant.set_state": {"executed_lines": [615, 617, 618, 621, 624, 625, 626, 628, 629, 631, 634], "summary": {"covered_lines": 11, "num_statements": 13, "percent_covered": 84.61538461538461, "percent_covered_display": "85", "missing_lines": 2, "excluded_lines": 0, "percent_statements_covered": 84.61538461538461, "percent_statements_covered_display": "85"}, "missing_lines": [616, 627], "excluded_lines": [], "start_line": 603}, "HomeAssistant.get_state": {"executed_lines": [649, 651, 652, 654, 656, 657, 659, 660, 662, 664, 670, 671, 672], "summary": {"covered_lines": 13, "num_statements": 15, "percent_covered": 86.66666666666667, "percent_covered_display": "87", "missing_lines": 2, "excluded_lines": 0, "percent_statements_covered": 86.66666666666667, "percent_statements_covered_display": "87"}, "missing_lines": [650, 658], "excluded_lines": [], "start_line": 637}, "test_homeassistant": {"executed_lines": [], "summary": {"covered_lines": 0, "num_statements": 4, "percent_covered": 0.0, "percent_covered_display": "0", "missing_lines": 4, "excluded_lines": 0, "percent_statements_covered": 0.0, "percent_statements_covered_display": "0"}, "missing_lines": [681, 682, 683, 684], "excluded_lines": [], "start_line": 675}, "": {"executed_lines": [3, 5, 6, 7, 8, 10, 11, 12, 13, 14, 15, 16, 17, 18, 19, 20, 22, 23, 29, 30, 31, 34, 36, 37, 38, 39, 40, 41, 42, 45, 46, 52, 55, 57, 69, 219, 221, 222, 227, 233, 240, 242, 267, 269, 294, 296, 299, 302, 329, 330, 353, 354, 376, 377, 395, 396, 407, 454, 455, 489, 490, 522, 523, 558, 603, 637, 675], "summary": {"covered_lines": 67, "num_statements": 67, "percent_covered": 100.0, "percent_covered_display": "100", "missing_lines": 0, "excluded_lines": 2, "percent_statements_covered": 100.0, "percent_statements_covered_display": "100"}, "missing_lines": [], "excluded_lines": [67, 68], "start_line": 1}}, "classes": {"HomeAssistantCache": {"executed_lines": [], "summary": {"covered_lines": 0, "num_statements": 0, "percent_covered": 100.0, "percent_covered_display": "100", "missing_lines": 0, "excluded_lines": 0, "percent_statements_covered": 100.0, "percent_statements_covered_display": "100"}, "missing_lines": [], "excluded_lines": [], "start_line": 34}, "CacheHolder": {"executed_lines": [], "summary": {"covered_lines": 0, "num_statements": 0, "percent_covered": 100.0, "percent_covered_display": "100", "missing_lines": 0, "excluded_lines": 0, "percent_statements_covered": 100.0, "percent_statements_covered_display": "100"}, "missing_lines": [], "excluded_lines": [], "start_line": 46}, "SupportsInvoke": {"executed_lines": [], "summary": {"covered_lines": 0, "num_statements": 0, "percent_covered": 100.0, "percent_covered_display": "100", "missing_lines": 0, "excluded_lines": 1, "percent_statements_covered": 100.0, "percent_statements_covered_display": "100"}, "missing_lines": [], "excluded_lines": [66], "start_line": 55}, "HomeAssistantCall": {"executed_lines": [261, 262, 265, 288, 289, 292], "summary": {"covered_lines": 6, "num_statements": 8, "percent_covered": 75.0, "percent_covered_display": "75", "missing_lines": 2, "excluded_lines": 0, "percent_statements_covered": 75.0, "percent_statements_covered_display": "75"}, "missing_lines": [263, 290], "excluded_lines": [], "start_line": 219}, "HomeAssistantCall.Config": {"executed_lines": [], "summary": {"covered_lines": 0, "num_statements": 0, "percent_covered": 100.0, "percent_covered_display": "100", "missing_lines": 0, "excluded_lines": 0, "percent_statements_covered": 100.0, "percent_statements_covered_display": "100"}, "missing_lines": [], "excluded_lines": [], "start_line": 294}, "HomeAssistant": {"executed_lines": [336, 337, 338, 339, 340, 345, 346, 347, 348, 360, 361, 362, 363, 364, 369, 370, 371, 387, 388, 389, 391, 392, 393, 428, 429, 431, 432, 433, 436, 437, 439, 440, 445, 446, 448, 468, 470, 487, 499, 520, 532, 549, 550, 554, 556, 574, 576, 577, 578, 585, 589, 594, 595, 601, 615, 617, 618, 621, 624, 625, 626, 628, 629, 631, 634, 649, 651, 652, 654, 656, 657, 659, 660, 662, 664, 670, 671, 672], "summary": {"covered_lines": 78, "num_statements": 114, "percent_covered": 68.42105263157895, "percent_covered_display": "68", "missing_lines": 36, "excluded_lines": 0, "percent_statements_covered": 68.42105263157895, "percent_statements_covered_display": "68"}, "missing_lines": [304, 308, 309, 310, 320, 321, 324, 341, 344, 349, 350, 351, 365, 368, 372, 373, 374, 390, 402, 403, 404, 405, 434, 441, 444, 449, 450, 452, 597, 598, 599, 600, 616, 627, 650, 658], "excluded_lines": [], "start_line": 299}, "": {"executed_lines": [3, 5, 6, 7, 8, 10, 11, 12, 13, 14, 15, 16, 17, 18, 19, 20, 22, 23, 29, 30, 31, 34, 36, 37, 38, 39, 40, 41, 42, 45, 46, 52, 55, 57, 69, 80, 89, 91, 106, 107, 113, 114, 115, 117, 119, 121, 124, 125, 127, 130, 133, 136, 137, 139, 140, 141, 143, 154, 156, 186, 187, 189, 193, 200, 201, 203, 215, 216, 219, 221, 222, 227, 233, 240, 242, 267, 269, 294, 296, 299, 302, 329, 330, 353, 354, 376, 377, 395, 396, 407, 454, 455, 489, 490, 522, 523, 558, 603, 637, 675], "summary": {"covered_lines": 100, "num_statements": 110, "percent_covered": 90.9090909090909, "percent_covered_display": "91", "missing_lines": 10, "excluded_lines": 2, "percent_statements_covered": 90.9090909090909, "percent_statements_covered_display": "91"}, "missing_lines": [108, 109, 110, 111, 128, 131, 681, 682, 683, 684], "excluded_lines": [67, 68], "start_line": 1}}}, "packages/meeseeks_tools/src/meeseeks_tools/integration/mcp.py": {"executed_lines": [3, 5, 6, 7, 8, 9, 11, 12, 14, 17, 18, 19, 20, 21, 22, 25, 29, 32, 35, 38, 39, 40, 41, 48, 52, 55, 57, 58, 59, 60, 61, 62, 63, 66, 77, 78, 79, 80, 81, 82, 83, 86, 93, 94, 96, 97, 98, 99, 102, 104, 105, 127, 128, 129, 130, 131, 132, 133, 134, 135, 137, 138, 139, 140, 141, 142, 143, 144, 145, 146, 147, 148, 149, 150, 155, 158, 159, 160, 163, 166, 167, 173, 174, 175, 176, 177, 178, 179, 180, 181, 182, 183, 184, 185, 186, 187, 193, 194, 197, 200, 201, 204, 206, 207, 213, 215, 218, 222, 227, 233, 234, 236, 237, 240, 246, 247, 248, 249, 250, 251, 252, 255, 258, 265, 266, 268, 281, 282, 288, 289, 290, 295, 296, 297, 298, 299, 300, 303, 304, 307, 308, 309, 310, 312, 324, 326, 327, 328, 331, 340, 341, 342, 343, 345, 346, 347, 348, 349, 350, 351, 352, 354, 355, 356, 357, 358, 359, 360, 361, 362, 364, 365, 366, 368, 369, 370, 372, 373, 375, 376, 377, 378, 379, 380, 381, 382, 384, 385, 387, 388, 389, 391], "summary": {"covered_lines": 192, "num_statements": 210, "percent_covered": 91.42857142857143, "percent_covered_display": "91", "missing_lines": 18, "excluded_lines": 6, "percent_statements_covered": 91.42857142857143, "percent_statements_covered_display": "91"}, "missing_lines": [95, 106, 107, 108, 110, 111, 113, 114, 115, 119, 120, 121, 122, 123, 124, 235, 291, 325], "excluded_lines": [116, 117, 168, 169, 283, 284], "functions": {"_log_discovery_failure": {"executed_lines": [18, 19, 20, 21, 22, 25, 29], "summary": {"covered_lines": 7, "num_statements": 7, "percent_covered": 100.0, "percent_covered_display": "100", "missing_lines": 0, "excluded_lines": 0, "percent_statements_covered": 100.0, "percent_statements_covered_display": "100"}, "missing_lines": [], "excluded_lines": [], "start_line": 17}, "_log_runtime_failure": {"executed_lines": [35, 38, 39, 40, 41, 48, 52], "summary": {"covered_lines": 7, "num_statements": 7, "percent_covered": 100.0, "percent_covered_display": "100", "missing_lines": 0, "excluded_lines": 0, "percent_statements_covered": 100.0, "percent_statements_covered_display": "100"}, "missing_lines": [], "excluded_lines": [], "start_line": 32}, "_normalize_mcp_config": {"executed_lines": [57, 58, 59, 60, 61, 62, 63], "summary": {"covered_lines": 7, "num_statements": 7, "percent_covered": 100.0, "percent_covered_display": "100", "missing_lines": 0, "excluded_lines": 0, "percent_statements_covered": 100.0, "percent_statements_covered_display": "100"}, "missing_lines": [], "excluded_lines": [], "start_line": 55}, "_load_mcp_config": {"executed_lines": [77, 78, 79, 80, 81, 82, 83], "summary": {"covered_lines": 7, "num_statements": 7, "percent_covered": 100.0, "percent_covered_display": "100", "missing_lines": 0, "excluded_lines": 0, "percent_statements_covered": 100.0, "percent_statements_covered_display": "100"}, "missing_lines": [], "excluded_lines": [], "start_line": 66}, "save_mcp_config": {"executed_lines": [93, 94, 96, 97, 98, 99], "summary": {"covered_lines": 6, "num_statements": 7, "percent_covered": 85.71428571428571, "percent_covered_display": "86", "missing_lines": 1, "excluded_lines": 0, "percent_statements_covered": 85.71428571428571, "percent_statements_covered_display": "86"}, "missing_lines": [95], "excluded_lines": [], "start_line": 86}, "_run_async": {"executed_lines": [104, 105], "summary": {"covered_lines": 2, "num_statements": 14, "percent_covered": 14.285714285714286, "percent_covered_display": "14", "missing_lines": 12, "excluded_lines": 0, "percent_statements_covered": 14.285714285714286, "percent_statements_covered_display": "14"}, "missing_lines": [106, 107, 108, 110, 111, 113, 119, 120, 121, 122, 123, 124], "excluded_lines": [], "start_line": 102}, "_run_async._runner": {"executed_lines": [], "summary": {"covered_lines": 0, "num_statements": 2, "percent_covered": 0.0, "percent_covered_display": "0", "missing_lines": 2, "excluded_lines": 2, "percent_statements_covered": 0.0, "percent_statements_covered_display": "0"}, "missing_lines": [114, 115], "excluded_lines": [116, 117], "start_line": 113}, "_schema_from_args_schema": {"executed_lines": [128, 129, 130, 131, 132, 133, 134, 135, 137, 138, 139, 140, 141, 142, 143, 144, 145, 146, 147, 148, 149, 150, 155], "summary": {"covered_lines": 23, "num_statements": 23, "percent_covered": 100.0, "percent_covered_display": "100", "missing_lines": 0, "excluded_lines": 0, "percent_statements_covered": 100.0, "percent_statements_covered_display": "100"}, "missing_lines": [], "excluded_lines": [], "start_line": 127}, "_tool_schema_payload": {"executed_lines": [159, 160], "summary": {"covered_lines": 2, "num_statements": 2, "percent_covered": 100.0, "percent_covered_display": "100", "missing_lines": 0, "excluded_lines": 0, "percent_statements_covered": 100.0, "percent_statements_covered_display": "100"}, "missing_lines": [], "excluded_lines": [], "start_line": 158}, "_discover_mcp_tool_details_with_failures_async": {"executed_lines": [166, 167, 173, 174, 175, 176, 177, 178, 179, 180, 181, 182, 183, 184, 185, 186, 187, 193, 194], "summary": {"covered_lines": 19, "num_statements": 19, "percent_covered": 100.0, "percent_covered_display": "100", "missing_lines": 0, "excluded_lines": 2, "percent_statements_covered": 100.0, "percent_statements_covered_display": "100"}, "missing_lines": [], "excluded_lines": [168, 169], "start_line": 163}, "_discover_mcp_tool_details_async": {"executed_lines": [200, 201], "summary": {"covered_lines": 2, "num_statements": 2, "percent_covered": 100.0, "percent_covered_display": "100", "missing_lines": 0, "excluded_lines": 0, "percent_statements_covered": 100.0, "percent_statements_covered_display": "100"}, "missing_lines": [], "excluded_lines": [], "start_line": 197}, "discover_mcp_tools": {"executed_lines": [206, 207], "summary": {"covered_lines": 2, "num_statements": 2, "percent_covered": 100.0, "percent_covered_display": "100", "missing_lines": 0, "excluded_lines": 0, "percent_statements_covered": 100.0, "percent_statements_covered_display": "100"}, "missing_lines": [], "excluded_lines": [], "start_line": 204}, "discover_mcp_tool_details": {"executed_lines": [215], "summary": {"covered_lines": 1, "num_statements": 1, "percent_covered": 100.0, "percent_covered_display": "100", "missing_lines": 0, "excluded_lines": 0, "percent_statements_covered": 100.0, "percent_statements_covered_display": "100"}, "missing_lines": [], "excluded_lines": [], "start_line": 213}, "discover_mcp_tool_details_with_failures": {"executed_lines": [222], "summary": {"covered_lines": 1, "num_statements": 1, "percent_covered": 100.0, "percent_covered_display": "100", "missing_lines": 0, "excluded_lines": 0, "percent_statements_covered": 100.0, "percent_statements_covered_display": "100"}, "missing_lines": [], "excluded_lines": [], "start_line": 218}, "tool_auto_approved": {"executed_lines": [233, 234, 236, 237], "summary": {"covered_lines": 4, "num_statements": 5, "percent_covered": 80.0, "percent_covered_display": "80", "missing_lines": 1, "excluded_lines": 0, "percent_statements_covered": 80.0, "percent_statements_covered_display": "80"}, "missing_lines": [235], "excluded_lines": [], "start_line": 227}, "mark_tool_auto_approved": {"executed_lines": [246, 247, 248, 249, 250, 251, 252], "summary": {"covered_lines": 7, "num_statements": 7, "percent_covered": 100.0, "percent_covered_display": "100", "missing_lines": 0, "excluded_lines": 0, "percent_statements_covered": 100.0, "percent_statements_covered_display": "100"}, "missing_lines": [], "excluded_lines": [], "start_line": 240}, "MCPToolRunner.__init__": {"executed_lines": [265, 266], "summary": {"covered_lines": 2, "num_statements": 2, "percent_covered": 100.0, "percent_covered_display": "100", "missing_lines": 0, "excluded_lines": 0, "percent_statements_covered": 100.0, "percent_statements_covered_display": "100"}, "missing_lines": [], "excluded_lines": [], "start_line": 258}, "MCPToolRunner._invoke_async": {"executed_lines": [281, 282, 288, 289, 290, 295, 296, 297, 298, 299, 300, 303, 304, 307, 308, 309, 310], "summary": {"covered_lines": 17, "num_statements": 18, "percent_covered": 94.44444444444444, "percent_covered_display": "94", "missing_lines": 1, "excluded_lines": 2, "percent_statements_covered": 94.44444444444444, "percent_statements_covered_display": "94"}, "missing_lines": [291], "excluded_lines": [283, 284], "start_line": 268}, "MCPToolRunner.run": {"executed_lines": [324, 326, 327, 328], "summary": {"covered_lines": 4, "num_statements": 5, "percent_covered": 80.0, "percent_covered_display": "80", "missing_lines": 1, "excluded_lines": 0, "percent_statements_covered": 80.0, "percent_statements_covered_display": "80"}, "missing_lines": [325], "excluded_lines": [], "start_line": 312}, "_prepare_mcp_input": {"executed_lines": [340, 341, 342, 343, 345, 346, 347, 348, 349, 350, 351, 352, 354, 355, 356, 357, 358, 359, 360, 361, 362, 364, 365, 366, 368, 369, 370, 372, 373, 375, 384, 385, 387, 388, 389, 391], "summary": {"covered_lines": 36, "num_statements": 36, "percent_covered": 100.0, "percent_covered_display": "100", "missing_lines": 0, "excluded_lines": 0, "percent_statements_covered": 100.0, "percent_statements_covered_display": "100"}, "missing_lines": [], "excluded_lines": [], "start_line": 331}, "_prepare_mcp_input._wrap_value": {"executed_lines": [376, 377, 378, 379, 380, 381, 382], "summary": {"covered_lines": 7, "num_statements": 7, "percent_covered": 100.0, "percent_covered_display": "100", "missing_lines": 0, "excluded_lines": 0, "percent_statements_covered": 100.0, "percent_statements_covered_display": "100"}, "missing_lines": [], "excluded_lines": [], "start_line": 375}, "": {"executed_lines": [3, 5, 6, 7, 8, 9, 11, 12, 14, 17, 32, 55, 66, 86, 102, 127, 158, 163, 197, 204, 213, 218, 227, 240, 255, 258, 268, 312, 331], "summary": {"covered_lines": 29, "num_statements": 29, "percent_covered": 100.0, "percent_covered_display": "100", "missing_lines": 0, "excluded_lines": 0, "percent_statements_covered": 100.0, "percent_statements_covered_display": "100"}, "missing_lines": [], "excluded_lines": [], "start_line": 1}}, "classes": {"MCPToolRunner": {"executed_lines": [265, 266, 281, 282, 288, 289, 290, 295, 296, 297, 298, 299, 300, 303, 304, 307, 308, 309, 310, 324, 326, 327, 328], "summary": {"covered_lines": 23, "num_statements": 25, "percent_covered": 92.0, "percent_covered_display": "92", "missing_lines": 2, "excluded_lines": 2, "percent_statements_covered": 92.0, "percent_statements_covered_display": "92"}, "missing_lines": [291, 325], "excluded_lines": [283, 284], "start_line": 255}, "": {"executed_lines": [3, 5, 6, 7, 8, 9, 11, 12, 14, 17, 18, 19, 20, 21, 22, 25, 29, 32, 35, 38, 39, 40, 41, 48, 52, 55, 57, 58, 59, 60, 61, 62, 63, 66, 77, 78, 79, 80, 81, 82, 83, 86, 93, 94, 96, 97, 98, 99, 102, 104, 105, 127, 128, 129, 130, 131, 132, 133, 134, 135, 137, 138, 139, 140, 141, 142, 143, 144, 145, 146, 147, 148, 149, 150, 155, 158, 159, 160, 163, 166, 167, 173, 174, 175, 176, 177, 178, 179, 180, 181, 182, 183, 184, 185, 186, 187, 193, 194, 197, 200, 201, 204, 206, 207, 213, 215, 218, 222, 227, 233, 234, 236, 237, 240, 246, 247, 248, 249, 250, 251, 252, 255, 258, 268, 312, 331, 340, 341, 342, 343, 345, 346, 347, 348, 349, 350, 351, 352, 354, 355, 356, 357, 358, 359, 360, 361, 362, 364, 365, 366, 368, 369, 370, 372, 373, 375, 376, 377, 378, 379, 380, 381, 382, 384, 385, 387, 388, 389, 391], "summary": {"covered_lines": 169, "num_statements": 185, "percent_covered": 91.35135135135135, "percent_covered_display": "91", "missing_lines": 16, "excluded_lines": 4, "percent_statements_covered": 91.35135135135135, "percent_statements_covered_display": "91"}, "missing_lines": [95, 106, 107, 108, 110, 111, 113, 114, 115, 119, 120, 121, 122, 123, 124, 235], "excluded_lines": [116, 117, 168, 169], "start_line": 1}}}}, "totals": {"covered_lines": 1811, "num_statements": 2120, "percent_covered": 85.4245283018868, "percent_covered_display": "85", "missing_lines": 309, "excluded_lines": 42, "percent_statements_covered": 85.4245283018868, "percent_statements_covered_display": "85"}}